[ 2016-09-19T09:21:59+08:00 ] 127.0.0.1 /index.php/Home/Index/indexVue?searchKey=undefined
INFO: [ app_init ] --START--
INFO: Run Behavior\BuildLiteBehavior [ RunTime:0.000000s ]
INFO: [ app_init ] --END-- [ RunTime:0.000000s ]
INFO: [ app_begin ] --START--
INFO: Run Behavior\ReadHtmlCacheBehavior [ RunTime:0.001000s ]
INFO: [ app_begin ] --END-- [ RunTime:0.001000s ]
SQL: SHOW COLUMNS FROM `big_ad_pic` [ RunTime:0.0270s ]
SQL: SELECT * FROM `big_ad_pic` LIMIT 0,15   [ RunTime:0.0000s ]
SQL: SHOW COLUMNS FROM `kxzb` [ RunTime:0.0040s ]
SQL: SELECT * FROM `kxzb` ORDER BY id desc LIMIT 0,15   [ RunTime:0.0000s ]
SQL: SHOW COLUMNS FROM `xpzs` [ RunTime:0.0180s ]
SQL: SELECT * FROM `xpzs` ORDER BY id desc LIMIT 0,15   [ RunTime:0.0010s ]
SQL: SHOW COLUMNS FROM `syxh` [ RunTime:0.0040s ]
SQL: SELECT * FROM `syxh` ORDER BY id desc LIMIT 0,15   [ RunTime:0.0000s ]
SQL: SHOW COLUMNS FROM `cwzx` [ RunTime:0.0030s ]
SQL: SELECT * FROM `cwzx` ORDER BY id desc LIMIT 0,15   [ RunTime:0.0010s ]
INFO: [ app_end ] --START--
INFO: Run Behavior\ShowPageTraceBehavior [ RunTime:0.001000s ]
INFO: [ app_end ] --END-- [ RunTime:0.001000s ]

[ 2016-09-19T09:22:02+08:00 ] 127.0.0.1 /index.php/Home/Index/indexVue?searchKey=undefined
INFO: [ app_init ] --START--
INFO: Run Behavior\BuildLiteBehavior [ RunTime:0.000000s ]
INFO: [ app_init ] --END-- [ RunTime:0.001000s ]
INFO: [ app_begin ] --START--
INFO: Run Behavior\ReadHtmlCacheBehavior [ RunTime:0.001000s ]
INFO: [ app_begin ] --END-- [ RunTime:0.001000s ]
SQL: SHOW COLUMNS FROM `big_ad_pic` [ RunTime:0.0030s ]
SQL: SELECT * FROM `big_ad_pic` LIMIT 0,15   [ RunTime:0.0000s ]
SQL: SHOW COLUMNS FROM `kxzb` [ RunTime:0.0030s ]
SQL: SELECT * FROM `kxzb` ORDER BY id desc LIMIT 0,15   [ RunTime:0.0000s ]
SQL: SHOW COLUMNS FROM `xpzs` [ RunTime:0.0030s ]
SQL: SELECT * FROM `xpzs` ORDER BY id desc LIMIT 0,15   [ RunTime:0.0000s ]
SQL: SHOW COLUMNS FROM `syxh` [ RunTime:0.0030s ]
SQL: SELECT * FROM `syxh` ORDER BY id desc LIMIT 0,15   [ RunTime:0.0000s ]
SQL: SHOW COLUMNS FROM `cwzx` [ RunTime:0.0040s ]
SQL: SELECT * FROM `cwzx` ORDER BY id desc LIMIT 0,15   [ RunTime:0.0000s ]
INFO: [ app_end ] --START--
INFO: Run Behavior\ShowPageTraceBehavior [ RunTime:0.001000s ]
INFO: [ app_end ] --END-- [ RunTime:0.001000s ]

[ 2016-09-19T09:22:06+08:00 ] 127.0.0.1 /
INFO: [ app_init ] --START--
INFO: Run Behavior\BuildLiteBehavior [ RunTime:0.000000s ]
INFO: [ app_init ] --END-- [ RunTime:0.001000s ]
INFO: [ app_begin ] --START--
INFO: Run Behavior\ReadHtmlCacheBehavior [ RunTime:0.001000s ]
INFO: [ app_begin ] --END-- [ RunTime:0.001000s ]
SQL: SHOW COLUMNS FROM `big_ad_pic` [ RunTime:0.0030s ]
SQL: SELECT * FROM `big_ad_pic` LIMIT 0,15   [ RunTime:0.0000s ]
SQL: SHOW COLUMNS FROM `kxzb` [ RunTime:0.0020s ]
SQL: SELECT * FROM `kxzb` ORDER BY id desc LIMIT 0,15   [ RunTime:0.0000s ]
SQL: SHOW COLUMNS FROM `xpzs` [ RunTime:0.0030s ]
SQL: SELECT * FROM `xpzs` ORDER BY id desc LIMIT 0,15   [ RunTime:0.0000s ]
SQL: SHOW COLUMNS FROM `syxh` [ RunTime:0.0030s ]
SQL: SELECT * FROM `syxh` ORDER BY id desc LIMIT 0,15   [ RunTime:0.0000s ]
SQL: SHOW COLUMNS FROM `cwzx` [ RunTime:0.0020s ]
SQL: SELECT * FROM `cwzx` ORDER BY id desc LIMIT 0,15   [ RunTime:0.0000s ]
INFO: [ view_parse ] --START--
INFO: [ template_filter ] --START--
INFO: Run Behavior\ContentReplaceBehavior [ RunTime:0.001000s ]
INFO: [ template_filter ] --END-- [ RunTime:0.001000s ]
INFO: Run Behavior\ParseTemplateBehavior [ RunTime:0.045003s ]
INFO: [ view_parse ] --END-- [ RunTime:0.046003s ]
INFO: [ view_filter ] --START--
INFO: Run Behavior\WriteHtmlCacheBehavior [ RunTime:0.005000s ]
INFO: [ view_filter ] --END-- [ RunTime:0.005000s ]
INFO: [ app_end ] --START--
INFO: Run Behavior\ShowPageTraceBehavior [ RunTime:0.001000s ]
INFO: [ app_end ] --END-- [ RunTime:0.001000s ]

[ 2016-09-19T09:23:23+08:00 ] 127.0.0.1 /
INFO: [ app_init ] --START--
INFO: Run Behavior\BuildLiteBehavior [ RunTime:0.000000s ]
INFO: [ app_init ] --END-- [ RunTime:0.002000s ]
INFO: [ app_begin ] --START--
INFO: Run Behavior\ReadHtmlCacheBehavior [ RunTime:0.001000s ]
INFO: [ app_begin ] --END-- [ RunTime:0.001000s ]
SQL: SHOW COLUMNS FROM `big_ad_pic` [ RunTime:0.0030s ]
SQL: SELECT * FROM `big_ad_pic` LIMIT 0,15   [ RunTime:0.0000s ]
SQL: SHOW COLUMNS FROM `kxzb` [ RunTime:0.0030s ]
SQL: SELECT * FROM `kxzb` ORDER BY id desc LIMIT 0,15   [ RunTime:0.0010s ]
SQL: SHOW COLUMNS FROM `xpzs` [ RunTime:0.0040s ]
SQL: SELECT * FROM `xpzs` ORDER BY id desc LIMIT 0,15   [ RunTime:0.0010s ]
SQL: SHOW COLUMNS FROM `syxh` [ RunTime:0.0040s ]
SQL: SELECT * FROM `syxh` ORDER BY id desc LIMIT 0,15   [ RunTime:0.0000s ]
SQL: SHOW COLUMNS FROM `cwzx` [ RunTime:0.0040s ]
SQL: SELECT * FROM `cwzx` ORDER BY id desc LIMIT 0,15   [ RunTime:0.0010s ]
INFO: [ view_parse ] --START--
INFO: [ template_filter ] --START--
INFO: Run Behavior\ContentReplaceBehavior [ RunTime:0.000000s ]
INFO: [ template_filter ] --END-- [ RunTime:0.000000s ]
INFO: Run Behavior\ParseTemplateBehavior [ RunTime:0.019001s ]
INFO: [ view_parse ] --END-- [ RunTime:0.019001s ]
INFO: [ view_filter ] --START--
INFO: Run Behavior\WriteHtmlCacheBehavior [ RunTime:0.000000s ]
INFO: [ view_filter ] --END-- [ RunTime:0.000000s ]
INFO: [ app_end ] --START--
INFO: Run Behavior\ShowPageTraceBehavior [ RunTime:0.000000s ]
INFO: [ app_end ] --END-- [ RunTime:0.001000s ]

[ 2016-09-19T09:25:50+08:00 ] 127.0.0.1 /index.php/Home/Index/getProductsMsgVue?type=cwzx&id=12
INFO: [ app_init ] --START--
INFO: Run Behavior\BuildLiteBehavior [ RunTime:0.001000s ]
INFO: [ app_init ] --END-- [ RunTime:0.002001s ]
INFO: [ app_begin ] --START--
INFO: Run Behavior\ReadHtmlCacheBehavior [ RunTime:0.001000s ]
INFO: [ app_begin ] --END-- [ RunTime:0.001000s ]
SQL: SHOW COLUMNS FROM `big_ad_pic` [ RunTime:0.0030s ]
SQL: SHOW COLUMNS FROM `cwzx` [ RunTime:0.0040s ]
SQL: SELECT * FROM `cwzx` WHERE ( id=12 ) LIMIT 1   [ RunTime:0.0000s ]
INFO: [ app_end ] --START--
INFO: Run Behavior\ShowPageTraceBehavior [ RunTime:0.000000s ]
INFO: [ app_end ] --END-- [ RunTime:0.000000s ]

[ 2016-09-19T09:25:55+08:00 ] 127.0.0.1 /index.php/Home/Index/getProductsMsgVue?type=cwzx&id=9
INFO: [ app_init ] --START--
INFO: Run Behavior\BuildLiteBehavior [ RunTime:0.000000s ]
INFO: [ app_init ] --END-- [ RunTime:0.001000s ]
INFO: [ app_begin ] --START--
INFO: Run Behavior\ReadHtmlCacheBehavior [ RunTime:0.000000s ]
INFO: [ app_begin ] --END-- [ RunTime:0.000000s ]
SQL: SHOW COLUMNS FROM `big_ad_pic` [ RunTime:0.0040s ]
SQL: SHOW COLUMNS FROM `cwzx` [ RunTime:0.0030s ]
SQL: SELECT * FROM `cwzx` WHERE ( id=9 ) LIMIT 1   [ RunTime:0.0000s ]
INFO: [ app_end ] --START--
INFO: Run Behavior\ShowPageTraceBehavior [ RunTime:0.001000s ]
INFO: [ app_end ] --END-- [ RunTime:0.001000s ]

[ 2016-09-19T09:26:52+08:00 ] 127.0.0.1 /index.php/Home/Index/indexVue?searchKey=undefined
INFO: [ app_init ] --START--
INFO: Run Behavior\BuildLiteBehavior [ RunTime:0.000000s ]
INFO: [ app_init ] --END-- [ RunTime:0.000000s ]
INFO: [ app_begin ] --START--
INFO: Run Behavior\ReadHtmlCacheBehavior [ RunTime:0.001000s ]
INFO: [ app_begin ] --END-- [ RunTime:0.001000s ]
SQL: SHOW COLUMNS FROM `big_ad_pic` [ RunTime:0.0050s ]
SQL: SELECT * FROM `big_ad_pic` LIMIT 0,15   [ RunTime:0.0000s ]
SQL: SHOW COLUMNS FROM `kxzb` [ RunTime:0.0030s ]
SQL: SELECT * FROM `kxzb` ORDER BY id desc LIMIT 0,15   [ RunTime:0.0000s ]
SQL: SHOW COLUMNS FROM `xpzs` [ RunTime:0.0040s ]
SQL: SELECT * FROM `xpzs` ORDER BY id desc LIMIT 0,15   [ RunTime:0.0010s ]
SQL: SHOW COLUMNS FROM `syxh` [ RunTime:0.0030s ]
SQL: SELECT * FROM `syxh` ORDER BY id desc LIMIT 0,15   [ RunTime:0.0000s ]
SQL: SHOW COLUMNS FROM `cwzx` [ RunTime:0.0030s ]
SQL: SELECT * FROM `cwzx` ORDER BY id desc LIMIT 0,15   [ RunTime:0.0000s ]
INFO: [ app_end ] --START--
INFO: Run Behavior\ShowPageTraceBehavior [ RunTime:0.001000s ]
INFO: [ app_end ] --END-- [ RunTime:0.001000s ]

[ 2016-09-19T09:27:30+08:00 ] 127.0.0.1 /index.php/Home/Index/indexVue?searchKey=undefined
INFO: [ app_init ] --START--
INFO: Run Behavior\BuildLiteBehavior [ RunTime:0.000000s ]
INFO: [ app_init ] --END-- [ RunTime:0.001001s ]
INFO: [ app_begin ] --START--
INFO: Run Behavior\ReadHtmlCacheBehavior [ RunTime:0.000000s ]
INFO: [ app_begin ] --END-- [ RunTime:0.001000s ]
SQL: SHOW COLUMNS FROM `big_ad_pic` [ RunTime:0.0030s ]
SQL: SELECT * FROM `big_ad_pic` LIMIT 0,15   [ RunTime:0.0000s ]
SQL: SHOW COLUMNS FROM `kxzb` [ RunTime:0.0030s ]
SQL: SELECT * FROM `kxzb` ORDER BY id desc LIMIT 0,15   [ RunTime:0.0000s ]
SQL: SHOW COLUMNS FROM `xpzs` [ RunTime:0.0040s ]
SQL: SELECT * FROM `xpzs` ORDER BY id desc LIMIT 0,15   [ RunTime:0.0010s ]
SQL: SHOW COLUMNS FROM `syxh` [ RunTime:0.0030s ]
SQL: SELECT * FROM `syxh` ORDER BY id desc LIMIT 0,15   [ RunTime:0.0000s ]
SQL: SHOW COLUMNS FROM `cwzx` [ RunTime:0.0030s ]
SQL: SELECT * FROM `cwzx` ORDER BY id desc LIMIT 0,15   [ RunTime:0.0000s ]
INFO: [ app_end ] --START--
INFO: Run Behavior\ShowPageTraceBehavior [ RunTime:0.001000s ]
INFO: [ app_end ] --END-- [ RunTime:0.001000s ]

[ 2016-09-19T10:09:38+08:00 ] 127.0.0.1 /index.php/Home/Index/getProductsMsgVue?type=cwzx&id=14
INFO: [ app_init ] --START--
INFO: Run Behavior\BuildLiteBehavior [ RunTime:0.000000s ]
INFO: [ app_init ] --END-- [ RunTime:0.001000s ]
INFO: [ app_begin ] --START--
INFO: Run Behavior\ReadHtmlCacheBehavior [ RunTime:0.001000s ]
INFO: [ app_begin ] --END-- [ RunTime:0.001000s ]
SQL: SHOW COLUMNS FROM `big_ad_pic` [ RunTime:0.0030s ]
SQL: SHOW COLUMNS FROM `cwzx` [ RunTime:0.0020s ]
SQL: SELECT * FROM `cwzx` WHERE ( id=14 ) LIMIT 1   [ RunTime:0.0000s ]
INFO: [ app_end ] --START--
INFO: Run Behavior\ShowPageTraceBehavior [ RunTime:0.001000s ]
INFO: [ app_end ] --END-- [ RunTime:0.001000s ]

[ 2016-09-19T10:10:12+08:00 ] 127.0.0.1 /index.php/Home/Index/getProductsMsgVue?type=cwzx&id=9
INFO: [ app_init ] --START--
INFO: Run Behavior\BuildLiteBehavior [ RunTime:0.000000s ]
INFO: [ app_init ] --END-- [ RunTime:0.001000s ]
INFO: [ app_begin ] --START--
INFO: Run Behavior\ReadHtmlCacheBehavior [ RunTime:0.000000s ]
INFO: [ app_begin ] --END-- [ RunTime:0.001000s ]
SQL: SHOW COLUMNS FROM `big_ad_pic` [ RunTime:0.0040s ]
SQL: SHOW COLUMNS FROM `cwzx` [ RunTime:0.0030s ]
SQL: SELECT * FROM `cwzx` WHERE ( id=9 ) LIMIT 1   [ RunTime:0.0010s ]
INFO: [ app_end ] --START--
INFO: Run Behavior\ShowPageTraceBehavior [ RunTime:0.000000s ]
INFO: [ app_end ] --END-- [ RunTime:0.000000s ]

[ 2016-09-19T10:10:15+08:00 ] 127.0.0.1 /index.php/Home/Index/getProductsMsgVue?type=kxzb&id=18
INFO: [ app_init ] --START--
INFO: Run Behavior\BuildLiteBehavior [ RunTime:0.000000s ]
INFO: [ app_init ] --END-- [ RunTime:0.001000s ]
INFO: [ app_begin ] --START--
INFO: Run Behavior\ReadHtmlCacheBehavior [ RunTime:0.001000s ]
INFO: [ app_begin ] --END-- [ RunTime:0.001000s ]
SQL: SHOW COLUMNS FROM `big_ad_pic` [ RunTime:0.0040s ]
SQL: SHOW COLUMNS FROM `kxzb` [ RunTime:0.0040s ]
SQL: SELECT * FROM `kxzb` WHERE ( id=18 ) LIMIT 1   [ RunTime:0.0000s ]
INFO: [ app_end ] --START--
INFO: Run Behavior\ShowPageTraceBehavior [ RunTime:0.001000s ]
INFO: [ app_end ] --END-- [ RunTime:0.001000s ]

[ 2016-09-19T10:10:19+08:00 ] 127.0.0.1 /index.php/Home/Index/getProductsMsgVue?type=kxzb&id=14
INFO: [ app_init ] --START--
INFO: Run Behavior\BuildLiteBehavior [ RunTime:0.000000s ]
INFO: [ app_init ] --END-- [ RunTime:0.001000s ]
INFO: [ app_begin ] --START--
INFO: Run Behavior\ReadHtmlCacheBehavior [ RunTime:0.001000s ]
INFO: [ app_begin ] --END-- [ RunTime:0.001000s ]
SQL: SHOW COLUMNS FROM `big_ad_pic` [ RunTime:0.0040s ]
SQL: SHOW COLUMNS FROM `kxzb` [ RunTime:0.0040s ]
SQL: SELECT * FROM `kxzb` WHERE ( id=14 ) LIMIT 1   [ RunTime:0.0000s ]
INFO: [ app_end ] --START--
INFO: Run Behavior\ShowPageTraceBehavior [ RunTime:0.001000s ]
INFO: [ app_end ] --END-- [ RunTime:0.001000s ]

[ 2016-09-19T10:11:10+08:00 ] 127.0.0.1 /index.php/Home/Index/getProductsMsgVue?type=kxzb&id=13
INFO: [ app_init ] --START--
INFO: Run Behavior\BuildLiteBehavior [ RunTime:0.000000s ]
INFO: [ app_init ] --END-- [ RunTime:0.000000s ]
INFO: [ app_begin ] --START--
INFO: Run Behavior\ReadHtmlCacheBehavior [ RunTime:0.001000s ]
INFO: [ app_begin ] --END-- [ RunTime:0.001000s ]
SQL: SHOW COLUMNS FROM `big_ad_pic` [ RunTime:0.0030s ]
SQL: SHOW COLUMNS FROM `kxzb` [ RunTime:0.0030s ]
SQL: SELECT * FROM `kxzb` WHERE ( id=13 ) LIMIT 1   [ RunTime:0.0000s ]
INFO: [ app_end ] --START--
INFO: Run Behavior\ShowPageTraceBehavior [ RunTime:0.001000s ]
INFO: [ app_end ] --END-- [ RunTime:0.001000s ]

[ 2016-09-19T10:30:16+08:00 ] 127.0.0.1 /index.php/Home/Index/indexVue?searchKey=undefined
INFO: [ app_init ] --START--
INFO: Run Behavior\BuildLiteBehavior [ RunTime:0.000000s ]
INFO: [ app_init ] --END-- [ RunTime:0.000000s ]
INFO: [ app_begin ] --START--
INFO: Run Behavior\ReadHtmlCacheBehavior [ RunTime:0.001000s ]
INFO: [ app_begin ] --END-- [ RunTime:0.001000s ]
SQL: SHOW COLUMNS FROM `big_ad_pic` [ RunTime:0.0090s ]
SQL: SELECT * FROM `big_ad_pic` LIMIT 0,15   [ RunTime:0.0010s ]
SQL: SHOW COLUMNS FROM `kxzb` [ RunTime:0.0030s ]
SQL: SELECT * FROM `kxzb` ORDER BY id desc LIMIT 0,15   [ RunTime:0.0000s ]
SQL: SHOW COLUMNS FROM `xpzs` [ RunTime:0.0050s ]
SQL: SELECT * FROM `xpzs` ORDER BY id desc LIMIT 0,15   [ RunTime:0.0000s ]
SQL: SHOW COLUMNS FROM `syxh` [ RunTime:0.0030s ]
SQL: SELECT * FROM `syxh` ORDER BY id desc LIMIT 0,15   [ RunTime:0.0000s ]
SQL: SHOW COLUMNS FROM `cwzx` [ RunTime:0.0030s ]
SQL: SELECT * FROM `cwzx` ORDER BY id desc LIMIT 0,15   [ RunTime:0.0000s ]
INFO: [ app_end ] --START--
INFO: Run Behavior\ShowPageTraceBehavior [ RunTime:0.000000s ]
INFO: [ app_end ] --END-- [ RunTime:0.000000s ]

[ 2016-09-19T10:30:20+08:00 ] 127.0.0.1 /index.php/Home/Index/indexVue?searchKey=undefined
INFO: [ app_init ] --START--
INFO: Run Behavior\BuildLiteBehavior [ RunTime:0.000000s ]
INFO: [ app_init ] --END-- [ RunTime:0.001001s ]
INFO: [ app_begin ] --START--
INFO: Run Behavior\ReadHtmlCacheBehavior [ RunTime:0.000000s ]
INFO: [ app_begin ] --END-- [ RunTime:0.000000s ]
SQL: SHOW COLUMNS FROM `big_ad_pic` [ RunTime:0.0040s ]
SQL: SELECT * FROM `big_ad_pic` LIMIT 0,15   [ RunTime:0.0010s ]
SQL: SHOW COLUMNS FROM `kxzb` [ RunTime:0.0030s ]
SQL: SELECT * FROM `kxzb` ORDER BY id desc LIMIT 0,15   [ RunTime:0.0000s ]
SQL: SHOW COLUMNS FROM `xpzs` [ RunTime:0.0040s ]
SQL: SELECT * FROM `xpzs` ORDER BY id desc LIMIT 0,15   [ RunTime:0.0000s ]
SQL: SHOW COLUMNS FROM `syxh` [ RunTime:0.0030s ]
SQL: SELECT * FROM `syxh` ORDER BY id desc LIMIT 0,15   [ RunTime:0.0000s ]
SQL: SHOW COLUMNS FROM `cwzx` [ RunTime:0.0030s ]
SQL: SELECT * FROM `cwzx` ORDER BY id desc LIMIT 0,15   [ RunTime:0.0000s ]
INFO: [ app_end ] --START--
INFO: Run Behavior\ShowPageTraceBehavior [ RunTime:0.000000s ]
INFO: [ app_end ] --END-- [ RunTime:0.000000s ]

[ 2016-09-19T10:30:25+08:00 ] 127.0.0.1 /index.php/Home/Index/indexVue?searchKey=undefined
INFO: [ app_init ] --START--
INFO: Run Behavior\BuildLiteBehavior [ RunTime:0.000000s ]
INFO: [ app_init ] --END-- [ RunTime:0.000000s ]
INFO: [ app_begin ] --START--
INFO: Run Behavior\ReadHtmlCacheBehavior [ RunTime:0.000000s ]
INFO: [ app_begin ] --END-- [ RunTime:0.000000s ]
SQL: SHOW COLUMNS FROM `big_ad_pic` [ RunTime:0.0040s ]
SQL: SELECT * FROM `big_ad_pic` LIMIT 0,15   [ RunTime:0.0000s ]
SQL: SHOW COLUMNS FROM `kxzb` [ RunTime:0.0040s ]
SQL: SELECT * FROM `kxzb` ORDER BY id desc LIMIT 0,15   [ RunTime:0.0000s ]
SQL: SHOW COLUMNS FROM `xpzs` [ RunTime:0.0030s ]
SQL: SELECT * FROM `xpzs` ORDER BY id desc LIMIT 0,15   [ RunTime:0.0000s ]
SQL: SHOW COLUMNS FROM `syxh` [ RunTime:0.0040s ]
SQL: SELECT * FROM `syxh` ORDER BY id desc LIMIT 0,15   [ RunTime:0.0010s ]
SQL: SHOW COLUMNS FROM `cwzx` [ RunTime:0.0040s ]
SQL: SELECT * FROM `cwzx` ORDER BY id desc LIMIT 0,15   [ RunTime:0.0010s ]
INFO: [ app_end ] --START--
INFO: Run Behavior\ShowPageTraceBehavior [ RunTime:0.001000s ]
INFO: [ app_end ] --END-- [ RunTime:0.001000s ]

[ 2016-09-19T10:31:25+08:00 ] 127.0.0.1 /index.php/Home/Index/indexVue?searchKey=undefined
INFO: [ app_init ] --START--
INFO: Run Behavior\BuildLiteBehavior [ RunTime:0.000000s ]
INFO: [ app_init ] --END-- [ RunTime:0.001000s ]
INFO: [ app_begin ] --START--
INFO: Run Behavior\ReadHtmlCacheBehavior [ RunTime:0.001000s ]
INFO: [ app_begin ] --END-- [ RunTime:0.001000s ]
SQL: SHOW COLUMNS FROM `big_ad_pic` [ RunTime:0.0030s ]
SQL: SELECT * FROM `big_ad_pic` LIMIT 0,15   [ RunTime:0.0000s ]
SQL: SHOW COLUMNS FROM `kxzb` [ RunTime:0.0030s ]
SQL: SELECT * FROM `kxzb` ORDER BY id desc LIMIT 0,15   [ RunTime:0.0000s ]
SQL: SHOW COLUMNS FROM `xpzs` [ RunTime:0.0030s ]
SQL: SELECT * FROM `xpzs` ORDER BY id desc LIMIT 0,15   [ RunTime:0.0000s ]
SQL: SHOW COLUMNS FROM `syxh` [ RunTime:0.0040s ]
SQL: SELECT * FROM `syxh` ORDER BY id desc LIMIT 0,15   [ RunTime:0.0000s ]
SQL: SHOW COLUMNS FROM `cwzx` [ RunTime:0.0020s ]
SQL: SELECT * FROM `cwzx` ORDER BY id desc LIMIT 0,15   [ RunTime:0.0000s ]
INFO: [ app_end ] --START--
INFO: Run Behavior\ShowPageTraceBehavior [ RunTime:0.001000s ]
INFO: [ app_end ] --END-- [ RunTime:0.001000s ]

[ 2016-09-19T10:44:20+08:00 ] 127.0.0.1 /index.php/Home/Index/getProductsMsgVue?type=cwzx&id=4
INFO: [ app_init ] --START--
INFO: Run Behavior\BuildLiteBehavior [ RunTime:0.000000s ]
INFO: [ app_init ] --END-- [ RunTime:0.001000s ]
INFO: [ app_begin ] --START--
INFO: Run Behavior\ReadHtmlCacheBehavior [ RunTime:0.001000s ]
INFO: [ app_begin ] --END-- [ RunTime:0.001000s ]
SQL: SHOW COLUMNS FROM `big_ad_pic` [ RunTime:0.0000s ]
SQL: SHOW COLUMNS FROM `cwzx` [ RunTime:0.0000s ]
SQL: SELECT * FROM `cwzx` WHERE ( id=4 ) LIMIT 1   [ RunTime:0.0000s ]
INFO: [ app_end ] --START--
INFO: Run Behavior\ShowPageTraceBehavior [ RunTime:0.000000s ]
INFO: [ app_end ] --END-- [ RunTime:0.000000s ]

[ 2016-09-19T10:48:38+08:00 ] 127.0.0.1 /index.php/Home/Index/getProductsMsgVue?type=cwzx&id=13
INFO: [ app_init ] --START--
INFO: Run Behavior\BuildLiteBehavior [ RunTime:0.000000s ]
INFO: [ app_init ] --END-- [ RunTime:0.001000s ]
INFO: [ app_begin ] --START--
INFO: Run Behavior\ReadHtmlCacheBehavior [ RunTime:0.002001s ]
INFO: [ app_begin ] --END-- [ RunTime:0.002001s ]
SQL: SHOW COLUMNS FROM `big_ad_pic` [ RunTime:0.0000s ]
SQL: SHOW COLUMNS FROM `cwzx` [ RunTime:0.0000s ]
SQL: SELECT * FROM `cwzx` WHERE ( id=13 ) LIMIT 1   [ RunTime:0.0000s ]
INFO: [ app_end ] --START--
INFO: Run Behavior\ShowPageTraceBehavior [ RunTime:0.000000s ]
INFO: [ app_end ] --END-- [ RunTime:0.000000s ]

[ 2016-09-19T10:53:02+08:00 ] 127.0.0.1 /index.php/Home/Index/getProductsMsgVue?type=cwzx&id=8
INFO: [ app_init ] --START--
INFO: Run Behavior\BuildLiteBehavior [ RunTime:0.000000s ]
INFO: [ app_init ] --END-- [ RunTime:0.000000s ]
INFO: [ app_begin ] --START--
INFO: Run Behavior\ReadHtmlCacheBehavior [ RunTime:0.001000s ]
INFO: [ app_begin ] --END-- [ RunTime:0.001000s ]
SQL: SHOW COLUMNS FROM `big_ad_pic` [ RunTime:0.0000s ]
SQL: SHOW COLUMNS FROM `cwzx` [ RunTime:0.0100s ]
SQL: SELECT * FROM `cwzx` WHERE ( id=8 ) LIMIT 1   [ RunTime:0.0000s ]
INFO: [ app_end ] --START--
INFO: Run Behavior\ShowPageTraceBehavior [ RunTime:0.000000s ]
INFO: [ app_end ] --END-- [ RunTime:0.000000s ]

[ 2016-09-19T10:53:19+08:00 ] 127.0.0.1 /index.php/Home/Index/indexVue?searchKey=undefined
INFO: [ app_init ] --START--
INFO: Run Behavior\BuildLiteBehavior [ RunTime:0.001000s ]
INFO: [ app_init ] --END-- [ RunTime:0.001000s ]
INFO: [ app_begin ] --START--
INFO: Run Behavior\ReadHtmlCacheBehavior [ RunTime:0.001000s ]
INFO: [ app_begin ] --END-- [ RunTime:0.001000s ]
SQL: SHOW COLUMNS FROM `big_ad_pic` [ RunTime:0.0030s ]
SQL: SELECT * FROM `big_ad_pic` LIMIT 0,15   [ RunTime:0.0000s ]
SQL: SHOW COLUMNS FROM `kxzb` [ RunTime:0.0030s ]
SQL: SELECT * FROM `kxzb` ORDER BY id desc LIMIT 0,15   [ RunTime:0.0000s ]
SQL: SHOW COLUMNS FROM `xpzs` [ RunTime:0.0040s ]
SQL: SELECT * FROM `xpzs` ORDER BY id desc LIMIT 0,15   [ RunTime:0.0010s ]
SQL: SHOW COLUMNS FROM `syxh` [ RunTime:0.0030s ]
SQL: SELECT * FROM `syxh` ORDER BY id desc LIMIT 0,15   [ RunTime:0.0010s ]
SQL: SHOW COLUMNS FROM `cwzx` [ RunTime:0.0030s ]
SQL: SELECT * FROM `cwzx` ORDER BY id desc LIMIT 0,15   [ RunTime:0.0000s ]
INFO: [ app_end ] --START--
INFO: Run Behavior\ShowPageTraceBehavior [ RunTime:0.000000s ]
INFO: [ app_end ] --END-- [ RunTime:0.000000s ]

[ 2016-09-19T10:54:40+08:00 ] 127.0.0.1 /index.php/Home/Index/indexVue?searchKey=undefined
INFO: [ app_init ] --START--
INFO: Run Behavior\BuildLiteBehavior [ RunTime:0.000000s ]
INFO: [ app_init ] --END-- [ RunTime:0.001000s ]
INFO: [ app_begin ] --START--
INFO: Run Behavior\ReadHtmlCacheBehavior [ RunTime:0.000000s ]
INFO: [ app_begin ] --END-- [ RunTime:0.000000s ]
SQL: SHOW COLUMNS FROM `big_ad_pic` [ RunTime:0.0040s ]
SQL: SELECT * FROM `big_ad_pic` LIMIT 0,15   [ RunTime:0.0010s ]
SQL: SHOW COLUMNS FROM `kxzb` [ RunTime:0.0030s ]
SQL: SELECT * FROM `kxzb` ORDER BY id desc LIMIT 0,15   [ RunTime:0.0010s ]
SQL: SHOW COLUMNS FROM `xpzs` [ RunTime:0.0040s ]
SQL: SELECT * FROM `xpzs` ORDER BY id desc LIMIT 0,15   [ RunTime:0.0000s ]
SQL: SHOW COLUMNS FROM `syxh` [ RunTime:0.0030s ]
SQL: SELECT * FROM `syxh` ORDER BY id desc LIMIT 0,15   [ RunTime:0.0010s ]
SQL: SHOW COLUMNS FROM `cwzx` [ RunTime:0.0050s ]
SQL: SELECT * FROM `cwzx` ORDER BY id desc LIMIT 0,15   [ RunTime:0.0010s ]
INFO: [ app_end ] --START--
INFO: Run Behavior\ShowPageTraceBehavior [ RunTime:0.001000s ]
INFO: [ app_end ] --END-- [ RunTime:0.001000s ]

[ 2016-09-19T10:55:12+08:00 ] 127.0.0.1 /index.php/Home/Index/indexVue?searchKey=undefined
INFO: [ app_init ] --START--
INFO: Run Behavior\BuildLiteBehavior [ RunTime:0.000000s ]
INFO: [ app_init ] --END-- [ RunTime:0.000000s ]
INFO: [ app_begin ] --START--
INFO: Run Behavior\ReadHtmlCacheBehavior [ RunTime:0.000000s ]
INFO: [ app_begin ] --END-- [ RunTime:0.001000s ]
SQL: SHOW COLUMNS FROM `big_ad_pic` [ RunTime:0.0030s ]
SQL: SELECT * FROM `big_ad_pic` LIMIT 0,15   [ RunTime:0.0000s ]
SQL: SHOW COLUMNS FROM `kxzb` [ RunTime:0.0030s ]
SQL: SELECT * FROM `kxzb` ORDER BY id desc LIMIT 0,15   [ RunTime:0.0000s ]
SQL: SHOW COLUMNS FROM `xpzs` [ RunTime:0.0030s ]
SQL: SELECT * FROM `xpzs` ORDER BY id desc LIMIT 0,15   [ RunTime:0.0000s ]
SQL: SHOW COLUMNS FROM `syxh` [ RunTime:0.0030s ]
SQL: SELECT * FROM `syxh` ORDER BY id desc LIMIT 0,15   [ RunTime:0.0000s ]
SQL: SHOW COLUMNS FROM `cwzx` [ RunTime:0.0030s ]
SQL: SELECT * FROM `cwzx` ORDER BY id desc LIMIT 0,15   [ RunTime:0.0010s ]
INFO: [ app_end ] --START--
INFO: Run Behavior\ShowPageTraceBehavior [ RunTime:0.001000s ]
INFO: [ app_end ] --END-- [ RunTime:0.001000s ]

[ 2016-09-19T10:55:50+08:00 ] 127.0.0.1 /index.php/Home/Index/indexVue?searchKey=undefined
INFO: [ app_init ] --START--
INFO: Run Behavior\BuildLiteBehavior [ RunTime:0.000000s ]
INFO: [ app_init ] --END-- [ RunTime:0.000000s ]
INFO: [ app_begin ] --START--
INFO: Run Behavior\ReadHtmlCacheBehavior [ RunTime:0.000000s ]
INFO: [ app_begin ] --END-- [ RunTime:0.000000s ]
SQL: SHOW COLUMNS FROM `big_ad_pic` [ RunTime:0.0040s ]
SQL: SELECT * FROM `big_ad_pic` LIMIT 0,15   [ RunTime:0.0000s ]
SQL: SHOW COLUMNS FROM `kxzb` [ RunTime:0.0030s ]
SQL: SELECT * FROM `kxzb` ORDER BY id desc LIMIT 0,15   [ RunTime:0.0000s ]
SQL: SHOW COLUMNS FROM `xpzs` [ RunTime:0.0040s ]
SQL: SELECT * FROM `xpzs` ORDER BY id desc LIMIT 0,15   [ RunTime:0.0010s ]
SQL: SHOW COLUMNS FROM `syxh` [ RunTime:0.0030s ]
SQL: SELECT * FROM `syxh` ORDER BY id desc LIMIT 0,15   [ RunTime:0.0010s ]
SQL: SHOW COLUMNS FROM `cwzx` [ RunTime:0.0040s ]
SQL: SELECT * FROM `cwzx` ORDER BY id desc LIMIT 0,15   [ RunTime:0.0010s ]
INFO: [ app_end ] --START--
INFO: Run Behavior\ShowPageTraceBehavior [ RunTime:0.001000s ]
INFO: [ app_end ] --END-- [ RunTime:0.001000s ]

[ 2016-09-19T10:56:09+08:00 ] 127.0.0.1 /index.php/Home/Index/indexVue?searchKey=undefined
INFO: [ app_init ] --START--
INFO: Run Behavior\BuildLiteBehavior [ RunTime:0.000000s ]
INFO: [ app_init ] --END-- [ RunTime:0.000000s ]
INFO: [ app_begin ] --START--
INFO: Run Behavior\ReadHtmlCacheBehavior [ RunTime:0.001000s ]
INFO: [ app_begin ] --END-- [ RunTime:0.001000s ]
SQL: SHOW COLUMNS FROM `big_ad_pic` [ RunTime:0.0030s ]
SQL: SELECT * FROM `big_ad_pic` LIMIT 0,15   [ RunTime:0.0000s ]
SQL: SHOW COLUMNS FROM `kxzb` [ RunTime:0.0040s ]
SQL: SELECT * FROM `kxzb` ORDER BY id desc LIMIT 0,15   [ RunTime:0.0000s ]
SQL: SHOW COLUMNS FROM `xpzs` [ RunTime:0.0020s ]
SQL: SELECT * FROM `xpzs` ORDER BY id desc LIMIT 0,15   [ RunTime:0.0000s ]
SQL: SHOW COLUMNS FROM `syxh` [ RunTime:0.0030s ]
SQL: SELECT * FROM `syxh` ORDER BY id desc LIMIT 0,15   [ RunTime:0.0000s ]
SQL: SHOW COLUMNS FROM `cwzx` [ RunTime:0.0030s ]
SQL: SELECT * FROM `cwzx` ORDER BY id desc LIMIT 0,15   [ RunTime:0.0000s ]
INFO: [ app_end ] --START--
INFO: Run Behavior\ShowPageTraceBehavior [ RunTime:0.000000s ]
INFO: [ app_end ] --END-- [ RunTime:0.001000s ]

[ 2016-09-19T10:56:32+08:00 ] 127.0.0.1 /index.php/Home/Index/indexVue?searchKey=undefined
INFO: [ app_init ] --START--
INFO: Run Behavior\BuildLiteBehavior [ RunTime:0.000000s ]
INFO: [ app_init ] --END-- [ RunTime:0.001000s ]
INFO: [ app_begin ] --START--
INFO: Run Behavior\ReadHtmlCacheBehavior [ RunTime:0.000000s ]
INFO: [ app_begin ] --END-- [ RunTime:0.000000s ]
SQL: SHOW COLUMNS FROM `big_ad_pic` [ RunTime:0.0030s ]
SQL: SELECT * FROM `big_ad_pic` LIMIT 0,15   [ RunTime:0.0000s ]
SQL: SHOW COLUMNS FROM `kxzb` [ RunTime:0.0030s ]
SQL: SELECT * FROM `kxzb` ORDER BY id desc LIMIT 0,15   [ RunTime:0.0000s ]
SQL: SHOW COLUMNS FROM `xpzs` [ RunTime:0.0040s ]
SQL: SELECT * FROM `xpzs` ORDER BY id desc LIMIT 0,15   [ RunTime:0.0000s ]
SQL: SHOW COLUMNS FROM `syxh` [ RunTime:0.0030s ]
SQL: SELECT * FROM `syxh` ORDER BY id desc LIMIT 0,15   [ RunTime:0.0020s ]
SQL: SHOW COLUMNS FROM `cwzx` [ RunTime:0.0030s ]
SQL: SELECT * FROM `cwzx` ORDER BY id desc LIMIT 0,15   [ RunTime:0.0000s ]
INFO: [ app_end ] --START--
INFO: Run Behavior\ShowPageTraceBehavior [ RunTime:0.000000s ]
INFO: [ app_end ] --END-- [ RunTime:0.001000s ]

[ 2016-09-19T10:56:55+08:00 ] 127.0.0.1 /index.php/Home/Index/indexVue?searchKey=undefined
INFO: [ app_init ] --START--
INFO: Run Behavior\BuildLiteBehavior [ RunTime:0.000000s ]
INFO: [ app_init ] --END-- [ RunTime:0.001000s ]
INFO: [ app_begin ] --START--
INFO: Run Behavior\ReadHtmlCacheBehavior [ RunTime:0.000000s ]
INFO: [ app_begin ] --END-- [ RunTime:0.001000s ]
SQL: SHOW COLUMNS FROM `big_ad_pic` [ RunTime:0.0030s ]
SQL: SELECT * FROM `big_ad_pic` LIMIT 0,15   [ RunTime:0.0000s ]
SQL: SHOW COLUMNS FROM `kxzb` [ RunTime:0.0040s ]
SQL: SELECT * FROM `kxzb` ORDER BY id desc LIMIT 0,15   [ RunTime:0.0000s ]
SQL: SHOW COLUMNS FROM `xpzs` [ RunTime:0.0020s ]
SQL: SELECT * FROM `xpzs` ORDER BY id desc LIMIT 0,15   [ RunTime:0.0000s ]
SQL: SHOW COLUMNS FROM `syxh` [ RunTime:0.0030s ]
SQL: SELECT * FROM `syxh` ORDER BY id desc LIMIT 0,15   [ RunTime:0.0000s ]
SQL: SHOW COLUMNS FROM `cwzx` [ RunTime:0.0030s ]
SQL: SELECT * FROM `cwzx` ORDER BY id desc LIMIT 0,15   [ RunTime:0.0000s ]
INFO: [ app_end ] --START--
INFO: Run Behavior\ShowPageTraceBehavior [ RunTime:0.000000s ]
INFO: [ app_end ] --END-- [ RunTime:0.000000s ]

[ 2016-09-19T10:57:09+08:00 ] 127.0.0.1 /index.php/Home/Index/indexVue?searchKey=undefined
INFO: [ app_init ] --START--
INFO: Run Behavior\BuildLiteBehavior [ RunTime:0.000000s ]
INFO: [ app_init ] --END-- [ RunTime:0.001000s ]
INFO: [ app_begin ] --START--
INFO: Run Behavior\ReadHtmlCacheBehavior [ RunTime:0.000000s ]
INFO: [ app_begin ] --END-- [ RunTime:0.000000s ]
SQL: SHOW COLUMNS FROM `big_ad_pic` [ RunTime:0.0030s ]
SQL: SELECT * FROM `big_ad_pic` LIMIT 0,15   [ RunTime:0.0000s ]
SQL: SHOW COLUMNS FROM `kxzb` [ RunTime:0.0040s ]
SQL: SELECT * FROM `kxzb` ORDER BY id desc LIMIT 0,15   [ RunTime:0.0000s ]
SQL: SHOW COLUMNS FROM `xpzs` [ RunTime:0.0040s ]
SQL: SELECT * FROM `xpzs` ORDER BY id desc LIMIT 0,15   [ RunTime:0.0000s ]
SQL: SHOW COLUMNS FROM `syxh` [ RunTime:0.0030s ]
SQL: SELECT * FROM `syxh` ORDER BY id desc LIMIT 0,15   [ RunTime:0.0010s ]
SQL: SHOW COLUMNS FROM `cwzx` [ RunTime:0.0030s ]
SQL: SELECT * FROM `cwzx` ORDER BY id desc LIMIT 0,15   [ RunTime:0.0000s ]
INFO: [ app_end ] --START--
INFO: Run Behavior\ShowPageTraceBehavior [ RunTime:0.000000s ]
INFO: [ app_end ] --END-- [ RunTime:0.000000s ]

[ 2016-09-19T10:57:21+08:00 ] 127.0.0.1 /index.php/Home/Index/indexVue?searchKey=undefined
INFO: [ app_init ] --START--
INFO: Run Behavior\BuildLiteBehavior [ RunTime:0.000000s ]
INFO: [ app_init ] --END-- [ RunTime:0.000000s ]
INFO: [ app_begin ] --START--
INFO: Run Behavior\ReadHtmlCacheBehavior [ RunTime:0.000000s ]
INFO: [ app_begin ] --END-- [ RunTime:0.000000s ]
SQL: SHOW COLUMNS FROM `big_ad_pic` [ RunTime:0.0030s ]
SQL: SELECT * FROM `big_ad_pic` LIMIT 0,15   [ RunTime:0.0000s ]
SQL: SHOW COLUMNS FROM `kxzb` [ RunTime:0.0040s ]
SQL: SELECT * FROM `kxzb` ORDER BY id desc LIMIT 0,15   [ RunTime:0.0000s ]
SQL: SHOW COLUMNS FROM `xpzs` [ RunTime:0.0030s ]
SQL: SELECT * FROM `xpzs` ORDER BY id desc LIMIT 0,15   [ RunTime:0.0030s ]
SQL: SHOW COLUMNS FROM `syxh` [ RunTime:0.0040s ]
SQL: SELECT * FROM `syxh` ORDER BY id desc LIMIT 0,15   [ RunTime:0.0010s ]
SQL: SHOW COLUMNS FROM `cwzx` [ RunTime:0.0050s ]
SQL: SELECT * FROM `cwzx` ORDER BY id desc LIMIT 0,15   [ RunTime:0.0000s ]
INFO: [ app_end ] --START--
INFO: Run Behavior\ShowPageTraceBehavior [ RunTime:0.000000s ]
INFO: [ app_end ] --END-- [ RunTime:0.000000s ]

[ 2016-09-19T10:58:05+08:00 ] 127.0.0.1 /index.php/Home/Index/indexVue?searchKey=undefined
INFO: [ app_init ] --START--
INFO: Run Behavior\BuildLiteBehavior [ RunTime:0.000000s ]
INFO: [ app_init ] --END-- [ RunTime:0.000000s ]
INFO: [ app_begin ] --START--
INFO: Run Behavior\ReadHtmlCacheBehavior [ RunTime:0.001000s ]
INFO: [ app_begin ] --END-- [ RunTime:0.001000s ]
SQL: SHOW COLUMNS FROM `big_ad_pic` [ RunTime:0.0030s ]
SQL: SELECT * FROM `big_ad_pic` LIMIT 0,15   [ RunTime:0.0000s ]
SQL: SHOW COLUMNS FROM `kxzb` [ RunTime:0.0040s ]
SQL: SELECT * FROM `kxzb` ORDER BY id desc LIMIT 0,15   [ RunTime:0.0010s ]
SQL: SHOW COLUMNS FROM `xpzs` [ RunTime:0.0040s ]
SQL: SELECT * FROM `xpzs` ORDER BY id desc LIMIT 0,15   [ RunTime:0.0000s ]
SQL: SHOW COLUMNS FROM `syxh` [ RunTime:0.0030s ]
SQL: SELECT * FROM `syxh` ORDER BY id desc LIMIT 0,15   [ RunTime:0.0000s ]
SQL: SHOW COLUMNS FROM `cwzx` [ RunTime:0.0030s ]
SQL: SELECT * FROM `cwzx` ORDER BY id desc LIMIT 0,15   [ RunTime:0.0010s ]
INFO: [ app_end ] --START--
INFO: Run Behavior\ShowPageTraceBehavior [ RunTime:0.001000s ]
INFO: [ app_end ] --END-- [ RunTime:0.001000s ]

[ 2016-09-19T10:58:22+08:00 ] 127.0.0.1 /index.php/Home/Index/indexVue?searchKey=undefined
INFO: [ app_init ] --START--
INFO: Run Behavior\BuildLiteBehavior [ RunTime:0.000000s ]
INFO: [ app_init ] --END-- [ RunTime:0.001000s ]
INFO: [ app_begin ] --START--
INFO: Run Behavior\ReadHtmlCacheBehavior [ RunTime:0.000000s ]
INFO: [ app_begin ] --END-- [ RunTime:0.000000s ]
SQL: SHOW COLUMNS FROM `big_ad_pic` [ RunTime:0.0030s ]
SQL: SELECT * FROM `big_ad_pic` LIMIT 0,15   [ RunTime:0.0010s ]
SQL: SHOW COLUMNS FROM `kxzb` [ RunTime:0.0030s ]
SQL: SELECT * FROM `kxzb` ORDER BY id desc LIMIT 0,15   [ RunTime:0.0010s ]
SQL: SHOW COLUMNS FROM `xpzs` [ RunTime:0.0030s ]
SQL: SELECT * FROM `xpzs` ORDER BY id desc LIMIT 0,15   [ RunTime:0.0000s ]
SQL: SHOW COLUMNS FROM `syxh` [ RunTime:0.0030s ]
SQL: SELECT * FROM `syxh` ORDER BY id desc LIMIT 0,15   [ RunTime:0.0010s ]
SQL: SHOW COLUMNS FROM `cwzx` [ RunTime:0.0030s ]
SQL: SELECT * FROM `cwzx` ORDER BY id desc LIMIT 0,15   [ RunTime:0.0000s ]
INFO: [ app_end ] --START--
INFO: Run Behavior\ShowPageTraceBehavior [ RunTime:0.001000s ]
INFO: [ app_end ] --END-- [ RunTime:0.001000s ]

[ 2016-09-19T11:05:25+08:00 ] 127.0.0.1 /index.php/Home/Index/indexVue?searchKey=undefined
INFO: [ app_init ] --START--
INFO: Run Behavior\BuildLiteBehavior [ RunTime:0.000000s ]
INFO: [ app_init ] --END-- [ RunTime:0.000000s ]
INFO: [ app_begin ] --START--
INFO: Run Behavior\ReadHtmlCacheBehavior [ RunTime:0.001000s ]
INFO: [ app_begin ] --END-- [ RunTime:0.001000s ]
SQL: SHOW COLUMNS FROM `big_ad_pic` [ RunTime:0.0050s ]
SQL: SELECT * FROM `big_ad_pic` LIMIT 0,15   [ RunTime:0.0000s ]
SQL: SHOW COLUMNS FROM `kxzb` [ RunTime:0.0050s ]
SQL: SELECT * FROM `kxzb` ORDER BY id desc LIMIT 0,15   [ RunTime:0.0000s ]
SQL: SHOW COLUMNS FROM `xpzs` [ RunTime:0.0030s ]
SQL: SELECT * FROM `xpzs` ORDER BY id desc LIMIT 0,15   [ RunTime:0.0000s ]
SQL: SHOW COLUMNS FROM `syxh` [ RunTime:0.0040s ]
SQL: SELECT * FROM `syxh` ORDER BY id desc LIMIT 0,15   [ RunTime:0.0000s ]
SQL: SHOW COLUMNS FROM `cwzx` [ RunTime:0.0030s ]
SQL: SELECT * FROM `cwzx` ORDER BY id desc LIMIT 0,15   [ RunTime:0.0010s ]
INFO: [ app_end ] --START--
INFO: Run Behavior\ShowPageTraceBehavior [ RunTime:0.001000s ]
INFO: [ app_end ] --END-- [ RunTime:0.001000s ]

[ 2016-09-19T11:05:39+08:00 ] 127.0.0.1 /index.php/Home/Index/indexVue?searchKey=undefined
INFO: [ app_init ] --START--
INFO: Run Behavior\BuildLiteBehavior [ RunTime:0.000000s ]
INFO: [ app_init ] --END-- [ RunTime:0.000000s ]
INFO: [ app_begin ] --START--
INFO: Run Behavior\ReadHtmlCacheBehavior [ RunTime:0.000000s ]
INFO: [ app_begin ] --END-- [ RunTime:0.000000s ]
SQL: SHOW COLUMNS FROM `big_ad_pic` [ RunTime:0.0040s ]
SQL: SELECT * FROM `big_ad_pic` LIMIT 0,15   [ RunTime:0.0000s ]
SQL: SHOW COLUMNS FROM `kxzb` [ RunTime:0.0030s ]
SQL: SELECT * FROM `kxzb` ORDER BY id desc LIMIT 0,15   [ RunTime:0.0000s ]
SQL: SHOW COLUMNS FROM `xpzs` [ RunTime:0.0040s ]
SQL: SELECT * FROM `xpzs` ORDER BY id desc LIMIT 0,15   [ RunTime:0.0010s ]
SQL: SHOW COLUMNS FROM `syxh` [ RunTime:0.0040s ]
SQL: SELECT * FROM `syxh` ORDER BY id desc LIMIT 0,15   [ RunTime:0.0010s ]
SQL: SHOW COLUMNS FROM `cwzx` [ RunTime:0.0030s ]
SQL: SELECT * FROM `cwzx` ORDER BY id desc LIMIT 0,15   [ RunTime:0.0000s ]
INFO: [ app_end ] --START--
INFO: Run Behavior\ShowPageTraceBehavior [ RunTime:0.000000s ]
INFO: [ app_end ] --END-- [ RunTime:0.000000s ]

[ 2016-09-19T11:06:20+08:00 ] 127.0.0.1 /index.php/Home/Index/indexVue?searchKey=undefined
INFO: [ app_init ] --START--
INFO: Run Behavior\BuildLiteBehavior [ RunTime:0.000000s ]
INFO: [ app_init ] --END-- [ RunTime:0.000000s ]
INFO: [ app_begin ] --START--
INFO: Run Behavior\ReadHtmlCacheBehavior [ RunTime:0.001001s ]
INFO: [ app_begin ] --END-- [ RunTime:0.001001s ]
SQL: SHOW COLUMNS FROM `big_ad_pic` [ RunTime:0.0040s ]
SQL: SELECT * FROM `big_ad_pic` LIMIT 0,15   [ RunTime:0.0000s ]
SQL: SHOW COLUMNS FROM `kxzb` [ RunTime:0.0030s ]
SQL: SELECT * FROM `kxzb` ORDER BY id desc LIMIT 0,15   [ RunTime:0.0010s ]
SQL: SHOW COLUMNS FROM `xpzs` [ RunTime:0.0040s ]
SQL: SELECT * FROM `xpzs` ORDER BY id desc LIMIT 0,15   [ RunTime:0.0010s ]
SQL: SHOW COLUMNS FROM `syxh` [ RunTime:0.0030s ]
SQL: SELECT * FROM `syxh` ORDER BY id desc LIMIT 0,15   [ RunTime:0.0000s ]
SQL: SHOW COLUMNS FROM `cwzx` [ RunTime:0.0040s ]
SQL: SELECT * FROM `cwzx` ORDER BY id desc LIMIT 0,15   [ RunTime:0.0010s ]
INFO: [ app_end ] --START--
INFO: Run Behavior\ShowPageTraceBehavior [ RunTime:0.001000s ]
INFO: [ app_end ] --END-- [ RunTime:0.001000s ]

[ 2016-09-19T11:50:29+08:00 ] 127.0.0.1 /
INFO: [ app_init ] --START--
INFO: Run Behavior\BuildLiteBehavior [ RunTime:0.000000s ]
INFO: [ app_init ] --END-- [ RunTime:0.001000s ]
INFO: [ app_begin ] --START--
INFO: Run Behavior\ReadHtmlCacheBehavior [ RunTime:0.000000s ]
INFO: [ app_begin ] --END-- [ RunTime:0.001000s ]
SQL: SHOW COLUMNS FROM `big_ad_pic` [ RunTime:0.0220s ]
SQL: SELECT * FROM `big_ad_pic` LIMIT 0,15   [ RunTime:0.0000s ]
SQL: SHOW COLUMNS FROM `kxzb` [ RunTime:0.0040s ]
SQL: SELECT * FROM `kxzb` ORDER BY id desc LIMIT 0,15   [ RunTime:0.0000s ]
SQL: SHOW COLUMNS FROM `xpzs` [ RunTime:0.0140s ]
SQL: SELECT * FROM `xpzs` ORDER BY id desc LIMIT 0,15   [ RunTime:0.0000s ]
SQL: SHOW COLUMNS FROM `syxh` [ RunTime:0.0030s ]
SQL: SELECT * FROM `syxh` ORDER BY id desc LIMIT 0,15   [ RunTime:0.0010s ]
SQL: SHOW COLUMNS FROM `cwzx` [ RunTime:0.0030s ]
SQL: SELECT * FROM `cwzx` ORDER BY id desc LIMIT 0,15   [ RunTime:0.0000s ]
INFO: [ view_parse ] --START--
INFO: [ template_filter ] --START--
INFO: Run Behavior\ContentReplaceBehavior [ RunTime:0.000000s ]
INFO: [ template_filter ] --END-- [ RunTime:0.001000s ]
INFO: Run Behavior\ParseTemplateBehavior [ RunTime:0.045002s ]
INFO: [ view_parse ] --END-- [ RunTime:0.045002s ]
INFO: [ view_filter ] --START--
INFO: Run Behavior\WriteHtmlCacheBehavior [ RunTime:0.003001s ]
INFO: [ view_filter ] --END-- [ RunTime:0.004001s ]
INFO: [ app_end ] --START--
INFO: Run Behavior\ShowPageTraceBehavior [ RunTime:0.000000s ]
INFO: [ app_end ] --END-- [ RunTime:0.001000s ]

[ 2016-09-19T11:50:33+08:00 ] 127.0.0.1 /index.php/Home/Index/indexVue?searchKey=undefined
INFO: [ app_init ] --START--
INFO: Run Behavior\BuildLiteBehavior [ RunTime:0.000000s ]
INFO: [ app_init ] --END-- [ RunTime:0.001000s ]
INFO: [ app_begin ] --START--
INFO: Run Behavior\ReadHtmlCacheBehavior [ RunTime:0.001000s ]
INFO: [ app_begin ] --END-- [ RunTime:0.001000s ]
SQL: SHOW COLUMNS FROM `big_ad_pic` [ RunTime:0.0030s ]
SQL: SELECT * FROM `big_ad_pic` LIMIT 0,15   [ RunTime:0.0000s ]
SQL: SHOW COLUMNS FROM `kxzb` [ RunTime:0.0030s ]
SQL: SELECT * FROM `kxzb` ORDER BY id desc LIMIT 0,15   [ RunTime:0.0000s ]
SQL: SHOW COLUMNS FROM `xpzs` [ RunTime:0.0030s ]
SQL: SELECT * FROM `xpzs` ORDER BY id desc LIMIT 0,15   [ RunTime:0.0000s ]
SQL: SHOW COLUMNS FROM `syxh` [ RunTime:0.0040s ]
SQL: SELECT * FROM `syxh` ORDER BY id desc LIMIT 0,15   [ RunTime:0.0000s ]
SQL: SHOW COLUMNS FROM `cwzx` [ RunTime:0.0030s ]
SQL: SELECT * FROM `cwzx` ORDER BY id desc LIMIT 0,15   [ RunTime:0.0000s ]
INFO: [ app_end ] --START--
INFO: Run Behavior\ShowPageTraceBehavior [ RunTime:0.000000s ]
INFO: [ app_end ] --END-- [ RunTime:0.000000s ]

[ 2016-09-19T11:51:15+08:00 ] 127.0.0.1 /index.php/Home/Index/indexVue?searchKey=undefined
INFO: [ app_init ] --START--
INFO: Run Behavior\BuildLiteBehavior [ RunTime:0.000000s ]
INFO: [ app_init ] --END-- [ RunTime:0.001000s ]
INFO: [ app_begin ] --START--
INFO: Run Behavior\ReadHtmlCacheBehavior [ RunTime:0.000000s ]
INFO: [ app_begin ] --END-- [ RunTime:0.000000s ]
SQL: SHOW COLUMNS FROM `big_ad_pic` [ RunTime:0.0040s ]
SQL: SELECT * FROM `big_ad_pic` LIMIT 0,15   [ RunTime:0.0010s ]
SQL: SHOW COLUMNS FROM `kxzb` [ RunTime:0.0030s ]
SQL: SELECT * FROM `kxzb` ORDER BY id desc LIMIT 0,15   [ RunTime:0.0010s ]
SQL: SHOW COLUMNS FROM `xpzs` [ RunTime:0.0030s ]
SQL: SELECT * FROM `xpzs` ORDER BY id desc LIMIT 0,15   [ RunTime:0.0000s ]
SQL: SHOW COLUMNS FROM `syxh` [ RunTime:0.0030s ]
SQL: SELECT * FROM `syxh` ORDER BY id desc LIMIT 0,15   [ RunTime:0.0000s ]
SQL: SHOW COLUMNS FROM `cwzx` [ RunTime:0.0030s ]
SQL: SELECT * FROM `cwzx` ORDER BY id desc LIMIT 0,15   [ RunTime:0.0000s ]
INFO: [ app_end ] --START--
INFO: Run Behavior\ShowPageTraceBehavior [ RunTime:0.001000s ]
INFO: [ app_end ] --END-- [ RunTime:0.001000s ]

[ 2016-09-19T13:48:53+08:00 ] 127.0.0.1 /index.php/Home/Index/indexVue?searchKey=undefined
INFO: [ app_init ] --START--
INFO: Run Behavior\BuildLiteBehavior [ RunTime:0.000000s ]
INFO: [ app_init ] --END-- [ RunTime:0.001000s ]
INFO: [ app_begin ] --START--
INFO: Run Behavior\ReadHtmlCacheBehavior [ RunTime:0.000000s ]
INFO: [ app_begin ] --END-- [ RunTime:0.000000s ]
SQL: SHOW COLUMNS FROM `big_ad_pic` [ RunTime:0.0030s ]
SQL: SELECT * FROM `big_ad_pic` LIMIT 0,15   [ RunTime:0.0000s ]
SQL: SHOW COLUMNS FROM `kxzb` [ RunTime:0.0040s ]
SQL: SELECT * FROM `kxzb` ORDER BY id desc LIMIT 0,15   [ RunTime:0.0010s ]
SQL: SHOW COLUMNS FROM `xpzs` [ RunTime:0.0030s ]
SQL: SELECT * FROM `xpzs` ORDER BY id desc LIMIT 0,15   [ RunTime:0.0000s ]
SQL: SHOW COLUMNS FROM `syxh` [ RunTime:0.0030s ]
SQL: SELECT * FROM `syxh` ORDER BY id desc LIMIT 0,15   [ RunTime:0.0010s ]
SQL: SHOW COLUMNS FROM `cwzx` [ RunTime:0.0100s ]
SQL: SELECT * FROM `cwzx` ORDER BY id desc LIMIT 0,15   [ RunTime:0.0010s ]
INFO: [ app_end ] --START--
INFO: Run Behavior\ShowPageTraceBehavior [ RunTime:0.001000s ]
INFO: [ app_end ] --END-- [ RunTime:0.001000s ]

[ 2016-09-19T13:53:53+08:00 ] 127.0.0.1 /index.php/Home/Index/indexVue?searchKey=undefined
INFO: [ app_init ] --START--
INFO: Run Behavior\BuildLiteBehavior [ RunTime:0.000000s ]
INFO: [ app_init ] --END-- [ RunTime:0.001000s ]
INFO: [ app_begin ] --START--
INFO: Run Behavior\ReadHtmlCacheBehavior [ RunTime:0.000000s ]
INFO: [ app_begin ] --END-- [ RunTime:0.000000s ]
SQL: SHOW COLUMNS FROM `big_ad_pic` [ RunTime:0.0030s ]
SQL: SELECT * FROM `big_ad_pic` LIMIT 0,15   [ RunTime:0.0000s ]
SQL: SHOW COLUMNS FROM `kxzb` [ RunTime:0.0030s ]
SQL: SELECT * FROM `kxzb` ORDER BY id desc LIMIT 0,15   [ RunTime:0.0000s ]
SQL: SHOW COLUMNS FROM `xpzs` [ RunTime:0.0030s ]
SQL: SELECT * FROM `xpzs` ORDER BY id desc LIMIT 0,15   [ RunTime:0.0010s ]
SQL: SHOW COLUMNS FROM `syxh` [ RunTime:0.0040s ]
SQL: SELECT * FROM `syxh` ORDER BY id desc LIMIT 0,15   [ RunTime:0.0010s ]
SQL: SHOW COLUMNS FROM `cwzx` [ RunTime:0.0030s ]
SQL: SELECT * FROM `cwzx` ORDER BY id desc LIMIT 0,15   [ RunTime:0.0000s ]
INFO: [ app_end ] --START--
INFO: Run Behavior\ShowPageTraceBehavior [ RunTime:0.000000s ]
INFO: [ app_end ] --END-- [ RunTime:0.001000s ]

[ 2016-09-19T13:59:29+08:00 ] 127.0.0.1 /index.php/Home/Index/indexVue?searchKey=undefined
INFO: [ app_init ] --START--
INFO: Run Behavior\BuildLiteBehavior [ RunTime:0.000000s ]
INFO: [ app_init ] --END-- [ RunTime:0.001000s ]
INFO: [ app_begin ] --START--
INFO: Run Behavior\ReadHtmlCacheBehavior [ RunTime:0.000000s ]
INFO: [ app_begin ] --END-- [ RunTime:0.000000s ]
SQL: SHOW COLUMNS FROM `big_ad_pic` [ RunTime:0.0030s ]
SQL: SELECT * FROM `big_ad_pic` LIMIT 0,15   [ RunTime:0.0000s ]
SQL: SHOW COLUMNS FROM `kxzb` [ RunTime:0.0030s ]
SQL: SELECT * FROM `kxzb` ORDER BY id desc LIMIT 0,15   [ RunTime:0.0010s ]
SQL: SHOW COLUMNS FROM `xpzs` [ RunTime:0.0030s ]
SQL: SELECT * FROM `xpzs` ORDER BY id desc LIMIT 0,15   [ RunTime:0.0010s ]
SQL: SHOW COLUMNS FROM `syxh` [ RunTime:0.0030s ]
SQL: SELECT * FROM `syxh` ORDER BY id desc LIMIT 0,15   [ RunTime:0.0010s ]
SQL: SHOW COLUMNS FROM `cwzx` [ RunTime:0.0020s ]
SQL: SELECT * FROM `cwzx` ORDER BY id desc LIMIT 0,15   [ RunTime:0.0000s ]
INFO: [ app_end ] --START--
INFO: Run Behavior\ShowPageTraceBehavior [ RunTime:0.001000s ]
INFO: [ app_end ] --END-- [ RunTime:0.001000s ]

[ 2016-09-19T14:06:52+08:00 ] 127.0.0.1 /index.php/Home/Index/indexVue?searchKey=undefined
INFO: [ app_init ] --START--
INFO: Run Behavior\BuildLiteBehavior [ RunTime:0.000000s ]
INFO: [ app_init ] --END-- [ RunTime:0.001000s ]
INFO: [ app_begin ] --START--
INFO: Run Behavior\ReadHtmlCacheBehavior [ RunTime:0.001000s ]
INFO: [ app_begin ] --END-- [ RunTime:0.001000s ]
SQL: SHOW COLUMNS FROM `big_ad_pic` [ RunTime:0.0030s ]
SQL: SELECT * FROM `big_ad_pic` LIMIT 0,15   [ RunTime:0.0000s ]
SQL: SHOW COLUMNS FROM `kxzb` [ RunTime:0.0030s ]
SQL: SELECT * FROM `kxzb` ORDER BY id desc LIMIT 0,15   [ RunTime:0.0000s ]
SQL: SHOW COLUMNS FROM `xpzs` [ RunTime:0.0030s ]
SQL: SELECT * FROM `xpzs` ORDER BY id desc LIMIT 0,15   [ RunTime:0.0000s ]
SQL: SHOW COLUMNS FROM `syxh` [ RunTime:0.0040s ]
SQL: SELECT * FROM `syxh` ORDER BY id desc LIMIT 0,15   [ RunTime:0.0000s ]
SQL: SHOW COLUMNS FROM `cwzx` [ RunTime:0.0030s ]
SQL: SELECT * FROM `cwzx` ORDER BY id desc LIMIT 0,15   [ RunTime:0.0000s ]
INFO: [ app_end ] --START--
INFO: Run Behavior\ShowPageTraceBehavior [ RunTime:0.001000s ]
INFO: [ app_end ] --END-- [ RunTime:0.001000s ]

[ 2016-09-19T14:07:42+08:00 ] 127.0.0.1 /index.php/Home/Index/indexVue?searchKey=undefined
INFO: [ app_init ] --START--
INFO: Run Behavior\BuildLiteBehavior [ RunTime:0.000000s ]
INFO: [ app_init ] --END-- [ RunTime:0.001000s ]
INFO: [ app_begin ] --START--
INFO: Run Behavior\ReadHtmlCacheBehavior [ RunTime:0.000000s ]
INFO: [ app_begin ] --END-- [ RunTime:0.000000s ]
SQL: SHOW COLUMNS FROM `big_ad_pic` [ RunTime:0.0030s ]
SQL: SELECT * FROM `big_ad_pic` LIMIT 0,15   [ RunTime:0.0010s ]
SQL: SHOW COLUMNS FROM `kxzb` [ RunTime:0.0030s ]
SQL: SELECT * FROM `kxzb` ORDER BY id desc LIMIT 0,15   [ RunTime:0.0000s ]
SQL: SHOW COLUMNS FROM `xpzs` [ RunTime:0.0030s ]
SQL: SELECT * FROM `xpzs` ORDER BY id desc LIMIT 0,15   [ RunTime:0.0010s ]
SQL: SHOW COLUMNS FROM `syxh` [ RunTime:0.0030s ]
SQL: SELECT * FROM `syxh` ORDER BY id desc LIMIT 0,15   [ RunTime:0.0010s ]
SQL: SHOW COLUMNS FROM `cwzx` [ RunTime:0.0030s ]
SQL: SELECT * FROM `cwzx` ORDER BY id desc LIMIT 0,15   [ RunTime:0.0010s ]
INFO: [ app_end ] --START--
INFO: Run Behavior\ShowPageTraceBehavior [ RunTime:0.001000s ]
INFO: [ app_end ] --END-- [ RunTime:0.001000s ]

[ 2016-09-19T14:08:16+08:00 ] 127.0.0.1 /index.php/Home/Index/indexVue?searchKey=undefined
INFO: [ app_init ] --START--
INFO: Run Behavior\BuildLiteBehavior [ RunTime:0.000000s ]
INFO: [ app_init ] --END-- [ RunTime:0.001001s ]
INFO: [ app_begin ] --START--
INFO: Run Behavior\ReadHtmlCacheBehavior [ RunTime:0.000000s ]
INFO: [ app_begin ] --END-- [ RunTime:0.000000s ]
SQL: SHOW COLUMNS FROM `big_ad_pic` [ RunTime:0.0030s ]
SQL: SELECT * FROM `big_ad_pic` LIMIT 0,15   [ RunTime:0.0000s ]
SQL: SHOW COLUMNS FROM `kxzb` [ RunTime:0.0030s ]
SQL: SELECT * FROM `kxzb` ORDER BY id desc LIMIT 0,15   [ RunTime:0.0010s ]
SQL: SHOW COLUMNS FROM `xpzs` [ RunTime:0.0030s ]
SQL: SELECT * FROM `xpzs` ORDER BY id desc LIMIT 0,15   [ RunTime:0.0000s ]
SQL: SHOW COLUMNS FROM `syxh` [ RunTime:0.0040s ]
SQL: SELECT * FROM `syxh` ORDER BY id desc LIMIT 0,15   [ RunTime:0.0010s ]
SQL: SHOW COLUMNS FROM `cwzx` [ RunTime:0.0030s ]
SQL: SELECT * FROM `cwzx` ORDER BY id desc LIMIT 0,15   [ RunTime:0.0010s ]
INFO: [ app_end ] --START--
INFO: Run Behavior\ShowPageTraceBehavior [ RunTime:0.001000s ]
INFO: [ app_end ] --END-- [ RunTime:0.001000s ]

[ 2016-09-19T14:10:01+08:00 ] 127.0.0.1 /index.php/Home/Index/indexVue?searchKey=undefined
INFO: [ app_init ] --START--
INFO: Run Behavior\BuildLiteBehavior [ RunTime:0.000000s ]
INFO: [ app_init ] --END-- [ RunTime:0.001000s ]
INFO: [ app_begin ] --START--
INFO: Run Behavior\ReadHtmlCacheBehavior [ RunTime:0.001001s ]
INFO: [ app_begin ] --END-- [ RunTime:0.001001s ]
SQL: SHOW COLUMNS FROM `big_ad_pic` [ RunTime:0.0040s ]
SQL: SELECT * FROM `big_ad_pic` LIMIT 0,15   [ RunTime:0.0010s ]
SQL: SHOW COLUMNS FROM `kxzb` [ RunTime:0.0040s ]
SQL: SELECT * FROM `kxzb` ORDER BY id desc LIMIT 0,15   [ RunTime:0.0000s ]
SQL: SHOW COLUMNS FROM `xpzs` [ RunTime:0.0020s ]
SQL: SELECT * FROM `xpzs` ORDER BY id desc LIMIT 0,15   [ RunTime:0.0000s ]
SQL: SHOW COLUMNS FROM `syxh` [ RunTime:0.0040s ]
SQL: SELECT * FROM `syxh` ORDER BY id desc LIMIT 0,15   [ RunTime:0.0000s ]
SQL: SHOW COLUMNS FROM `cwzx` [ RunTime:0.0030s ]
SQL: SELECT * FROM `cwzx` ORDER BY id desc LIMIT 0,15   [ RunTime:0.0000s ]
INFO: [ app_end ] --START--
INFO: Run Behavior\ShowPageTraceBehavior [ RunTime:0.000000s ]
INFO: [ app_end ] --END-- [ RunTime:0.001000s ]

[ 2016-09-19T14:12:20+08:00 ] 127.0.0.1 /index.php/Home/Index/indexVue?searchKey=undefined
INFO: [ app_init ] --START--
INFO: Run Behavior\BuildLiteBehavior [ RunTime:0.000000s ]
INFO: [ app_init ] --END-- [ RunTime:0.001000s ]
INFO: [ app_begin ] --START--
INFO: Run Behavior\ReadHtmlCacheBehavior [ RunTime:0.000000s ]
INFO: [ app_begin ] --END-- [ RunTime:0.000000s ]
SQL: SHOW COLUMNS FROM `big_ad_pic` [ RunTime:0.0040s ]
SQL: SELECT * FROM `big_ad_pic` LIMIT 0,15   [ RunTime:0.0000s ]
SQL: SHOW COLUMNS FROM `kxzb` [ RunTime:0.0030s ]
SQL: SELECT * FROM `kxzb` ORDER BY id desc LIMIT 0,15   [ RunTime:0.0000s ]
SQL: SHOW COLUMNS FROM `xpzs` [ RunTime:0.0030s ]
SQL: SELECT * FROM `xpzs` ORDER BY id desc LIMIT 0,15   [ RunTime:0.0010s ]
SQL: SHOW COLUMNS FROM `syxh` [ RunTime:0.0030s ]
SQL: SELECT * FROM `syxh` ORDER BY id desc LIMIT 0,15   [ RunTime:0.0010s ]
SQL: SHOW COLUMNS FROM `cwzx` [ RunTime:0.0040s ]
SQL: SELECT * FROM `cwzx` ORDER BY id desc LIMIT 0,15   [ RunTime:0.0010s ]
INFO: [ app_end ] --START--
INFO: Run Behavior\ShowPageTraceBehavior [ RunTime:0.002001s ]
INFO: [ app_end ] --END-- [ RunTime:0.002001s ]

[ 2016-09-19T14:12:44+08:00 ] 127.0.0.1 /index.php/Home/Index/indexVue?searchKey=undefined
INFO: [ app_init ] --START--
INFO: Run Behavior\BuildLiteBehavior [ RunTime:0.001000s ]
INFO: [ app_init ] --END-- [ RunTime:0.001000s ]
INFO: [ app_begin ] --START--
INFO: Run Behavior\ReadHtmlCacheBehavior [ RunTime:0.000000s ]
INFO: [ app_begin ] --END-- [ RunTime:0.000000s ]
SQL: SHOW COLUMNS FROM `big_ad_pic` [ RunTime:0.0030s ]
SQL: SELECT * FROM `big_ad_pic` LIMIT 0,15   [ RunTime:0.0000s ]
SQL: SHOW COLUMNS FROM `kxzb` [ RunTime:0.0030s ]
SQL: SELECT * FROM `kxzb` ORDER BY id desc LIMIT 0,15   [ RunTime:0.0000s ]
SQL: SHOW COLUMNS FROM `xpzs` [ RunTime:0.0030s ]
SQL: SELECT * FROM `xpzs` ORDER BY id desc LIMIT 0,15   [ RunTime:0.0000s ]
SQL: SHOW COLUMNS FROM `syxh` [ RunTime:0.0030s ]
SQL: SELECT * FROM `syxh` ORDER BY id desc LIMIT 0,15   [ RunTime:0.0000s ]
SQL: SHOW COLUMNS FROM `cwzx` [ RunTime:0.0030s ]
SQL: SELECT * FROM `cwzx` ORDER BY id desc LIMIT 0,15   [ RunTime:0.0000s ]
INFO: [ app_end ] --START--
INFO: Run Behavior\ShowPageTraceBehavior [ RunTime:0.000000s ]
INFO: [ app_end ] --END-- [ RunTime:0.001000s ]

[ 2016-09-19T14:19:06+08:00 ] 127.0.0.1 /index.php/Home/Index/indexVue?searchKey=undefined
INFO: [ app_init ] --START--
INFO: Run Behavior\BuildLiteBehavior [ RunTime:0.001000s ]
INFO: [ app_init ] --END-- [ RunTime:0.001000s ]
INFO: [ app_begin ] --START--
INFO: Run Behavior\ReadHtmlCacheBehavior [ RunTime:0.000000s ]
INFO: [ app_begin ] --END-- [ RunTime:0.000000s ]
SQL: SHOW COLUMNS FROM `big_ad_pic` [ RunTime:0.0030s ]
SQL: SELECT * FROM `big_ad_pic` LIMIT 0,15   [ RunTime:0.0000s ]
SQL: SHOW COLUMNS FROM `kxzb` [ RunTime:0.0030s ]
SQL: SELECT * FROM `kxzb` ORDER BY id desc LIMIT 0,15   [ RunTime:0.0000s ]
SQL: SHOW COLUMNS FROM `xpzs` [ RunTime:0.0040s ]
SQL: SELECT * FROM `xpzs` ORDER BY id desc LIMIT 0,15   [ RunTime:0.0010s ]
SQL: SHOW COLUMNS FROM `syxh` [ RunTime:0.0030s ]
SQL: SELECT * FROM `syxh` ORDER BY id desc LIMIT 0,15   [ RunTime:0.0000s ]
SQL: SHOW COLUMNS FROM `cwzx` [ RunTime:0.0040s ]
SQL: SELECT * FROM `cwzx` ORDER BY id desc LIMIT 0,15   [ RunTime:0.0000s ]
INFO: [ app_end ] --START--
INFO: Run Behavior\ShowPageTraceBehavior [ RunTime:0.000000s ]
INFO: [ app_end ] --END-- [ RunTime:0.000000s ]

[ 2016-09-19T14:24:06+08:00 ] 127.0.0.1 /index.php/Home/Index/indexVue?searchKey=undefined
INFO: [ app_init ] --START--
INFO: Run Behavior\BuildLiteBehavior [ RunTime:0.000000s ]
INFO: [ app_init ] --END-- [ RunTime:0.001000s ]
INFO: [ app_begin ] --START--
INFO: Run Behavior\ReadHtmlCacheBehavior [ RunTime:0.001000s ]
INFO: [ app_begin ] --END-- [ RunTime:0.001000s ]
SQL: SHOW COLUMNS FROM `big_ad_pic` [ RunTime:0.0030s ]
SQL: SELECT * FROM `big_ad_pic` LIMIT 0,15   [ RunTime:0.0000s ]
SQL: SHOW COLUMNS FROM `kxzb` [ RunTime:0.0030s ]
SQL: SELECT * FROM `kxzb` ORDER BY id desc LIMIT 0,15   [ RunTime:0.0010s ]
SQL: SHOW COLUMNS FROM `xpzs` [ RunTime:0.0030s ]
SQL: SELECT * FROM `xpzs` ORDER BY id desc LIMIT 0,15   [ RunTime:0.0010s ]
SQL: SHOW COLUMNS FROM `syxh` [ RunTime:0.0030s ]
SQL: SELECT * FROM `syxh` ORDER BY id desc LIMIT 0,15   [ RunTime:0.0000s ]
SQL: SHOW COLUMNS FROM `cwzx` [ RunTime:0.0030s ]
SQL: SELECT * FROM `cwzx` ORDER BY id desc LIMIT 0,15   [ RunTime:0.0000s ]
INFO: [ app_end ] --START--
INFO: Run Behavior\ShowPageTraceBehavior [ RunTime:0.001000s ]
INFO: [ app_end ] --END-- [ RunTime:0.001000s ]

[ 2016-09-19T14:25:33+08:00 ] 127.0.0.1 /index.php/Home/Index/indexVue?searchKey=undefined
INFO: [ app_init ] --START--
INFO: Run Behavior\BuildLiteBehavior [ RunTime:0.000000s ]
INFO: [ app_init ] --END-- [ RunTime:0.000000s ]
INFO: [ app_begin ] --START--
INFO: Run Behavior\ReadHtmlCacheBehavior [ RunTime:0.000000s ]
INFO: [ app_begin ] --END-- [ RunTime:0.000000s ]
SQL: SHOW COLUMNS FROM `big_ad_pic` [ RunTime:0.0030s ]
SQL: SELECT * FROM `big_ad_pic` LIMIT 0,15   [ RunTime:0.0000s ]
SQL: SHOW COLUMNS FROM `kxzb` [ RunTime:0.0030s ]
SQL: SELECT * FROM `kxzb` ORDER BY id desc LIMIT 0,15   [ RunTime:0.0010s ]
SQL: SHOW COLUMNS FROM `xpzs` [ RunTime:0.0030s ]
SQL: SELECT * FROM `xpzs` ORDER BY id desc LIMIT 0,15   [ RunTime:0.0000s ]
SQL: SHOW COLUMNS FROM `syxh` [ RunTime:0.0020s ]
SQL: SELECT * FROM `syxh` ORDER BY id desc LIMIT 0,15   [ RunTime:0.0000s ]
SQL: SHOW COLUMNS FROM `cwzx` [ RunTime:0.0030s ]
SQL: SELECT * FROM `cwzx` ORDER BY id desc LIMIT 0,15   [ RunTime:0.0010s ]
INFO: [ app_end ] --START--
INFO: Run Behavior\ShowPageTraceBehavior [ RunTime:0.001000s ]
INFO: [ app_end ] --END-- [ RunTime:0.001000s ]

[ 2016-09-19T14:28:02+08:00 ] 127.0.0.1 /index.php/Home/Index/indexVue?searchKey=undefined
INFO: [ app_init ] --START--
INFO: Run Behavior\BuildLiteBehavior [ RunTime:0.000000s ]
INFO: [ app_init ] --END-- [ RunTime:0.001000s ]
INFO: [ app_begin ] --START--
INFO: Run Behavior\ReadHtmlCacheBehavior [ RunTime:0.001000s ]
INFO: [ app_begin ] --END-- [ RunTime:0.001000s ]
SQL: SHOW COLUMNS FROM `big_ad_pic` [ RunTime:0.0040s ]
SQL: SELECT * FROM `big_ad_pic` LIMIT 0,15   [ RunTime:0.0010s ]
SQL: SHOW COLUMNS FROM `kxzb` [ RunTime:0.0030s ]
SQL: SELECT * FROM `kxzb` ORDER BY id desc LIMIT 0,15   [ RunTime:0.0000s ]
SQL: SHOW COLUMNS FROM `xpzs` [ RunTime:0.0040s ]
SQL: SELECT * FROM `xpzs` ORDER BY id desc LIMIT 0,15   [ RunTime:0.0000s ]
SQL: SHOW COLUMNS FROM `syxh` [ RunTime:0.0030s ]
SQL: SELECT * FROM `syxh` ORDER BY id desc LIMIT 0,15   [ RunTime:0.0000s ]
SQL: SHOW COLUMNS FROM `cwzx` [ RunTime:0.0030s ]
SQL: SELECT * FROM `cwzx` ORDER BY id desc LIMIT 0,15   [ RunTime:0.0000s ]
INFO: [ app_end ] --START--
INFO: Run Behavior\ShowPageTraceBehavior [ RunTime:0.001000s ]
INFO: [ app_end ] --END-- [ RunTime:0.001000s ]

[ 2016-09-19T14:28:17+08:00 ] 127.0.0.1 /index.php/Home/Index/indexVue?searchKey=undefined
INFO: [ app_init ] --START--
INFO: Run Behavior\BuildLiteBehavior [ RunTime:0.000000s ]
INFO: [ app_init ] --END-- [ RunTime:0.001000s ]
INFO: [ app_begin ] --START--
INFO: Run Behavior\ReadHtmlCacheBehavior [ RunTime:0.000000s ]
INFO: [ app_begin ] --END-- [ RunTime:0.000000s ]
SQL: SHOW COLUMNS FROM `big_ad_pic` [ RunTime:0.0030s ]
SQL: SELECT * FROM `big_ad_pic` LIMIT 0,15   [ RunTime:0.0010s ]
SQL: SHOW COLUMNS FROM `kxzb` [ RunTime:0.0030s ]
SQL: SELECT * FROM `kxzb` ORDER BY id desc LIMIT 0,15   [ RunTime:0.0000s ]
SQL: SHOW COLUMNS FROM `xpzs` [ RunTime:0.0040s ]
SQL: SELECT * FROM `xpzs` ORDER BY id desc LIMIT 0,15   [ RunTime:0.0000s ]
SQL: SHOW COLUMNS FROM `syxh` [ RunTime:0.0030s ]
SQL: SELECT * FROM `syxh` ORDER BY id desc LIMIT 0,15   [ RunTime:0.0000s ]
SQL: SHOW COLUMNS FROM `cwzx` [ RunTime:0.0030s ]
SQL: SELECT * FROM `cwzx` ORDER BY id desc LIMIT 0,15   [ RunTime:0.0000s ]
INFO: [ app_end ] --START--
INFO: Run Behavior\ShowPageTraceBehavior [ RunTime:0.001000s ]
INFO: [ app_end ] --END-- [ RunTime:0.001000s ]

[ 2016-09-19T14:28:47+08:00 ] 127.0.0.1 /index.php/Home/Index/indexVue?searchKey=undefined
INFO: [ app_init ] --START--
INFO: Run Behavior\BuildLiteBehavior [ RunTime:0.000000s ]
INFO: [ app_init ] --END-- [ RunTime:0.001000s ]
INFO: [ app_begin ] --START--
INFO: Run Behavior\ReadHtmlCacheBehavior [ RunTime:0.000000s ]
INFO: [ app_begin ] --END-- [ RunTime:0.001000s ]
SQL: SHOW COLUMNS FROM `big_ad_pic` [ RunTime:0.0030s ]
SQL: SELECT * FROM `big_ad_pic` LIMIT 0,15   [ RunTime:0.0000s ]
SQL: SHOW COLUMNS FROM `kxzb` [ RunTime:0.0040s ]
SQL: SELECT * FROM `kxzb` ORDER BY id desc LIMIT 0,15   [ RunTime:0.0000s ]
SQL: SHOW COLUMNS FROM `xpzs` [ RunTime:0.0030s ]
SQL: SELECT * FROM `xpzs` ORDER BY id desc LIMIT 0,15   [ RunTime:0.0000s ]
SQL: SHOW COLUMNS FROM `syxh` [ RunTime:0.0030s ]
SQL: SELECT * FROM `syxh` ORDER BY id desc LIMIT 0,15   [ RunTime:0.0000s ]
SQL: SHOW COLUMNS FROM `cwzx` [ RunTime:0.0020s ]
SQL: SELECT * FROM `cwzx` ORDER BY id desc LIMIT 0,15   [ RunTime:0.0000s ]
INFO: [ app_end ] --START--
INFO: Run Behavior\ShowPageTraceBehavior [ RunTime:0.000000s ]
INFO: [ app_end ] --END-- [ RunTime:0.001000s ]

[ 2016-09-19T14:45:33+08:00 ] 127.0.0.1 /index.php/Home/Index/indexVue?searchKey=undefined
INFO: [ app_init ] --START--
INFO: Run Behavior\BuildLiteBehavior [ RunTime:0.000000s ]
INFO: [ app_init ] --END-- [ RunTime:0.000000s ]
INFO: [ app_begin ] --START--
INFO: Run Behavior\ReadHtmlCacheBehavior [ RunTime:0.001000s ]
INFO: [ app_begin ] --END-- [ RunTime:0.001000s ]
SQL: SHOW COLUMNS FROM `big_ad_pic` [ RunTime:0.0040s ]
SQL: SELECT * FROM `big_ad_pic` LIMIT 0,15   [ RunTime:0.0000s ]
SQL: SHOW COLUMNS FROM `kxzb` [ RunTime:0.0040s ]
SQL: SELECT * FROM `kxzb` ORDER BY id desc LIMIT 0,15   [ RunTime:0.0000s ]
SQL: SHOW COLUMNS FROM `xpzs` [ RunTime:0.0020s ]
SQL: SELECT * FROM `xpzs` ORDER BY id desc LIMIT 0,15   [ RunTime:0.0000s ]
SQL: SHOW COLUMNS FROM `syxh` [ RunTime:0.0030s ]
SQL: SELECT * FROM `syxh` ORDER BY id desc LIMIT 0,15   [ RunTime:0.0000s ]
SQL: SHOW COLUMNS FROM `cwzx` [ RunTime:0.0030s ]
SQL: SELECT * FROM `cwzx` ORDER BY id desc LIMIT 0,15   [ RunTime:0.0000s ]
INFO: [ app_end ] --START--
INFO: Run Behavior\ShowPageTraceBehavior [ RunTime:0.001000s ]
INFO: [ app_end ] --END-- [ RunTime:0.001000s ]

[ 2016-09-19T14:46:18+08:00 ] 127.0.0.1 /index.php/Home/Index/indexVue?searchKey=undefined
INFO: [ app_init ] --START--
INFO: Run Behavior\BuildLiteBehavior [ RunTime:0.000000s ]
INFO: [ app_init ] --END-- [ RunTime:0.000000s ]
INFO: [ app_begin ] --START--
INFO: Run Behavior\ReadHtmlCacheBehavior [ RunTime:0.001000s ]
INFO: [ app_begin ] --END-- [ RunTime:0.001000s ]
SQL: SHOW COLUMNS FROM `big_ad_pic` [ RunTime:0.0040s ]
SQL: SELECT * FROM `big_ad_pic` LIMIT 0,15   [ RunTime:0.0000s ]
SQL: SHOW COLUMNS FROM `kxzb` [ RunTime:0.0040s ]
SQL: SELECT * FROM `kxzb` ORDER BY id desc LIMIT 0,15   [ RunTime:0.0000s ]
SQL: SHOW COLUMNS FROM `xpzs` [ RunTime:0.0030s ]
SQL: SELECT * FROM `xpzs` ORDER BY id desc LIMIT 0,15   [ RunTime:0.0000s ]
SQL: SHOW COLUMNS FROM `syxh` [ RunTime:0.0030s ]
SQL: SELECT * FROM `syxh` ORDER BY id desc LIMIT 0,15   [ RunTime:0.0000s ]
SQL: SHOW COLUMNS FROM `cwzx` [ RunTime:0.0040s ]
SQL: SELECT * FROM `cwzx` ORDER BY id desc LIMIT 0,15   [ RunTime:0.0010s ]
INFO: [ app_end ] --START--
INFO: Run Behavior\ShowPageTraceBehavior [ RunTime:0.001000s ]
INFO: [ app_end ] --END-- [ RunTime:0.001000s ]

[ 2016-09-19T14:46:24+08:00 ] 127.0.0.1 /index.php/Home/Index/indexVue?searchKey=undefined
INFO: [ app_init ] --START--
INFO: Run Behavior\BuildLiteBehavior [ RunTime:0.000000s ]
INFO: [ app_init ] --END-- [ RunTime:0.001000s ]
INFO: [ app_begin ] --START--
INFO: Run Behavior\ReadHtmlCacheBehavior [ RunTime:0.000000s ]
INFO: [ app_begin ] --END-- [ RunTime:0.000000s ]
SQL: SHOW COLUMNS FROM `big_ad_pic` [ RunTime:0.0040s ]
SQL: SELECT * FROM `big_ad_pic` LIMIT 0,15   [ RunTime:0.0000s ]
SQL: SHOW COLUMNS FROM `kxzb` [ RunTime:0.0030s ]
SQL: SELECT * FROM `kxzb` ORDER BY id desc LIMIT 0,15   [ RunTime:0.0000s ]
SQL: SHOW COLUMNS FROM `xpzs` [ RunTime:0.0030s ]
SQL: SELECT * FROM `xpzs` ORDER BY id desc LIMIT 0,15   [ RunTime:0.0000s ]
SQL: SHOW COLUMNS FROM `syxh` [ RunTime:0.0030s ]
SQL: SELECT * FROM `syxh` ORDER BY id desc LIMIT 0,15   [ RunTime:0.0000s ]
SQL: SHOW COLUMNS FROM `cwzx` [ RunTime:0.0030s ]
SQL: SELECT * FROM `cwzx` ORDER BY id desc LIMIT 0,15   [ RunTime:0.0000s ]
INFO: [ app_end ] --START--
INFO: Run Behavior\ShowPageTraceBehavior [ RunTime:0.001000s ]
INFO: [ app_end ] --END-- [ RunTime:0.001000s ]

