[ 2016-08-09T09:47:11+08:00 ] 127.0.0.1 /
INFO: [ app_init ] --START--
INFO: Run Behavior\BuildLiteBehavior [ RunTime:0.000000s ]
INFO: [ app_init ] --END-- [ RunTime:0.000000s ]
INFO: [ app_begin ] --START--
INFO: Run Behavior\ReadHtmlCacheBehavior [ RunTime:0.010001s ]
INFO: [ app_begin ] --END-- [ RunTime:0.010001s ]
SQL: SHOW COLUMNS FROM `big_ad_pic` [ RunTime:0.0180s ]
SQL: SELECT * FROM `big_ad_pic` LIMIT 0,15   [ RunTime:0.0010s ]
SQL: SHOW COLUMNS FROM `kxzb` [ RunTime:0.0040s ]
SQL: SELECT * FROM `kxzb` ORDER BY id desc LIMIT 0,15   [ RunTime:0.0000s ]
SQL: SHOW COLUMNS FROM `xpzs` [ RunTime:0.0270s ]
SQL: SELECT * FROM `xpzs` ORDER BY id desc LIMIT 0,15   [ RunTime:0.0000s ]
SQL: SHOW COLUMNS FROM `syxh` [ RunTime:0.0050s ]
SQL: SELECT * FROM `syxh` ORDER BY id desc LIMIT 0,15   [ RunTime:0.0010s ]
SQL: SHOW COLUMNS FROM `cwzx` [ RunTime:0.0040s ]
SQL: SELECT * FROM `cwzx` ORDER BY id desc LIMIT 0,15   [ RunTime:0.0010s ]
INFO: [ view_parse ] --START--
INFO: [ template_filter ] --START--
INFO: Run Behavior\ContentReplaceBehavior [ RunTime:0.000000s ]
INFO: [ template_filter ] --END-- [ RunTime:0.000000s ]
INFO: Run Behavior\ParseTemplateBehavior [ RunTime:0.041002s ]
INFO: [ view_parse ] --END-- [ RunTime:0.041002s ]
INFO: [ view_filter ] --START--
INFO: Run Behavior\WriteHtmlCacheBehavior [ RunTime:0.000000s ]
INFO: [ view_filter ] --END-- [ RunTime:0.000000s ]
INFO: [ app_end ] --START--
INFO: Run Behavior\ShowPageTraceBehavior [ RunTime:0.000000s ]
INFO: [ app_end ] --END-- [ RunTime:0.001000s ]

[ 2016-08-09T09:49:03+08:00 ] 127.0.0.1 /index.php/Home/Login/check
INFO: [ app_init ] --START--
INFO: Run Behavior\BuildLiteBehavior [ RunTime:0.000000s ]
INFO: [ app_init ] --END-- [ RunTime:0.001000s ]
INFO: [ app_begin ] --START--
INFO: Run Behavior\ReadHtmlCacheBehavior [ RunTime:0.001000s ]
INFO: [ app_begin ] --END-- [ RunTime:0.001000s ]
SQL: SHOW COLUMNS FROM `user` [ RunTime:0.0300s ]
SQL: SELECT `name`,`photo`,`password` FROM `user` WHERE `name` = 'MapleStory' AND `password` = 'e10adc3949ba59abbe56e057f20f883e' LIMIT 1   [ RunTime:0.0000s ]

[ 2016-08-09T09:49:03+08:00 ] 127.0.0.1 /index.php/Home/Login/index
INFO: [ app_init ] --START--
INFO: Run Behavior\BuildLiteBehavior [ RunTime:0.000000s ]
INFO: [ app_init ] --END-- [ RunTime:0.000000s ]
INFO: [ app_begin ] --START--
INFO: Run Behavior\ReadHtmlCacheBehavior [ RunTime:0.001000s ]
INFO: [ app_begin ] --END-- [ RunTime:0.001000s ]

[ 2016-08-09T09:49:03+08:00 ] 127.0.0.1 /index.php/Home/Index/index.html
INFO: [ app_init ] --START--
INFO: Run Behavior\BuildLiteBehavior [ RunTime:0.000000s ]
INFO: [ app_init ] --END-- [ RunTime:0.001000s ]
INFO: [ app_begin ] --START--
INFO: Run Behavior\ReadHtmlCacheBehavior [ RunTime:0.001000s ]
INFO: [ app_begin ] --END-- [ RunTime:0.001000s ]
SQL: SHOW COLUMNS FROM `user` [ RunTime:0.0030s ]
SQL: SELECT `name`,`password`,`photo` FROM `user` WHERE `name` = 'MapleStory' AND `password` = 'e10adc3949ba59abbe56e057f20f883e' LIMIT 1   [ RunTime:0.0000s ]
SQL: SHOW COLUMNS FROM `big_ad_pic` [ RunTime:0.0030s ]
SQL: SELECT * FROM `big_ad_pic` LIMIT 0,15   [ RunTime:0.0010s ]
SQL: SHOW COLUMNS FROM `kxzb` [ RunTime:0.0030s ]
SQL: SELECT * FROM `kxzb` ORDER BY id desc LIMIT 0,15   [ RunTime:0.0000s ]
SQL: SHOW COLUMNS FROM `xpzs` [ RunTime:0.0030s ]
SQL: SELECT * FROM `xpzs` ORDER BY id desc LIMIT 0,15   [ RunTime:0.0000s ]
SQL: SHOW COLUMNS FROM `syxh` [ RunTime:0.0030s ]
SQL: SELECT * FROM `syxh` ORDER BY id desc LIMIT 0,15   [ RunTime:0.0000s ]
SQL: SHOW COLUMNS FROM `cwzx` [ RunTime:0.0030s ]
SQL: SELECT * FROM `cwzx` ORDER BY id desc LIMIT 0,15   [ RunTime:0.0000s ]
INFO: [ view_parse ] --START--
INFO: [ template_filter ] --START--
INFO: Run Behavior\ContentReplaceBehavior [ RunTime:0.000000s ]
INFO: [ template_filter ] --END-- [ RunTime:0.000000s ]
INFO: Run Behavior\ParseTemplateBehavior [ RunTime:0.015001s ]
INFO: [ view_parse ] --END-- [ RunTime:0.015001s ]
INFO: [ view_filter ] --START--
INFO: Run Behavior\WriteHtmlCacheBehavior [ RunTime:0.001000s ]
INFO: [ view_filter ] --END-- [ RunTime:0.001000s ]
INFO: [ app_end ] --START--
INFO: Run Behavior\ShowPageTraceBehavior [ RunTime:0.001000s ]
INFO: [ app_end ] --END-- [ RunTime:0.001000s ]

