[ 2016-10-18T09:39:21+08:00 ] 127.0.0.1 /
INFO: [ app_init ] --START--
INFO: Run Behavior\BuildLiteBehavior [ RunTime:0.000000s ]
INFO: [ app_init ] --END-- [ RunTime:0.000000s ]
INFO: [ app_begin ] --START--
INFO: Run Behavior\ReadHtmlCacheBehavior [ RunTime:0.001000s ]
INFO: [ app_begin ] --END-- [ RunTime:0.001000s ]
SQL: SHOW COLUMNS FROM `big_ad_pic` [ RunTime:0.0050s ]
SQL: SELECT * FROM `big_ad_pic` LIMIT 0,15   [ RunTime:0.0000s ]
SQL: SHOW COLUMNS FROM `kxzb` [ RunTime:0.0030s ]
SQL: SELECT * FROM `kxzb` ORDER BY id desc LIMIT 0,15   [ RunTime:0.0000s ]
SQL: SHOW COLUMNS FROM `xpzs` [ RunTime:0.0040s ]
SQL: SELECT * FROM `xpzs` ORDER BY id desc LIMIT 0,15   [ RunTime:0.0000s ]
SQL: SHOW COLUMNS FROM `syxh` [ RunTime:0.0040s ]
SQL: SELECT * FROM `syxh` ORDER BY id desc LIMIT 0,15   [ RunTime:0.0000s ]
SQL: SHOW COLUMNS FROM `cwzx` [ RunTime:0.0030s ]
SQL: SELECT * FROM `cwzx` ORDER BY id desc LIMIT 0,15   [ RunTime:0.0000s ]
INFO: [ view_parse ] --START--
INFO: [ template_filter ] --START--
INFO: Run Behavior\ContentReplaceBehavior [ RunTime:0.000000s ]
INFO: [ template_filter ] --END-- [ RunTime:0.000000s ]
INFO: Run Behavior\ParseTemplateBehavior [ RunTime:0.039002s ]
INFO: [ view_parse ] --END-- [ RunTime:0.039002s ]
INFO: [ view_filter ] --START--
INFO: Run Behavior\WriteHtmlCacheBehavior [ RunTime:0.004001s ]
INFO: [ view_filter ] --END-- [ RunTime:0.004001s ]
INFO: [ app_end ] --START--
INFO: Run Behavior\ShowPageTraceBehavior [ RunTime:0.001000s ]
INFO: [ app_end ] --END-- [ RunTime:0.001000s ]

[ 2016-10-18T09:39:26+08:00 ] 127.0.0.1 /index.php/Home/Index/indexVue?searchKey=undefined
INFO: [ app_init ] --START--
INFO: Run Behavior\BuildLiteBehavior [ RunTime:0.000000s ]
INFO: [ app_init ] --END-- [ RunTime:0.000000s ]
INFO: [ app_begin ] --START--
INFO: Run Behavior\ReadHtmlCacheBehavior [ RunTime:0.001000s ]
INFO: [ app_begin ] --END-- [ RunTime:0.001000s ]
SQL: SHOW COLUMNS FROM `big_ad_pic` [ RunTime:0.0030s ]
SQL: SELECT * FROM `big_ad_pic` LIMIT 0,15   [ RunTime:0.0010s ]
SQL: SHOW COLUMNS FROM `kxzb` [ RunTime:0.0030s ]
SQL: SELECT * FROM `kxzb` ORDER BY id desc LIMIT 0,15   [ RunTime:0.0010s ]
SQL: SHOW COLUMNS FROM `xpzs` [ RunTime:0.0030s ]
SQL: SELECT * FROM `xpzs` ORDER BY id desc LIMIT 0,15   [ RunTime:0.0010s ]
SQL: SHOW COLUMNS FROM `syxh` [ RunTime:0.0030s ]
SQL: SELECT * FROM `syxh` ORDER BY id desc LIMIT 0,15   [ RunTime:0.0010s ]
SQL: SHOW COLUMNS FROM `cwzx` [ RunTime:0.0030s ]
SQL: SELECT * FROM `cwzx` ORDER BY id desc LIMIT 0,15   [ RunTime:0.0000s ]
INFO: [ app_end ] --START--
INFO: Run Behavior\ShowPageTraceBehavior [ RunTime:0.000000s ]
INFO: [ app_end ] --END-- [ RunTime:0.001000s ]

[ 2016-10-18T09:40:37+08:00 ] 127.0.0.1 /index.php/Home/Index/indexVue?searchKey=undefined
INFO: [ app_init ] --START--
INFO: Run Behavior\BuildLiteBehavior [ RunTime:0.000000s ]
INFO: [ app_init ] --END-- [ RunTime:0.000000s ]
INFO: [ app_begin ] --START--
INFO: Run Behavior\ReadHtmlCacheBehavior [ RunTime:0.001000s ]
INFO: [ app_begin ] --END-- [ RunTime:0.001000s ]
SQL: SHOW COLUMNS FROM `big_ad_pic` [ RunTime:0.0030s ]
SQL: SELECT * FROM `big_ad_pic` LIMIT 0,15   [ RunTime:0.0000s ]
SQL: SHOW COLUMNS FROM `kxzb` [ RunTime:0.0030s ]
SQL: SELECT * FROM `kxzb` ORDER BY id desc LIMIT 0,15   [ RunTime:0.0000s ]
SQL: SHOW COLUMNS FROM `xpzs` [ RunTime:0.0030s ]
SQL: SELECT * FROM `xpzs` ORDER BY id desc LIMIT 0,15   [ RunTime:0.0010s ]
SQL: SHOW COLUMNS FROM `syxh` [ RunTime:0.0030s ]
SQL: SELECT * FROM `syxh` ORDER BY id desc LIMIT 0,15   [ RunTime:0.0010s ]
SQL: SHOW COLUMNS FROM `cwzx` [ RunTime:0.0040s ]
SQL: SELECT * FROM `cwzx` ORDER BY id desc LIMIT 0,15   [ RunTime:0.0010s ]
INFO: [ app_end ] --START--
INFO: Run Behavior\ShowPageTraceBehavior [ RunTime:0.001000s ]
INFO: [ app_end ] --END-- [ RunTime:0.001000s ]

[ 2016-10-18T09:41:36+08:00 ] 127.0.0.1 /index.php/Home/Index/indexVue?searchKey=undefined
INFO: [ app_init ] --START--
INFO: Run Behavior\BuildLiteBehavior [ RunTime:0.000000s ]
INFO: [ app_init ] --END-- [ RunTime:0.000000s ]
INFO: [ app_begin ] --START--
INFO: Run Behavior\ReadHtmlCacheBehavior [ RunTime:0.001000s ]
INFO: [ app_begin ] --END-- [ RunTime:0.001000s ]
SQL: SHOW COLUMNS FROM `big_ad_pic` [ RunTime:0.0030s ]
SQL: SELECT * FROM `big_ad_pic` LIMIT 0,15   [ RunTime:0.0000s ]
SQL: SHOW COLUMNS FROM `kxzb` [ RunTime:0.0030s ]
SQL: SELECT * FROM `kxzb` ORDER BY id desc LIMIT 0,15   [ RunTime:0.0000s ]
SQL: SHOW COLUMNS FROM `xpzs` [ RunTime:0.0030s ]
SQL: SELECT * FROM `xpzs` ORDER BY id desc LIMIT 0,15   [ RunTime:0.0000s ]
SQL: SHOW COLUMNS FROM `syxh` [ RunTime:0.0030s ]
SQL: SELECT * FROM `syxh` ORDER BY id desc LIMIT 0,15   [ RunTime:0.0000s ]
SQL: SHOW COLUMNS FROM `cwzx` [ RunTime:0.0030s ]
SQL: SELECT * FROM `cwzx` ORDER BY id desc LIMIT 0,15   [ RunTime:0.0000s ]
INFO: [ app_end ] --START--
INFO: Run Behavior\ShowPageTraceBehavior [ RunTime:0.001001s ]
INFO: [ app_end ] --END-- [ RunTime:0.001001s ]

[ 2016-10-18T09:41:49+08:00 ] 127.0.0.1 /index.php/Home/Index/indexVue?searchKey=undefined
INFO: [ app_init ] --START--
INFO: Run Behavior\BuildLiteBehavior [ RunTime:0.000000s ]
INFO: [ app_init ] --END-- [ RunTime:0.000000s ]
INFO: [ app_begin ] --START--
INFO: Run Behavior\ReadHtmlCacheBehavior [ RunTime:0.001000s ]
INFO: [ app_begin ] --END-- [ RunTime:0.001000s ]
SQL: SHOW COLUMNS FROM `big_ad_pic` [ RunTime:0.0060s ]
SQL: SELECT * FROM `big_ad_pic` LIMIT 0,15   [ RunTime:0.0010s ]
SQL: SHOW COLUMNS FROM `kxzb` [ RunTime:0.0030s ]
SQL: SELECT * FROM `kxzb` ORDER BY id desc LIMIT 0,15   [ RunTime:0.0000s ]
SQL: SHOW COLUMNS FROM `xpzs` [ RunTime:0.0040s ]
SQL: SELECT * FROM `xpzs` ORDER BY id desc LIMIT 0,15   [ RunTime:0.0000s ]
SQL: SHOW COLUMNS FROM `syxh` [ RunTime:0.0030s ]
SQL: SELECT * FROM `syxh` ORDER BY id desc LIMIT 0,15   [ RunTime:0.0010s ]
SQL: SHOW COLUMNS FROM `cwzx` [ RunTime:0.0030s ]
SQL: SELECT * FROM `cwzx` ORDER BY id desc LIMIT 0,15   [ RunTime:0.0010s ]
INFO: [ app_end ] --START--
INFO: Run Behavior\ShowPageTraceBehavior [ RunTime:0.001000s ]
INFO: [ app_end ] --END-- [ RunTime:0.001000s ]

[ 2016-10-18T09:42:51+08:00 ] 127.0.0.1 /index.php/Home/Index/indexVue?searchKey=undefined
INFO: [ app_init ] --START--
INFO: Run Behavior\BuildLiteBehavior [ RunTime:0.001000s ]
INFO: [ app_init ] --END-- [ RunTime:0.001000s ]
INFO: [ app_begin ] --START--
INFO: Run Behavior\ReadHtmlCacheBehavior [ RunTime:0.001001s ]
INFO: [ app_begin ] --END-- [ RunTime:0.001001s ]
SQL: SHOW COLUMNS FROM `big_ad_pic` [ RunTime:0.0030s ]
SQL: SELECT * FROM `big_ad_pic` LIMIT 0,15   [ RunTime:0.0000s ]
SQL: SHOW COLUMNS FROM `kxzb` [ RunTime:0.0040s ]
SQL: SELECT * FROM `kxzb` ORDER BY id desc LIMIT 0,15   [ RunTime:0.0000s ]
SQL: SHOW COLUMNS FROM `xpzs` [ RunTime:0.0030s ]
SQL: SELECT * FROM `xpzs` ORDER BY id desc LIMIT 0,15   [ RunTime:0.0010s ]
SQL: SHOW COLUMNS FROM `syxh` [ RunTime:0.0030s ]
SQL: SELECT * FROM `syxh` ORDER BY id desc LIMIT 0,15   [ RunTime:0.0000s ]
SQL: SHOW COLUMNS FROM `cwzx` [ RunTime:0.0030s ]
SQL: SELECT * FROM `cwzx` ORDER BY id desc LIMIT 0,15   [ RunTime:0.0000s ]
INFO: [ app_end ] --START--
INFO: Run Behavior\ShowPageTraceBehavior [ RunTime:0.000000s ]
INFO: [ app_end ] --END-- [ RunTime:0.000000s ]

[ 2016-10-18T09:42:58+08:00 ] 127.0.0.1 /index.php/Home/Login/check
INFO: [ app_init ] --START--
INFO: Run Behavior\BuildLiteBehavior [ RunTime:0.000000s ]
INFO: [ app_init ] --END-- [ RunTime:0.000000s ]
INFO: [ app_begin ] --START--
INFO: Run Behavior\ReadHtmlCacheBehavior [ RunTime:0.000000s ]
INFO: [ app_begin ] --END-- [ RunTime:0.000000s ]
SQL: SHOW COLUMNS FROM `user` [ RunTime:0.0190s ]
SQL: SELECT `name`,`photo`,`password` FROM `user` WHERE `name` = 'MapleStory' AND `password` = 'e10adc3949ba59abbe56e057f20f883e' LIMIT 1   [ RunTime:0.0010s ]

[ 2016-10-18T09:43:00+08:00 ] 127.0.0.1 /index.php/Home/Login/verifying
INFO: [ app_init ] --START--
INFO: Run Behavior\BuildLiteBehavior [ RunTime:0.000000s ]
INFO: [ app_init ] --END-- [ RunTime:0.001000s ]
INFO: [ app_begin ] --START--
INFO: Run Behavior\ReadHtmlCacheBehavior [ RunTime:0.000000s ]
INFO: [ app_begin ] --END-- [ RunTime:0.001000s ]
SQL: SHOW COLUMNS FROM `user` [ RunTime:0.0030s ]
SQL: SELECT `name`,`photo`,`password` FROM `user` WHERE `name` = 'MapleStory' AND `password` = 'e10adc3949ba59abbe56e057f20f883e' LIMIT 1   [ RunTime:0.0010s ]

[ 2016-10-18T09:43:00+08:00 ] 127.0.0.1 /index.php/Home/Index/indexVue?searchKey=undefined
INFO: [ app_init ] --START--
INFO: Run Behavior\BuildLiteBehavior [ RunTime:0.000000s ]
INFO: [ app_init ] --END-- [ RunTime:0.001000s ]
INFO: [ app_begin ] --START--
INFO: Run Behavior\ReadHtmlCacheBehavior [ RunTime:0.001000s ]
INFO: [ app_begin ] --END-- [ RunTime:0.001000s ]
SQL: SHOW COLUMNS FROM `user` [ RunTime:0.0030s ]
SQL: SELECT `name`,`password`,`photo` FROM `user` WHERE `name` = 'MapleStory' AND `password` = '14e1b600b1fd579f47433b88e8d85291' LIMIT 1   [ RunTime:0.0010s ]
SQL: SHOW COLUMNS FROM `big_ad_pic` [ RunTime:0.0080s ]
SQL: SELECT * FROM `big_ad_pic` LIMIT 0,15   [ RunTime:0.0000s ]
SQL: SHOW COLUMNS FROM `kxzb` [ RunTime:0.0020s ]
SQL: SELECT * FROM `kxzb` ORDER BY id desc LIMIT 0,15   [ RunTime:0.0000s ]
SQL: SHOW COLUMNS FROM `xpzs` [ RunTime:0.0030s ]
SQL: SELECT * FROM `xpzs` ORDER BY id desc LIMIT 0,15   [ RunTime:0.0010s ]
SQL: SHOW COLUMNS FROM `syxh` [ RunTime:0.0030s ]
SQL: SELECT * FROM `syxh` ORDER BY id desc LIMIT 0,15   [ RunTime:0.0000s ]
SQL: SHOW COLUMNS FROM `cwzx` [ RunTime:0.0030s ]
SQL: SELECT * FROM `cwzx` ORDER BY id desc LIMIT 0,15   [ RunTime:0.0000s ]
INFO: [ app_end ] --START--
INFO: Run Behavior\ShowPageTraceBehavior [ RunTime:0.000000s ]
INFO: [ app_end ] --END-- [ RunTime:0.000000s ]

[ 2016-10-18T09:44:08+08:00 ] 127.0.0.1 /index.php/Home/Login/verifying
INFO: [ app_init ] --START--
INFO: Run Behavior\BuildLiteBehavior [ RunTime:0.000000s ]
INFO: [ app_init ] --END-- [ RunTime:0.000000s ]
INFO: [ app_begin ] --START--
INFO: Run Behavior\ReadHtmlCacheBehavior [ RunTime:0.001000s ]
INFO: [ app_begin ] --END-- [ RunTime:0.001000s ]
SQL: SHOW COLUMNS FROM `user` [ RunTime:0.0030s ]
SQL: SELECT `name`,`photo`,`password` FROM `user` WHERE `name` = 'MapleStory' AND `password` = 'e10adc3949ba59abbe56e057f20f883e' LIMIT 1   [ RunTime:0.0000s ]

[ 2016-10-18T09:44:09+08:00 ] 127.0.0.1 /index.php/Home/Index/indexVue?searchKey=undefined
INFO: [ app_init ] --START--
INFO: Run Behavior\BuildLiteBehavior [ RunTime:0.000000s ]
INFO: [ app_init ] --END-- [ RunTime:0.000000s ]
INFO: [ app_begin ] --START--
INFO: Run Behavior\ReadHtmlCacheBehavior [ RunTime:0.000000s ]
INFO: [ app_begin ] --END-- [ RunTime:0.000000s ]
SQL: SHOW COLUMNS FROM `user` [ RunTime:0.0050s ]
SQL: SELECT `name`,`password`,`photo` FROM `user` WHERE `name` = 'MapleStory' AND `password` = '14e1b600b1fd579f47433b88e8d85291' LIMIT 1   [ RunTime:0.0010s ]
SQL: SHOW COLUMNS FROM `big_ad_pic` [ RunTime:0.0030s ]
SQL: SELECT * FROM `big_ad_pic` LIMIT 0,15   [ RunTime:0.0000s ]
SQL: SHOW COLUMNS FROM `kxzb` [ RunTime:0.0030s ]
SQL: SELECT * FROM `kxzb` ORDER BY id desc LIMIT 0,15   [ RunTime:0.0010s ]
SQL: SHOW COLUMNS FROM `xpzs` [ RunTime:0.0030s ]
SQL: SELECT * FROM `xpzs` ORDER BY id desc LIMIT 0,15   [ RunTime:0.0000s ]
SQL: SHOW COLUMNS FROM `syxh` [ RunTime:0.0040s ]
SQL: SELECT * FROM `syxh` ORDER BY id desc LIMIT 0,15   [ RunTime:0.0000s ]
SQL: SHOW COLUMNS FROM `cwzx` [ RunTime:0.0030s ]
SQL: SELECT * FROM `cwzx` ORDER BY id desc LIMIT 0,15   [ RunTime:0.0000s ]
INFO: [ app_end ] --START--
INFO: Run Behavior\ShowPageTraceBehavior [ RunTime:0.001000s ]
INFO: [ app_end ] --END-- [ RunTime:0.001000s ]

[ 2016-10-18T09:44:12+08:00 ] 127.0.0.1 /index.php/Home/Login/signout
INFO: [ app_init ] --START--
INFO: Run Behavior\BuildLiteBehavior [ RunTime:0.000000s ]
INFO: [ app_init ] --END-- [ RunTime:0.000000s ]
INFO: [ app_begin ] --START--
INFO: Run Behavior\ReadHtmlCacheBehavior [ RunTime:0.000000s ]
INFO: [ app_begin ] --END-- [ RunTime:0.001000s ]
INFO: [ app_end ] --START--
INFO: Run Behavior\ShowPageTraceBehavior [ RunTime:0.001000s ]
INFO: [ app_end ] --END-- [ RunTime:0.001000s ]

[ 2016-10-18T09:44:14+08:00 ] 127.0.0.1 /index.php/Home/Index/indexVue?searchKey=undefined
INFO: [ app_init ] --START--
INFO: Run Behavior\BuildLiteBehavior [ RunTime:0.000000s ]
INFO: [ app_init ] --END-- [ RunTime:0.001000s ]
INFO: [ app_begin ] --START--
INFO: Run Behavior\ReadHtmlCacheBehavior [ RunTime:0.001000s ]
INFO: [ app_begin ] --END-- [ RunTime:0.001000s ]
SQL: SHOW COLUMNS FROM `big_ad_pic` [ RunTime:0.0030s ]
SQL: SELECT * FROM `big_ad_pic` LIMIT 0,15   [ RunTime:0.0000s ]
SQL: SHOW COLUMNS FROM `kxzb` [ RunTime:0.0030s ]
SQL: SELECT * FROM `kxzb` ORDER BY id desc LIMIT 0,15   [ RunTime:0.0000s ]
SQL: SHOW COLUMNS FROM `xpzs` [ RunTime:0.0030s ]
SQL: SELECT * FROM `xpzs` ORDER BY id desc LIMIT 0,15   [ RunTime:0.0000s ]
SQL: SHOW COLUMNS FROM `syxh` [ RunTime:0.0040s ]
SQL: SELECT * FROM `syxh` ORDER BY id desc LIMIT 0,15   [ RunTime:0.0000s ]
SQL: SHOW COLUMNS FROM `cwzx` [ RunTime:0.0030s ]
SQL: SELECT * FROM `cwzx` ORDER BY id desc LIMIT 0,15   [ RunTime:0.0000s ]
INFO: [ app_end ] --START--
INFO: Run Behavior\ShowPageTraceBehavior [ RunTime:0.000000s ]
INFO: [ app_end ] --END-- [ RunTime:0.000000s ]

[ 2016-10-18T09:45:01+08:00 ] 127.0.0.1 /index.php/Home/Index/indexVue?searchKey=undefined
INFO: [ app_init ] --START--
INFO: Run Behavior\BuildLiteBehavior [ RunTime:0.000000s ]
INFO: [ app_init ] --END-- [ RunTime:0.001000s ]
INFO: [ app_begin ] --START--
INFO: Run Behavior\ReadHtmlCacheBehavior [ RunTime:0.001000s ]
INFO: [ app_begin ] --END-- [ RunTime:0.002000s ]
SQL: SHOW COLUMNS FROM `big_ad_pic` [ RunTime:0.0030s ]
SQL: SELECT * FROM `big_ad_pic` LIMIT 0,15   [ RunTime:0.0000s ]
SQL: SHOW COLUMNS FROM `kxzb` [ RunTime:0.0040s ]
SQL: SELECT * FROM `kxzb` ORDER BY id desc LIMIT 0,15   [ RunTime:0.0000s ]
SQL: SHOW COLUMNS FROM `xpzs` [ RunTime:0.0030s ]
SQL: SELECT * FROM `xpzs` ORDER BY id desc LIMIT 0,15   [ RunTime:0.0000s ]
SQL: SHOW COLUMNS FROM `syxh` [ RunTime:0.0030s ]
SQL: SELECT * FROM `syxh` ORDER BY id desc LIMIT 0,15   [ RunTime:0.0000s ]
SQL: SHOW COLUMNS FROM `cwzx` [ RunTime:0.0030s ]
SQL: SELECT * FROM `cwzx` ORDER BY id desc LIMIT 0,15   [ RunTime:0.0000s ]
INFO: [ app_end ] --START--
INFO: Run Behavior\ShowPageTraceBehavior [ RunTime:0.000000s ]
INFO: [ app_end ] --END-- [ RunTime:0.000000s ]

[ 2016-10-18T09:45:42+08:00 ] 127.0.0.1 /index.php/Home/Index/indexVue?searchKey=undefined
INFO: [ app_init ] --START--
INFO: Run Behavior\BuildLiteBehavior [ RunTime:0.000000s ]
INFO: [ app_init ] --END-- [ RunTime:0.001000s ]
INFO: [ app_begin ] --START--
INFO: Run Behavior\ReadHtmlCacheBehavior [ RunTime:0.001000s ]
INFO: [ app_begin ] --END-- [ RunTime:0.001000s ]
SQL: SHOW COLUMNS FROM `big_ad_pic` [ RunTime:0.0030s ]
SQL: SELECT * FROM `big_ad_pic` LIMIT 0,15   [ RunTime:0.0010s ]
SQL: SHOW COLUMNS FROM `kxzb` [ RunTime:0.0030s ]
SQL: SELECT * FROM `kxzb` ORDER BY id desc LIMIT 0,15   [ RunTime:0.0010s ]
SQL: SHOW COLUMNS FROM `xpzs` [ RunTime:0.0030s ]
SQL: SELECT * FROM `xpzs` ORDER BY id desc LIMIT 0,15   [ RunTime:0.0010s ]
SQL: SHOW COLUMNS FROM `syxh` [ RunTime:0.0030s ]
SQL: SELECT * FROM `syxh` ORDER BY id desc LIMIT 0,15   [ RunTime:0.0000s ]
SQL: SHOW COLUMNS FROM `cwzx` [ RunTime:0.0030s ]
SQL: SELECT * FROM `cwzx` ORDER BY id desc LIMIT 0,15   [ RunTime:0.0000s ]
INFO: [ app_end ] --START--
INFO: Run Behavior\ShowPageTraceBehavior [ RunTime:0.001000s ]
INFO: [ app_end ] --END-- [ RunTime:0.001000s ]

[ 2016-10-18T09:48:17+08:00 ] 127.0.0.1 /index.php/Home/Index/indexVue?searchKey=undefined
INFO: [ app_init ] --START--
INFO: Run Behavior\BuildLiteBehavior [ RunTime:0.000000s ]
INFO: [ app_init ] --END-- [ RunTime:0.000000s ]
INFO: [ app_begin ] --START--
INFO: Run Behavior\ReadHtmlCacheBehavior [ RunTime:0.001000s ]
INFO: [ app_begin ] --END-- [ RunTime:0.001000s ]
SQL: SHOW COLUMNS FROM `big_ad_pic` [ RunTime:0.0030s ]
SQL: SELECT * FROM `big_ad_pic` LIMIT 0,15   [ RunTime:0.0000s ]
SQL: SHOW COLUMNS FROM `kxzb` [ RunTime:0.0030s ]
SQL: SELECT * FROM `kxzb` ORDER BY id desc LIMIT 0,15   [ RunTime:0.0010s ]
SQL: SHOW COLUMNS FROM `xpzs` [ RunTime:0.0030s ]
SQL: SELECT * FROM `xpzs` ORDER BY id desc LIMIT 0,15   [ RunTime:0.0000s ]
SQL: SHOW COLUMNS FROM `syxh` [ RunTime:0.0030s ]
SQL: SELECT * FROM `syxh` ORDER BY id desc LIMIT 0,15   [ RunTime:0.0000s ]
SQL: SHOW COLUMNS FROM `cwzx` [ RunTime:0.0030s ]
SQL: SELECT * FROM `cwzx` ORDER BY id desc LIMIT 0,15   [ RunTime:0.0000s ]
INFO: [ app_end ] --START--
INFO: Run Behavior\ShowPageTraceBehavior [ RunTime:0.000000s ]
INFO: [ app_end ] --END-- [ RunTime:0.000000s ]

[ 2016-10-18T09:48:53+08:00 ] 127.0.0.1 /index.php/Home/Index/indexVue?searchKey=undefined
INFO: [ app_init ] --START--
INFO: Run Behavior\BuildLiteBehavior [ RunTime:0.000000s ]
INFO: [ app_init ] --END-- [ RunTime:0.002000s ]
INFO: [ app_begin ] --START--
INFO: Run Behavior\ReadHtmlCacheBehavior [ RunTime:0.000000s ]
INFO: [ app_begin ] --END-- [ RunTime:0.001000s ]
SQL: SHOW COLUMNS FROM `big_ad_pic` [ RunTime:0.0030s ]
SQL: SELECT * FROM `big_ad_pic` LIMIT 0,15   [ RunTime:0.0000s ]
SQL: SHOW COLUMNS FROM `kxzb` [ RunTime:0.0030s ]
SQL: SELECT * FROM `kxzb` ORDER BY id desc LIMIT 0,15   [ RunTime:0.0000s ]
SQL: SHOW COLUMNS FROM `xpzs` [ RunTime:0.0030s ]
SQL: SELECT * FROM `xpzs` ORDER BY id desc LIMIT 0,15   [ RunTime:0.0000s ]
SQL: SHOW COLUMNS FROM `syxh` [ RunTime:0.0030s ]
SQL: SELECT * FROM `syxh` ORDER BY id desc LIMIT 0,15   [ RunTime:0.0010s ]
SQL: SHOW COLUMNS FROM `cwzx` [ RunTime:0.0030s ]
SQL: SELECT * FROM `cwzx` ORDER BY id desc LIMIT 0,15   [ RunTime:0.0010s ]
INFO: [ app_end ] --START--
INFO: Run Behavior\ShowPageTraceBehavior [ RunTime:0.000000s ]
INFO: [ app_end ] --END-- [ RunTime:0.000000s ]

[ 2016-10-18T09:50:05+08:00 ] 127.0.0.1 /index.php/Home/Index/indexVue?searchKey=undefined
INFO: [ app_init ] --START--
INFO: Run Behavior\BuildLiteBehavior [ RunTime:0.000000s ]
INFO: [ app_init ] --END-- [ RunTime:0.001000s ]
INFO: [ app_begin ] --START--
INFO: Run Behavior\ReadHtmlCacheBehavior [ RunTime:0.001000s ]
INFO: [ app_begin ] --END-- [ RunTime:0.001000s ]
SQL: SHOW COLUMNS FROM `big_ad_pic` [ RunTime:0.0030s ]
SQL: SELECT * FROM `big_ad_pic` LIMIT 0,15   [ RunTime:0.0000s ]
SQL: SHOW COLUMNS FROM `kxzb` [ RunTime:0.0030s ]
SQL: SELECT * FROM `kxzb` ORDER BY id desc LIMIT 0,15   [ RunTime:0.0000s ]
SQL: SHOW COLUMNS FROM `xpzs` [ RunTime:0.0020s ]
SQL: SELECT * FROM `xpzs` ORDER BY id desc LIMIT 0,15   [ RunTime:0.0000s ]
SQL: SHOW COLUMNS FROM `syxh` [ RunTime:0.0030s ]
SQL: SELECT * FROM `syxh` ORDER BY id desc LIMIT 0,15   [ RunTime:0.0000s ]
SQL: SHOW COLUMNS FROM `cwzx` [ RunTime:0.0030s ]
SQL: SELECT * FROM `cwzx` ORDER BY id desc LIMIT 0,15   [ RunTime:0.0000s ]
INFO: [ app_end ] --START--
INFO: Run Behavior\ShowPageTraceBehavior [ RunTime:0.000000s ]
INFO: [ app_end ] --END-- [ RunTime:0.000000s ]

[ 2016-10-18T09:50:13+08:00 ] 127.0.0.1 /index.php/Home/Login/check
INFO: [ app_init ] --START--
INFO: Run Behavior\BuildLiteBehavior [ RunTime:0.000000s ]
INFO: [ app_init ] --END-- [ RunTime:0.001000s ]
INFO: [ app_begin ] --START--
INFO: Run Behavior\ReadHtmlCacheBehavior [ RunTime:0.002000s ]
INFO: [ app_begin ] --END-- [ RunTime:0.002000s ]
SQL: SHOW COLUMNS FROM `user` [ RunTime:0.0040s ]
SQL: SELECT `name`,`photo`,`password` FROM `user` WHERE `name` = 'MapleStory' AND `password` = 'e10adc3949ba59abbe56e057f20f883e' LIMIT 1   [ RunTime:0.0000s ]

[ 2016-10-18T09:50:14+08:00 ] 127.0.0.1 /index.php/Home/Login/verifying
INFO: [ app_init ] --START--
INFO: Run Behavior\BuildLiteBehavior [ RunTime:0.000000s ]
INFO: [ app_init ] --END-- [ RunTime:0.000000s ]
INFO: [ app_begin ] --START--
INFO: Run Behavior\ReadHtmlCacheBehavior [ RunTime:0.000000s ]
INFO: [ app_begin ] --END-- [ RunTime:0.000000s ]
SQL: SHOW COLUMNS FROM `user` [ RunTime:0.0040s ]
SQL: SELECT `name`,`photo`,`password` FROM `user` WHERE `name` = 'MapleStory' AND `password` = 'e10adc3949ba59abbe56e057f20f883e' LIMIT 1   [ RunTime:0.0010s ]

[ 2016-10-18T09:50:14+08:00 ] 127.0.0.1 /index.php/Home/Index/indexVue?searchKey=undefined
INFO: [ app_init ] --START--
INFO: Run Behavior\BuildLiteBehavior [ RunTime:0.000000s ]
INFO: [ app_init ] --END-- [ RunTime:0.001000s ]
INFO: [ app_begin ] --START--
INFO: Run Behavior\ReadHtmlCacheBehavior [ RunTime:0.001000s ]
INFO: [ app_begin ] --END-- [ RunTime:0.001000s ]
SQL: SHOW COLUMNS FROM `user` [ RunTime:0.0030s ]
SQL: SELECT `name`,`password`,`photo` FROM `user` WHERE `name` = 'MapleStory' AND `password` = '14e1b600b1fd579f47433b88e8d85291' LIMIT 1   [ RunTime:0.0000s ]
SQL: SHOW COLUMNS FROM `big_ad_pic` [ RunTime:0.0030s ]
SQL: SELECT * FROM `big_ad_pic` LIMIT 0,15   [ RunTime:0.0000s ]
SQL: SHOW COLUMNS FROM `kxzb` [ RunTime:0.0030s ]
SQL: SELECT * FROM `kxzb` ORDER BY id desc LIMIT 0,15   [ RunTime:0.0000s ]
SQL: SHOW COLUMNS FROM `xpzs` [ RunTime:0.0030s ]
SQL: SELECT * FROM `xpzs` ORDER BY id desc LIMIT 0,15   [ RunTime:0.0010s ]
SQL: SHOW COLUMNS FROM `syxh` [ RunTime:0.0030s ]
SQL: SELECT * FROM `syxh` ORDER BY id desc LIMIT 0,15   [ RunTime:0.0010s ]
SQL: SHOW COLUMNS FROM `cwzx` [ RunTime:0.0030s ]
SQL: SELECT * FROM `cwzx` ORDER BY id desc LIMIT 0,15   [ RunTime:0.0000s ]
INFO: [ app_end ] --START--
INFO: Run Behavior\ShowPageTraceBehavior [ RunTime:0.000000s ]
INFO: [ app_end ] --END-- [ RunTime:0.001000s ]

[ 2016-10-18T09:50:17+08:00 ] 127.0.0.1 /index.php/Home/Login/signout
INFO: [ app_init ] --START--
INFO: Run Behavior\BuildLiteBehavior [ RunTime:0.000000s ]
INFO: [ app_init ] --END-- [ RunTime:0.001000s ]
INFO: [ app_begin ] --START--
INFO: Run Behavior\ReadHtmlCacheBehavior [ RunTime:0.001000s ]
INFO: [ app_begin ] --END-- [ RunTime:0.001000s ]
INFO: [ app_end ] --START--
INFO: Run Behavior\ShowPageTraceBehavior [ RunTime:0.000000s ]
INFO: [ app_end ] --END-- [ RunTime:0.002001s ]

[ 2016-10-18T09:51:20+08:00 ] 127.0.0.1 /index.php/Home/Index/indexVue?searchKey=undefined
INFO: [ app_init ] --START--
INFO: Run Behavior\BuildLiteBehavior [ RunTime:0.000000s ]
INFO: [ app_init ] --END-- [ RunTime:0.000000s ]
INFO: [ app_begin ] --START--
INFO: Run Behavior\ReadHtmlCacheBehavior [ RunTime:0.001000s ]
INFO: [ app_begin ] --END-- [ RunTime:0.001000s ]
SQL: SHOW COLUMNS FROM `big_ad_pic` [ RunTime:0.0030s ]
SQL: SELECT * FROM `big_ad_pic` LIMIT 0,15   [ RunTime:0.0010s ]
SQL: SHOW COLUMNS FROM `kxzb` [ RunTime:0.0030s ]
SQL: SELECT * FROM `kxzb` ORDER BY id desc LIMIT 0,15   [ RunTime:0.0000s ]
SQL: SHOW COLUMNS FROM `xpzs` [ RunTime:0.0040s ]
SQL: SELECT * FROM `xpzs` ORDER BY id desc LIMIT 0,15   [ RunTime:0.0010s ]
SQL: SHOW COLUMNS FROM `syxh` [ RunTime:0.0030s ]
SQL: SELECT * FROM `syxh` ORDER BY id desc LIMIT 0,15   [ RunTime:0.0010s ]
SQL: SHOW COLUMNS FROM `cwzx` [ RunTime:0.0030s ]
SQL: SELECT * FROM `cwzx` ORDER BY id desc LIMIT 0,15   [ RunTime:0.0000s ]
INFO: [ app_end ] --START--
INFO: Run Behavior\ShowPageTraceBehavior [ RunTime:0.001000s ]
INFO: [ app_end ] --END-- [ RunTime:0.001000s ]

[ 2016-10-18T09:52:03+08:00 ] 127.0.0.1 /index.php/Home/Index/indexVue?searchKey=undefined
INFO: [ app_init ] --START--
INFO: Run Behavior\BuildLiteBehavior [ RunTime:0.000000s ]
INFO: [ app_init ] --END-- [ RunTime:0.000000s ]
INFO: [ app_begin ] --START--
INFO: Run Behavior\ReadHtmlCacheBehavior [ RunTime:0.001000s ]
INFO: [ app_begin ] --END-- [ RunTime:0.001000s ]
SQL: SHOW COLUMNS FROM `big_ad_pic` [ RunTime:0.0030s ]
SQL: SELECT * FROM `big_ad_pic` LIMIT 0,15   [ RunTime:0.0000s ]
SQL: SHOW COLUMNS FROM `kxzb` [ RunTime:0.0040s ]
SQL: SELECT * FROM `kxzb` ORDER BY id desc LIMIT 0,15   [ RunTime:0.0010s ]
SQL: SHOW COLUMNS FROM `xpzs` [ RunTime:0.0030s ]
SQL: SELECT * FROM `xpzs` ORDER BY id desc LIMIT 0,15   [ RunTime:0.0010s ]
SQL: SHOW COLUMNS FROM `syxh` [ RunTime:0.0030s ]
SQL: SELECT * FROM `syxh` ORDER BY id desc LIMIT 0,15   [ RunTime:0.0010s ]
SQL: SHOW COLUMNS FROM `cwzx` [ RunTime:0.0030s ]
SQL: SELECT * FROM `cwzx` ORDER BY id desc LIMIT 0,15   [ RunTime:0.0000s ]
INFO: [ app_end ] --START--
INFO: Run Behavior\ShowPageTraceBehavior [ RunTime:0.001000s ]
INFO: [ app_end ] --END-- [ RunTime:0.001000s ]

[ 2016-10-18T09:52:25+08:00 ] 127.0.0.1 /index.php/Home/Index/indexVue?searchKey=undefined
INFO: [ app_init ] --START--
INFO: Run Behavior\BuildLiteBehavior [ RunTime:0.000000s ]
INFO: [ app_init ] --END-- [ RunTime:0.000000s ]
INFO: [ app_begin ] --START--
INFO: Run Behavior\ReadHtmlCacheBehavior [ RunTime:0.000000s ]
INFO: [ app_begin ] --END-- [ RunTime:0.000000s ]
SQL: SHOW COLUMNS FROM `big_ad_pic` [ RunTime:0.0030s ]
SQL: SELECT * FROM `big_ad_pic` LIMIT 0,15   [ RunTime:0.0000s ]
SQL: SHOW COLUMNS FROM `kxzb` [ RunTime:0.0030s ]
SQL: SELECT * FROM `kxzb` ORDER BY id desc LIMIT 0,15   [ RunTime:0.0010s ]
SQL: SHOW COLUMNS FROM `xpzs` [ RunTime:0.0030s ]
SQL: SELECT * FROM `xpzs` ORDER BY id desc LIMIT 0,15   [ RunTime:0.0010s ]
SQL: SHOW COLUMNS FROM `syxh` [ RunTime:0.0030s ]
SQL: SELECT * FROM `syxh` ORDER BY id desc LIMIT 0,15   [ RunTime:0.0000s ]
SQL: SHOW COLUMNS FROM `cwzx` [ RunTime:0.0040s ]
SQL: SELECT * FROM `cwzx` ORDER BY id desc LIMIT 0,15   [ RunTime:0.0000s ]
INFO: [ app_end ] --START--
INFO: Run Behavior\ShowPageTraceBehavior [ RunTime:0.000000s ]
INFO: [ app_end ] --END-- [ RunTime:0.000000s ]

[ 2016-10-18T09:52:29+08:00 ] 127.0.0.1 /index.php/Home/Index/indexVue?searchKey=undefined
INFO: [ app_init ] --START--
INFO: Run Behavior\BuildLiteBehavior [ RunTime:0.000000s ]
INFO: [ app_init ] --END-- [ RunTime:0.000000s ]
INFO: [ app_begin ] --START--
INFO: Run Behavior\ReadHtmlCacheBehavior [ RunTime:0.001000s ]
INFO: [ app_begin ] --END-- [ RunTime:0.001000s ]
SQL: SHOW COLUMNS FROM `big_ad_pic` [ RunTime:0.0030s ]
SQL: SELECT * FROM `big_ad_pic` LIMIT 0,15   [ RunTime:0.0000s ]
SQL: SHOW COLUMNS FROM `kxzb` [ RunTime:0.0030s ]
SQL: SELECT * FROM `kxzb` ORDER BY id desc LIMIT 0,15   [ RunTime:0.0000s ]
SQL: SHOW COLUMNS FROM `xpzs` [ RunTime:0.0030s ]
SQL: SELECT * FROM `xpzs` ORDER BY id desc LIMIT 0,15   [ RunTime:0.0000s ]
SQL: SHOW COLUMNS FROM `syxh` [ RunTime:0.0030s ]
SQL: SELECT * FROM `syxh` ORDER BY id desc LIMIT 0,15   [ RunTime:0.0010s ]
SQL: SHOW COLUMNS FROM `cwzx` [ RunTime:0.0030s ]
SQL: SELECT * FROM `cwzx` ORDER BY id desc LIMIT 0,15   [ RunTime:0.0000s ]
INFO: [ app_end ] --START--
INFO: Run Behavior\ShowPageTraceBehavior [ RunTime:0.001000s ]
INFO: [ app_end ] --END-- [ RunTime:0.001000s ]

[ 2016-10-18T09:52:38+08:00 ] 127.0.0.1 /index.php/Home/Index/indexVue?searchKey=undefined
INFO: [ app_init ] --START--
INFO: Run Behavior\BuildLiteBehavior [ RunTime:0.000000s ]
INFO: [ app_init ] --END-- [ RunTime:0.000000s ]
INFO: [ app_begin ] --START--
INFO: Run Behavior\ReadHtmlCacheBehavior [ RunTime:0.000000s ]
INFO: [ app_begin ] --END-- [ RunTime:0.000000s ]
SQL: SHOW COLUMNS FROM `big_ad_pic` [ RunTime:0.0030s ]
SQL: SELECT * FROM `big_ad_pic` LIMIT 0,15   [ RunTime:0.0000s ]
SQL: SHOW COLUMNS FROM `kxzb` [ RunTime:0.0030s ]
SQL: SELECT * FROM `kxzb` ORDER BY id desc LIMIT 0,15   [ RunTime:0.0010s ]
SQL: SHOW COLUMNS FROM `xpzs` [ RunTime:0.0030s ]
SQL: SELECT * FROM `xpzs` ORDER BY id desc LIMIT 0,15   [ RunTime:0.0000s ]
SQL: SHOW COLUMNS FROM `syxh` [ RunTime:0.0030s ]
SQL: SELECT * FROM `syxh` ORDER BY id desc LIMIT 0,15   [ RunTime:0.0000s ]
SQL: SHOW COLUMNS FROM `cwzx` [ RunTime:0.0030s ]
SQL: SELECT * FROM `cwzx` ORDER BY id desc LIMIT 0,15   [ RunTime:0.0000s ]
INFO: [ app_end ] --START--
INFO: Run Behavior\ShowPageTraceBehavior [ RunTime:0.000000s ]
INFO: [ app_end ] --END-- [ RunTime:0.000000s ]

[ 2016-10-18T10:01:11+08:00 ] 127.0.0.1 /index.php/Home/Index/indexVue?searchKey=undefined
INFO: [ app_init ] --START--
INFO: Run Behavior\BuildLiteBehavior [ RunTime:0.000000s ]
INFO: [ app_init ] --END-- [ RunTime:0.000000s ]
INFO: [ app_begin ] --START--
INFO: Run Behavior\ReadHtmlCacheBehavior [ RunTime:0.001000s ]
INFO: [ app_begin ] --END-- [ RunTime:0.001000s ]
SQL: SHOW COLUMNS FROM `big_ad_pic` [ RunTime:0.0040s ]
SQL: SELECT * FROM `big_ad_pic` LIMIT 0,15   [ RunTime:0.0000s ]
SQL: SHOW COLUMNS FROM `kxzb` [ RunTime:0.0030s ]
SQL: SELECT * FROM `kxzb` ORDER BY id desc LIMIT 0,15   [ RunTime:0.0000s ]
SQL: SHOW COLUMNS FROM `xpzs` [ RunTime:0.0030s ]
SQL: SELECT * FROM `xpzs` ORDER BY id desc LIMIT 0,15   [ RunTime:0.0010s ]
SQL: SHOW COLUMNS FROM `syxh` [ RunTime:0.0030s ]
SQL: SELECT * FROM `syxh` ORDER BY id desc LIMIT 0,15   [ RunTime:0.0010s ]
SQL: SHOW COLUMNS FROM `cwzx` [ RunTime:0.0030s ]
SQL: SELECT * FROM `cwzx` ORDER BY id desc LIMIT 0,15   [ RunTime:0.0000s ]
INFO: [ app_end ] --START--
INFO: Run Behavior\ShowPageTraceBehavior [ RunTime:0.001000s ]
INFO: [ app_end ] --END-- [ RunTime:0.001000s ]

[ 2016-10-18T10:01:29+08:00 ] 127.0.0.1 /index.php/Home/Index/indexVue?searchKey=undefined
INFO: [ app_init ] --START--
INFO: Run Behavior\BuildLiteBehavior [ RunTime:0.000000s ]
INFO: [ app_init ] --END-- [ RunTime:0.000000s ]
INFO: [ app_begin ] --START--
INFO: Run Behavior\ReadHtmlCacheBehavior [ RunTime:0.001000s ]
INFO: [ app_begin ] --END-- [ RunTime:0.001000s ]
SQL: SHOW COLUMNS FROM `big_ad_pic` [ RunTime:0.0030s ]
SQL: SELECT * FROM `big_ad_pic` LIMIT 0,15   [ RunTime:0.0000s ]
SQL: SHOW COLUMNS FROM `kxzb` [ RunTime:0.0030s ]
SQL: SELECT * FROM `kxzb` ORDER BY id desc LIMIT 0,15   [ RunTime:0.0000s ]
SQL: SHOW COLUMNS FROM `xpzs` [ RunTime:0.0030s ]
SQL: SELECT * FROM `xpzs` ORDER BY id desc LIMIT 0,15   [ RunTime:0.0000s ]
SQL: SHOW COLUMNS FROM `syxh` [ RunTime:0.0030s ]
SQL: SELECT * FROM `syxh` ORDER BY id desc LIMIT 0,15   [ RunTime:0.0000s ]
SQL: SHOW COLUMNS FROM `cwzx` [ RunTime:0.0030s ]
SQL: SELECT * FROM `cwzx` ORDER BY id desc LIMIT 0,15   [ RunTime:0.0010s ]
INFO: [ app_end ] --START--
INFO: Run Behavior\ShowPageTraceBehavior [ RunTime:0.001000s ]
INFO: [ app_end ] --END-- [ RunTime:0.001000s ]

[ 2016-10-18T10:01:34+08:00 ] 127.0.0.1 /index.php/Home/Login/check
INFO: [ app_init ] --START--
INFO: Run Behavior\BuildLiteBehavior [ RunTime:0.000000s ]
INFO: [ app_init ] --END-- [ RunTime:0.000000s ]
INFO: [ app_begin ] --START--
INFO: Run Behavior\ReadHtmlCacheBehavior [ RunTime:0.001000s ]
INFO: [ app_begin ] --END-- [ RunTime:0.001000s ]
SQL: SHOW COLUMNS FROM `user` [ RunTime:0.0050s ]
SQL: SELECT `name`,`photo`,`password` FROM `user` WHERE `name` = 'MapleStory' AND `password` = 'e10adc3949ba59abbe56e057f20f883e' LIMIT 1   [ RunTime:0.0000s ]

[ 2016-10-18T10:01:36+08:00 ] 127.0.0.1 /index.php/Home/Login/verifying
INFO: [ app_init ] --START--
INFO: Run Behavior\BuildLiteBehavior [ RunTime:0.000000s ]
INFO: [ app_init ] --END-- [ RunTime:0.000000s ]
INFO: [ app_begin ] --START--
INFO: Run Behavior\ReadHtmlCacheBehavior [ RunTime:0.001000s ]
INFO: [ app_begin ] --END-- [ RunTime:0.001000s ]
SQL: SHOW COLUMNS FROM `user` [ RunTime:0.0020s ]
SQL: SELECT `name`,`photo`,`password` FROM `user` WHERE `name` = 'MapleStory' AND `password` = 'e10adc3949ba59abbe56e057f20f883e' LIMIT 1   [ RunTime:0.0000s ]

[ 2016-10-18T10:01:36+08:00 ] 127.0.0.1 /index.php/Home/Index/indexVue?searchKey=undefined
INFO: [ app_init ] --START--
INFO: Run Behavior\BuildLiteBehavior [ RunTime:0.000000s ]
INFO: [ app_init ] --END-- [ RunTime:0.000000s ]
INFO: [ app_begin ] --START--
INFO: Run Behavior\ReadHtmlCacheBehavior [ RunTime:0.000000s ]
INFO: [ app_begin ] --END-- [ RunTime:0.000000s ]
SQL: SHOW COLUMNS FROM `user` [ RunTime:0.0030s ]
SQL: SELECT `name`,`password`,`photo` FROM `user` WHERE `name` = 'MapleStory' AND `password` = '14e1b600b1fd579f47433b88e8d85291' LIMIT 1   [ RunTime:0.0000s ]
SQL: SHOW COLUMNS FROM `big_ad_pic` [ RunTime:0.0030s ]
SQL: SELECT * FROM `big_ad_pic` LIMIT 0,15   [ RunTime:0.0000s ]
SQL: SHOW COLUMNS FROM `kxzb` [ RunTime:0.0030s ]
SQL: SELECT * FROM `kxzb` ORDER BY id desc LIMIT 0,15   [ RunTime:0.0000s ]
SQL: SHOW COLUMNS FROM `xpzs` [ RunTime:0.0030s ]
SQL: SELECT * FROM `xpzs` ORDER BY id desc LIMIT 0,15   [ RunTime:0.0010s ]
SQL: SHOW COLUMNS FROM `syxh` [ RunTime:0.0030s ]
SQL: SELECT * FROM `syxh` ORDER BY id desc LIMIT 0,15   [ RunTime:0.0010s ]
SQL: SHOW COLUMNS FROM `cwzx` [ RunTime:0.0030s ]
SQL: SELECT * FROM `cwzx` ORDER BY id desc LIMIT 0,15   [ RunTime:0.0010s ]
INFO: [ app_end ] --START--
INFO: Run Behavior\ShowPageTraceBehavior [ RunTime:0.000000s ]
INFO: [ app_end ] --END-- [ RunTime:0.001000s ]

[ 2016-10-18T10:01:38+08:00 ] 127.0.0.1 /index.php/Home/Login/signout
INFO: [ app_init ] --START--
INFO: Run Behavior\BuildLiteBehavior [ RunTime:0.000000s ]
INFO: [ app_init ] --END-- [ RunTime:0.001000s ]
INFO: [ app_begin ] --START--
INFO: Run Behavior\ReadHtmlCacheBehavior [ RunTime:0.001000s ]
INFO: [ app_begin ] --END-- [ RunTime:0.001000s ]
INFO: [ app_end ] --START--
INFO: Run Behavior\ShowPageTraceBehavior [ RunTime:0.000000s ]
INFO: [ app_end ] --END-- [ RunTime:0.000000s ]

[ 2016-10-18T10:01:38+08:00 ] 127.0.0.1 /index.php/Home/Index/indexVue?searchKey=undefined
INFO: [ app_init ] --START--
INFO: Run Behavior\BuildLiteBehavior [ RunTime:0.000000s ]
INFO: [ app_init ] --END-- [ RunTime:0.000000s ]
INFO: [ app_begin ] --START--
INFO: Run Behavior\ReadHtmlCacheBehavior [ RunTime:0.001000s ]
INFO: [ app_begin ] --END-- [ RunTime:0.001000s ]
SQL: SHOW COLUMNS FROM `user` [ RunTime:0.0030s ]
SQL: SELECT `name`,`password`,`photo` FROM `user` WHERE `name` = 'MapleStory' AND `password` = '14e1b600b1fd579f47433b88e8d85291' LIMIT 1   [ RunTime:0.0000s ]
SQL: SHOW COLUMNS FROM `big_ad_pic` [ RunTime:0.0020s ]
SQL: SELECT * FROM `big_ad_pic` LIMIT 0,15   [ RunTime:0.0000s ]
SQL: SHOW COLUMNS FROM `kxzb` [ RunTime:0.0030s ]
SQL: SELECT * FROM `kxzb` ORDER BY id desc LIMIT 0,15   [ RunTime:0.0000s ]
SQL: SHOW COLUMNS FROM `xpzs` [ RunTime:0.0040s ]
SQL: SELECT * FROM `xpzs` ORDER BY id desc LIMIT 0,15   [ RunTime:0.0000s ]
SQL: SHOW COLUMNS FROM `syxh` [ RunTime:0.0040s ]
SQL: SELECT * FROM `syxh` ORDER BY id desc LIMIT 0,15   [ RunTime:0.0010s ]
SQL: SHOW COLUMNS FROM `cwzx` [ RunTime:0.0030s ]
SQL: SELECT * FROM `cwzx` ORDER BY id desc LIMIT 0,15   [ RunTime:0.0000s ]
INFO: [ app_end ] --START--
INFO: Run Behavior\ShowPageTraceBehavior [ RunTime:0.000000s ]
INFO: [ app_end ] --END-- [ RunTime:0.001000s ]

[ 2016-10-18T10:03:27+08:00 ] 127.0.0.1 /index.php/Home/Index/getProductsMsgVue?type=cwzx&id=13
INFO: [ app_init ] --START--
INFO: Run Behavior\BuildLiteBehavior [ RunTime:0.000000s ]
INFO: [ app_init ] --END-- [ RunTime:0.001000s ]
INFO: [ app_begin ] --START--
INFO: Run Behavior\ReadHtmlCacheBehavior [ RunTime:0.001000s ]
INFO: [ app_begin ] --END-- [ RunTime:0.001000s ]
SQL: SHOW COLUMNS FROM `user` [ RunTime:0.0030s ]
SQL: SELECT `name`,`password`,`photo` FROM `user` WHERE `name` = 'MapleStory' AND `password` = '14e1b600b1fd579f47433b88e8d85291' LIMIT 1   [ RunTime:0.0000s ]
SQL: SHOW COLUMNS FROM `big_ad_pic` [ RunTime:0.0030s ]
SQL: SHOW COLUMNS FROM `cwzx` [ RunTime:0.0030s ]
SQL: SELECT * FROM `cwzx` WHERE ( id=13 ) LIMIT 1   [ RunTime:0.0010s ]
INFO: [ app_end ] --START--
INFO: Run Behavior\ShowPageTraceBehavior [ RunTime:0.000000s ]
INFO: [ app_end ] --END-- [ RunTime:0.000000s ]

[ 2016-10-18T10:03:29+08:00 ] 127.0.0.1 /index.php/Home/Index/getProductsMsgVue?type=cwzx&id=13
INFO: [ app_init ] --START--
INFO: Run Behavior\BuildLiteBehavior [ RunTime:0.000000s ]
INFO: [ app_init ] --END-- [ RunTime:0.001000s ]
INFO: [ app_begin ] --START--
INFO: Run Behavior\ReadHtmlCacheBehavior [ RunTime:0.000000s ]
INFO: [ app_begin ] --END-- [ RunTime:0.000000s ]
SQL: SHOW COLUMNS FROM `user` [ RunTime:0.0030s ]
SQL: SELECT `name`,`password`,`photo` FROM `user` WHERE `name` = 'MapleStory' AND `password` = '14e1b600b1fd579f47433b88e8d85291' LIMIT 1   [ RunTime:0.0010s ]
SQL: SHOW COLUMNS FROM `big_ad_pic` [ RunTime:0.0030s ]
SQL: SHOW COLUMNS FROM `cwzx` [ RunTime:0.0030s ]
SQL: SELECT * FROM `cwzx` WHERE ( id=13 ) LIMIT 1   [ RunTime:0.0000s ]
INFO: [ app_end ] --START--
INFO: Run Behavior\ShowPageTraceBehavior [ RunTime:0.001000s ]
INFO: [ app_end ] --END-- [ RunTime:0.001000s ]

[ 2016-10-18T10:03:37+08:00 ] 127.0.0.1 /index.php/Home/Index/indexVue?searchKey=undefined
INFO: [ app_init ] --START--
INFO: Run Behavior\BuildLiteBehavior [ RunTime:0.000000s ]
INFO: [ app_init ] --END-- [ RunTime:0.001000s ]
INFO: [ app_begin ] --START--
INFO: Run Behavior\ReadHtmlCacheBehavior [ RunTime:0.001001s ]
INFO: [ app_begin ] --END-- [ RunTime:0.001001s ]
SQL: SHOW COLUMNS FROM `user` [ RunTime:0.0040s ]
SQL: SELECT `name`,`password`,`photo` FROM `user` WHERE `name` = 'MapleStory' AND `password` = '14e1b600b1fd579f47433b88e8d85291' LIMIT 1   [ RunTime:0.0010s ]
SQL: SHOW COLUMNS FROM `big_ad_pic` [ RunTime:0.0030s ]
SQL: SELECT * FROM `big_ad_pic` LIMIT 0,15   [ RunTime:0.0000s ]
SQL: SHOW COLUMNS FROM `kxzb` [ RunTime:0.0030s ]
SQL: SELECT * FROM `kxzb` ORDER BY id desc LIMIT 0,15   [ RunTime:0.0000s ]
SQL: SHOW COLUMNS FROM `xpzs` [ RunTime:0.0030s ]
SQL: SELECT * FROM `xpzs` ORDER BY id desc LIMIT 0,15   [ RunTime:0.0010s ]
SQL: SHOW COLUMNS FROM `syxh` [ RunTime:0.0030s ]
SQL: SELECT * FROM `syxh` ORDER BY id desc LIMIT 0,15   [ RunTime:0.0000s ]
SQL: SHOW COLUMNS FROM `cwzx` [ RunTime:0.0030s ]
SQL: SELECT * FROM `cwzx` ORDER BY id desc LIMIT 0,15   [ RunTime:0.0000s ]
INFO: [ app_end ] --START--
INFO: Run Behavior\ShowPageTraceBehavior [ RunTime:0.000000s ]
INFO: [ app_end ] --END-- [ RunTime:0.000000s ]

[ 2016-10-18T10:03:38+08:00 ] 127.0.0.1 /index.php/Home/Index/indexVue?searchKey=undefined
INFO: [ app_init ] --START--
INFO: Run Behavior\BuildLiteBehavior [ RunTime:0.000000s ]
INFO: [ app_init ] --END-- [ RunTime:0.001000s ]
INFO: [ app_begin ] --START--
INFO: Run Behavior\ReadHtmlCacheBehavior [ RunTime:0.001000s ]
INFO: [ app_begin ] --END-- [ RunTime:0.001000s ]
SQL: SHOW COLUMNS FROM `user` [ RunTime:0.0040s ]
SQL: SELECT `name`,`password`,`photo` FROM `user` WHERE `name` = 'MapleStory' AND `password` = '14e1b600b1fd579f47433b88e8d85291' LIMIT 1   [ RunTime:0.0010s ]
SQL: SHOW COLUMNS FROM `big_ad_pic` [ RunTime:0.0030s ]
SQL: SELECT * FROM `big_ad_pic` LIMIT 0,15   [ RunTime:0.0000s ]
SQL: SHOW COLUMNS FROM `kxzb` [ RunTime:0.0030s ]
SQL: SELECT * FROM `kxzb` ORDER BY id desc LIMIT 0,15   [ RunTime:0.0010s ]
SQL: SHOW COLUMNS FROM `xpzs` [ RunTime:0.0030s ]
SQL: SELECT * FROM `xpzs` ORDER BY id desc LIMIT 0,15   [ RunTime:0.0000s ]
SQL: SHOW COLUMNS FROM `syxh` [ RunTime:0.0020s ]
SQL: SELECT * FROM `syxh` ORDER BY id desc LIMIT 0,15   [ RunTime:0.0000s ]
SQL: SHOW COLUMNS FROM `cwzx` [ RunTime:0.0040s ]
SQL: SELECT * FROM `cwzx` ORDER BY id desc LIMIT 0,15   [ RunTime:0.0000s ]
INFO: [ app_end ] --START--
INFO: Run Behavior\ShowPageTraceBehavior [ RunTime:0.000000s ]
INFO: [ app_end ] --END-- [ RunTime:0.002001s ]

[ 2016-10-18T10:05:53+08:00 ] 127.0.0.1 /index.php/Home/Index/indexVue?searchKey=undefined
INFO: [ app_init ] --START--
INFO: Run Behavior\BuildLiteBehavior [ RunTime:0.000000s ]
INFO: [ app_init ] --END-- [ RunTime:0.000000s ]
INFO: [ app_begin ] --START--
INFO: Run Behavior\ReadHtmlCacheBehavior [ RunTime:0.001000s ]
INFO: [ app_begin ] --END-- [ RunTime:0.001000s ]
SQL: SHOW COLUMNS FROM `user` [ RunTime:0.0030s ]
SQL: SELECT `name`,`password`,`photo` FROM `user` WHERE `name` = 'MapleStory' AND `password` = '14e1b600b1fd579f47433b88e8d85291' LIMIT 1   [ RunTime:0.0000s ]
SQL: SHOW COLUMNS FROM `big_ad_pic` [ RunTime:0.0030s ]
SQL: SELECT * FROM `big_ad_pic` LIMIT 0,15   [ RunTime:0.0000s ]
SQL: SHOW COLUMNS FROM `kxzb` [ RunTime:0.0030s ]
SQL: SELECT * FROM `kxzb` ORDER BY id desc LIMIT 0,15   [ RunTime:0.0000s ]
SQL: SHOW COLUMNS FROM `xpzs` [ RunTime:0.0030s ]
SQL: SELECT * FROM `xpzs` ORDER BY id desc LIMIT 0,15   [ RunTime:0.0000s ]
SQL: SHOW COLUMNS FROM `syxh` [ RunTime:0.0030s ]
SQL: SELECT * FROM `syxh` ORDER BY id desc LIMIT 0,15   [ RunTime:0.0000s ]
SQL: SHOW COLUMNS FROM `cwzx` [ RunTime:0.0030s ]
SQL: SELECT * FROM `cwzx` ORDER BY id desc LIMIT 0,15   [ RunTime:0.0000s ]
INFO: [ app_end ] --START--
INFO: Run Behavior\ShowPageTraceBehavior [ RunTime:0.000000s ]
INFO: [ app_end ] --END-- [ RunTime:0.000000s ]

[ 2016-10-18T10:05:59+08:00 ] 127.0.0.1 /index.php/Home/Login/check
INFO: [ app_init ] --START--
INFO: Run Behavior\BuildLiteBehavior [ RunTime:0.000000s ]
INFO: [ app_init ] --END-- [ RunTime:0.000000s ]
INFO: [ app_begin ] --START--
INFO: Run Behavior\ReadHtmlCacheBehavior [ RunTime:0.001000s ]
INFO: [ app_begin ] --END-- [ RunTime:0.001000s ]
SQL: SHOW COLUMNS FROM `user` [ RunTime:0.0030s ]
SQL: SELECT `name`,`photo`,`password` FROM `user` WHERE `name` = 'MapleStory' AND `password` = 'e10adc3949ba59abbe56e057f20f883e' LIMIT 1   [ RunTime:0.0000s ]

[ 2016-10-18T10:05:59+08:00 ] 127.0.0.1 /index.php/Home/Login/verifying
INFO: [ app_init ] --START--
INFO: Run Behavior\BuildLiteBehavior [ RunTime:0.000000s ]
INFO: [ app_init ] --END-- [ RunTime:0.000000s ]
INFO: [ app_begin ] --START--
INFO: Run Behavior\ReadHtmlCacheBehavior [ RunTime:0.001000s ]
INFO: [ app_begin ] --END-- [ RunTime:0.001000s ]
SQL: SHOW COLUMNS FROM `user` [ RunTime:0.0030s ]
SQL: SELECT `name`,`photo`,`password` FROM `user` WHERE `name` = 'MapleStory' AND `password` = 'e10adc3949ba59abbe56e057f20f883e' LIMIT 1   [ RunTime:0.0000s ]

[ 2016-10-18T10:06:00+08:00 ] 127.0.0.1 /index.php/Home/Index/indexVue?searchKey=undefined
INFO: [ app_init ] --START--
INFO: Run Behavior\BuildLiteBehavior [ RunTime:0.000000s ]
INFO: [ app_init ] --END-- [ RunTime:0.001000s ]
INFO: [ app_begin ] --START--
INFO: Run Behavior\ReadHtmlCacheBehavior [ RunTime:0.000000s ]
INFO: [ app_begin ] --END-- [ RunTime:0.000000s ]
SQL: SHOW COLUMNS FROM `user` [ RunTime:0.0040s ]
SQL: SELECT `name`,`password`,`photo` FROM `user` WHERE `name` = 'MapleStory' AND `password` = '14e1b600b1fd579f47433b88e8d85291' LIMIT 1   [ RunTime:0.0000s ]
SQL: SHOW COLUMNS FROM `big_ad_pic` [ RunTime:0.0030s ]
SQL: SELECT * FROM `big_ad_pic` LIMIT 0,15   [ RunTime:0.0010s ]
SQL: SHOW COLUMNS FROM `kxzb` [ RunTime:0.0030s ]
SQL: SELECT * FROM `kxzb` ORDER BY id desc LIMIT 0,15   [ RunTime:0.0000s ]
SQL: SHOW COLUMNS FROM `xpzs` [ RunTime:0.0040s ]
SQL: SELECT * FROM `xpzs` ORDER BY id desc LIMIT 0,15   [ RunTime:0.0000s ]
SQL: SHOW COLUMNS FROM `syxh` [ RunTime:0.0040s ]
SQL: SELECT * FROM `syxh` ORDER BY id desc LIMIT 0,15   [ RunTime:0.0000s ]
SQL: SHOW COLUMNS FROM `cwzx` [ RunTime:0.0020s ]
SQL: SELECT * FROM `cwzx` ORDER BY id desc LIMIT 0,15   [ RunTime:0.0000s ]
INFO: [ app_end ] --START--
INFO: Run Behavior\ShowPageTraceBehavior [ RunTime:0.000000s ]
INFO: [ app_end ] --END-- [ RunTime:0.000000s ]

[ 2016-10-18T10:06:52+08:00 ] 127.0.0.1 /index.php/Home/Login/verifying
INFO: [ app_init ] --START--
INFO: Run Behavior\BuildLiteBehavior [ RunTime:0.000000s ]
INFO: [ app_init ] --END-- [ RunTime:0.000000s ]
INFO: [ app_begin ] --START--
INFO: Run Behavior\ReadHtmlCacheBehavior [ RunTime:0.001000s ]
INFO: [ app_begin ] --END-- [ RunTime:0.001000s ]
SQL: SHOW COLUMNS FROM `user` [ RunTime:0.0030s ]
SQL: SELECT `name`,`photo`,`password` FROM `user` WHERE `name` = 'MapleStory' AND `password` = 'e10adc3949ba59abbe56e057f20f883e' LIMIT 1   [ RunTime:0.0000s ]

[ 2016-10-18T10:06:52+08:00 ] 127.0.0.1 /index.php/Home/Index/indexVue?searchKey=undefined
INFO: [ app_init ] --START--
INFO: Run Behavior\BuildLiteBehavior [ RunTime:0.000000s ]
INFO: [ app_init ] --END-- [ RunTime:0.000000s ]
INFO: [ app_begin ] --START--
INFO: Run Behavior\ReadHtmlCacheBehavior [ RunTime:0.001000s ]
INFO: [ app_begin ] --END-- [ RunTime:0.001000s ]
SQL: SHOW COLUMNS FROM `user` [ RunTime:0.0030s ]
SQL: SELECT `name`,`password`,`photo` FROM `user` WHERE `name` = 'MapleStory' AND `password` = '14e1b600b1fd579f47433b88e8d85291' LIMIT 1   [ RunTime:0.0010s ]
SQL: SHOW COLUMNS FROM `big_ad_pic` [ RunTime:0.0030s ]
SQL: SELECT * FROM `big_ad_pic` LIMIT 0,15   [ RunTime:0.0000s ]
SQL: SHOW COLUMNS FROM `kxzb` [ RunTime:0.0040s ]
SQL: SELECT * FROM `kxzb` ORDER BY id desc LIMIT 0,15   [ RunTime:0.0000s ]
SQL: SHOW COLUMNS FROM `xpzs` [ RunTime:0.0040s ]
SQL: SELECT * FROM `xpzs` ORDER BY id desc LIMIT 0,15   [ RunTime:0.0010s ]
SQL: SHOW COLUMNS FROM `syxh` [ RunTime:0.0040s ]
SQL: SELECT * FROM `syxh` ORDER BY id desc LIMIT 0,15   [ RunTime:0.0000s ]
SQL: SHOW COLUMNS FROM `cwzx` [ RunTime:0.0030s ]
SQL: SELECT * FROM `cwzx` ORDER BY id desc LIMIT 0,15   [ RunTime:0.0000s ]
INFO: [ app_end ] --START--
INFO: Run Behavior\ShowPageTraceBehavior [ RunTime:0.001000s ]
INFO: [ app_end ] --END-- [ RunTime:0.001000s ]

[ 2016-10-18T10:06:55+08:00 ] 127.0.0.1 /index.php/Home/Login/verifying
INFO: [ app_init ] --START--
INFO: Run Behavior\BuildLiteBehavior [ RunTime:0.000000s ]
INFO: [ app_init ] --END-- [ RunTime:0.001000s ]
INFO: [ app_begin ] --START--
INFO: Run Behavior\ReadHtmlCacheBehavior [ RunTime:0.000000s ]
INFO: [ app_begin ] --END-- [ RunTime:0.000000s ]
SQL: SHOW COLUMNS FROM `user` [ RunTime:0.0030s ]
SQL: SELECT `name`,`photo`,`password` FROM `user` WHERE `name` = 'MapleStory' AND `password` = 'e10adc3949ba59abbe56e057f20f883e' LIMIT 1   [ RunTime:0.0000s ]

[ 2016-10-18T10:06:55+08:00 ] 127.0.0.1 /index.php/Home/Index/indexVue?searchKey=undefined
INFO: [ app_init ] --START--
INFO: Run Behavior\BuildLiteBehavior [ RunTime:0.000000s ]
INFO: [ app_init ] --END-- [ RunTime:0.000000s ]
INFO: [ app_begin ] --START--
INFO: Run Behavior\ReadHtmlCacheBehavior [ RunTime:0.000000s ]
INFO: [ app_begin ] --END-- [ RunTime:0.000000s ]
SQL: SHOW COLUMNS FROM `user` [ RunTime:0.0030s ]
SQL: SELECT `name`,`password`,`photo` FROM `user` WHERE `name` = 'MapleStory' AND `password` = '14e1b600b1fd579f47433b88e8d85291' LIMIT 1   [ RunTime:0.0000s ]
SQL: SHOW COLUMNS FROM `big_ad_pic` [ RunTime:0.0040s ]
SQL: SELECT * FROM `big_ad_pic` LIMIT 0,15   [ RunTime:0.0010s ]
SQL: SHOW COLUMNS FROM `kxzb` [ RunTime:0.0030s ]
SQL: SELECT * FROM `kxzb` ORDER BY id desc LIMIT 0,15   [ RunTime:0.0010s ]
SQL: SHOW COLUMNS FROM `xpzs` [ RunTime:0.0030s ]
SQL: SELECT * FROM `xpzs` ORDER BY id desc LIMIT 0,15   [ RunTime:0.0000s ]
SQL: SHOW COLUMNS FROM `syxh` [ RunTime:0.0030s ]
SQL: SELECT * FROM `syxh` ORDER BY id desc LIMIT 0,15   [ RunTime:0.0000s ]
SQL: SHOW COLUMNS FROM `cwzx` [ RunTime:0.0030s ]
SQL: SELECT * FROM `cwzx` ORDER BY id desc LIMIT 0,15   [ RunTime:0.0000s ]
INFO: [ app_end ] --START--
INFO: Run Behavior\ShowPageTraceBehavior [ RunTime:0.001000s ]
INFO: [ app_end ] --END-- [ RunTime:0.001000s ]

[ 2016-10-18T10:06:56+08:00 ] 127.0.0.1 /index.php/Home/Login/verifying
INFO: [ app_init ] --START--
INFO: Run Behavior\BuildLiteBehavior [ RunTime:0.000000s ]
INFO: [ app_init ] --END-- [ RunTime:0.000000s ]
INFO: [ app_begin ] --START--
INFO: Run Behavior\ReadHtmlCacheBehavior [ RunTime:0.001000s ]
INFO: [ app_begin ] --END-- [ RunTime:0.001000s ]
SQL: SHOW COLUMNS FROM `user` [ RunTime:0.0030s ]
SQL: SELECT `name`,`photo`,`password` FROM `user` WHERE `name` = 'MapleStory' AND `password` = 'e10adc3949ba59abbe56e057f20f883e' LIMIT 1   [ RunTime:0.0010s ]

[ 2016-10-18T10:06:56+08:00 ] 127.0.0.1 /index.php/Home/Index/indexVue?searchKey=undefined
INFO: [ app_init ] --START--
INFO: Run Behavior\BuildLiteBehavior [ RunTime:0.000000s ]
INFO: [ app_init ] --END-- [ RunTime:0.000000s ]
INFO: [ app_begin ] --START--
INFO: Run Behavior\ReadHtmlCacheBehavior [ RunTime:0.000000s ]
INFO: [ app_begin ] --END-- [ RunTime:0.000000s ]
SQL: SHOW COLUMNS FROM `user` [ RunTime:0.0030s ]
SQL: SELECT `name`,`password`,`photo` FROM `user` WHERE `name` = 'MapleStory' AND `password` = '14e1b600b1fd579f47433b88e8d85291' LIMIT 1   [ RunTime:0.0000s ]
SQL: SHOW COLUMNS FROM `big_ad_pic` [ RunTime:0.0040s ]
SQL: SELECT * FROM `big_ad_pic` LIMIT 0,15   [ RunTime:0.0000s ]
SQL: SHOW COLUMNS FROM `kxzb` [ RunTime:0.0030s ]
SQL: SELECT * FROM `kxzb` ORDER BY id desc LIMIT 0,15   [ RunTime:0.0010s ]
SQL: SHOW COLUMNS FROM `xpzs` [ RunTime:0.0030s ]
SQL: SELECT * FROM `xpzs` ORDER BY id desc LIMIT 0,15   [ RunTime:0.0000s ]
SQL: SHOW COLUMNS FROM `syxh` [ RunTime:0.0030s ]
SQL: SELECT * FROM `syxh` ORDER BY id desc LIMIT 0,15   [ RunTime:0.0000s ]
SQL: SHOW COLUMNS FROM `cwzx` [ RunTime:0.0030s ]
SQL: SELECT * FROM `cwzx` ORDER BY id desc LIMIT 0,15   [ RunTime:0.0000s ]
INFO: [ app_end ] --START--
INFO: Run Behavior\ShowPageTraceBehavior [ RunTime:0.001000s ]
INFO: [ app_end ] --END-- [ RunTime:0.001000s ]

[ 2016-10-18T10:06:57+08:00 ] 127.0.0.1 /index.php/Home/Login/signout
INFO: [ app_init ] --START--
INFO: Run Behavior\BuildLiteBehavior [ RunTime:0.000000s ]
INFO: [ app_init ] --END-- [ RunTime:0.000000s ]
INFO: [ app_begin ] --START--
INFO: Run Behavior\ReadHtmlCacheBehavior [ RunTime:0.000000s ]
INFO: [ app_begin ] --END-- [ RunTime:0.000000s ]
INFO: [ app_end ] --START--
INFO: Run Behavior\ShowPageTraceBehavior [ RunTime:0.000000s ]
INFO: [ app_end ] --END-- [ RunTime:0.000000s ]

[ 2016-10-18T10:06:58+08:00 ] 127.0.0.1 /index.php/Home/Index/indexVue?searchKey=undefined
INFO: [ app_init ] --START--
INFO: Run Behavior\BuildLiteBehavior [ RunTime:0.000000s ]
INFO: [ app_init ] --END-- [ RunTime:0.001000s ]
INFO: [ app_begin ] --START--
INFO: Run Behavior\ReadHtmlCacheBehavior [ RunTime:0.000000s ]
INFO: [ app_begin ] --END-- [ RunTime:0.000000s ]
SQL: SHOW COLUMNS FROM `user` [ RunTime:0.0030s ]
SQL: SELECT `name`,`password`,`photo` FROM `user` WHERE `name` = 'MapleStory' AND `password` = '14e1b600b1fd579f47433b88e8d85291' LIMIT 1   [ RunTime:0.0010s ]
SQL: SHOW COLUMNS FROM `big_ad_pic` [ RunTime:0.0030s ]
SQL: SELECT * FROM `big_ad_pic` LIMIT 0,15   [ RunTime:0.0000s ]
SQL: SHOW COLUMNS FROM `kxzb` [ RunTime:0.0030s ]
SQL: SELECT * FROM `kxzb` ORDER BY id desc LIMIT 0,15   [ RunTime:0.0010s ]
SQL: SHOW COLUMNS FROM `xpzs` [ RunTime:0.0030s ]
SQL: SELECT * FROM `xpzs` ORDER BY id desc LIMIT 0,15   [ RunTime:0.0000s ]
SQL: SHOW COLUMNS FROM `syxh` [ RunTime:0.0040s ]
SQL: SELECT * FROM `syxh` ORDER BY id desc LIMIT 0,15   [ RunTime:0.0010s ]
SQL: SHOW COLUMNS FROM `cwzx` [ RunTime:0.0050s ]
SQL: SELECT * FROM `cwzx` ORDER BY id desc LIMIT 0,15   [ RunTime:0.0000s ]
INFO: [ app_end ] --START--
INFO: Run Behavior\ShowPageTraceBehavior [ RunTime:0.000000s ]
INFO: [ app_end ] --END-- [ RunTime:0.001000s ]

[ 2016-10-18T10:07:03+08:00 ] 127.0.0.1 /index.php/Home/Login/check
INFO: [ app_init ] --START--
INFO: Run Behavior\BuildLiteBehavior [ RunTime:0.000000s ]
INFO: [ app_init ] --END-- [ RunTime:0.001000s ]
INFO: [ app_begin ] --START--
INFO: Run Behavior\ReadHtmlCacheBehavior [ RunTime:0.001000s ]
INFO: [ app_begin ] --END-- [ RunTime:0.001000s ]
SQL: SHOW COLUMNS FROM `user` [ RunTime:0.0030s ]
SQL: SELECT `name`,`photo`,`password` FROM `user` WHERE `name` = 'MapleStory' AND `password` = 'e10adc3949ba59abbe56e057f20f883e' LIMIT 1   [ RunTime:0.0000s ]

[ 2016-10-18T10:07:03+08:00 ] 127.0.0.1 /index.php/Home/Login/verifying
INFO: [ app_init ] --START--
INFO: Run Behavior\BuildLiteBehavior [ RunTime:0.000000s ]
INFO: [ app_init ] --END-- [ RunTime:0.000000s ]
INFO: [ app_begin ] --START--
INFO: Run Behavior\ReadHtmlCacheBehavior [ RunTime:0.000000s ]
INFO: [ app_begin ] --END-- [ RunTime:0.000000s ]
SQL: SHOW COLUMNS FROM `user` [ RunTime:0.0040s ]
SQL: SELECT `name`,`photo`,`password` FROM `user` WHERE `name` = 'MapleStory' AND `password` = 'e10adc3949ba59abbe56e057f20f883e' LIMIT 1   [ RunTime:0.0010s ]

[ 2016-10-18T10:07:03+08:00 ] 127.0.0.1 /index.php/Home/Index/indexVue?searchKey=undefined
INFO: [ app_init ] --START--
INFO: Run Behavior\BuildLiteBehavior [ RunTime:0.000000s ]
INFO: [ app_init ] --END-- [ RunTime:0.001001s ]
INFO: [ app_begin ] --START--
INFO: Run Behavior\ReadHtmlCacheBehavior [ RunTime:0.001000s ]
INFO: [ app_begin ] --END-- [ RunTime:0.001000s ]
SQL: SHOW COLUMNS FROM `user` [ RunTime:0.0030s ]
SQL: SELECT `name`,`password`,`photo` FROM `user` WHERE `name` = 'MapleStory' AND `password` = '14e1b600b1fd579f47433b88e8d85291' LIMIT 1   [ RunTime:0.0000s ]
SQL: SHOW COLUMNS FROM `big_ad_pic` [ RunTime:0.0040s ]
SQL: SELECT * FROM `big_ad_pic` LIMIT 0,15   [ RunTime:0.0010s ]
SQL: SHOW COLUMNS FROM `kxzb` [ RunTime:0.0040s ]
SQL: SELECT * FROM `kxzb` ORDER BY id desc LIMIT 0,15   [ RunTime:0.0000s ]
SQL: SHOW COLUMNS FROM `xpzs` [ RunTime:0.0040s ]
SQL: SELECT * FROM `xpzs` ORDER BY id desc LIMIT 0,15   [ RunTime:0.0000s ]
SQL: SHOW COLUMNS FROM `syxh` [ RunTime:0.0030s ]
SQL: SELECT * FROM `syxh` ORDER BY id desc LIMIT 0,15   [ RunTime:0.0000s ]
SQL: SHOW COLUMNS FROM `cwzx` [ RunTime:0.0040s ]
SQL: SELECT * FROM `cwzx` ORDER BY id desc LIMIT 0,15   [ RunTime:0.0000s ]
INFO: [ app_end ] --START--
INFO: Run Behavior\ShowPageTraceBehavior [ RunTime:0.000000s ]
INFO: [ app_end ] --END-- [ RunTime:0.000000s ]

[ 2016-10-18T10:20:13+08:00 ] 127.0.0.1 /index.php/Home/Login/verifying
INFO: [ app_init ] --START--
INFO: Run Behavior\BuildLiteBehavior [ RunTime:0.000000s ]
INFO: [ app_init ] --END-- [ RunTime:0.000000s ]
INFO: [ app_begin ] --START--
INFO: Run Behavior\ReadHtmlCacheBehavior [ RunTime:0.000000s ]
INFO: [ app_begin ] --END-- [ RunTime:0.001000s ]
SQL: SHOW COLUMNS FROM `user` [ RunTime:0.0030s ]
SQL: SELECT `name`,`photo`,`password` FROM `user` WHERE `name` = 'MapleStory' AND `password` = 'e10adc3949ba59abbe56e057f20f883e' LIMIT 1   [ RunTime:0.0000s ]

[ 2016-10-18T10:20:13+08:00 ] 127.0.0.1 /index.php/Home/Index/indexVue?searchKey=undefined
INFO: [ app_init ] --START--
INFO: Run Behavior\BuildLiteBehavior [ RunTime:0.000000s ]
INFO: [ app_init ] --END-- [ RunTime:0.000000s ]
INFO: [ app_begin ] --START--
INFO: Run Behavior\ReadHtmlCacheBehavior [ RunTime:0.000000s ]
INFO: [ app_begin ] --END-- [ RunTime:0.000000s ]
SQL: SHOW COLUMNS FROM `user` [ RunTime:0.0030s ]
SQL: SELECT `name`,`password`,`photo` FROM `user` WHERE `name` = 'MapleStory' AND `password` = '14e1b600b1fd579f47433b88e8d85291' LIMIT 1   [ RunTime:0.0000s ]
SQL: SHOW COLUMNS FROM `big_ad_pic` [ RunTime:0.0040s ]
SQL: SELECT * FROM `big_ad_pic` LIMIT 0,15   [ RunTime:0.0000s ]
SQL: SHOW COLUMNS FROM `kxzb` [ RunTime:0.0030s ]
SQL: SELECT * FROM `kxzb` ORDER BY id desc LIMIT 0,15   [ RunTime:0.0000s ]
SQL: SHOW COLUMNS FROM `xpzs` [ RunTime:0.0030s ]
SQL: SELECT * FROM `xpzs` ORDER BY id desc LIMIT 0,15   [ RunTime:0.0000s ]
SQL: SHOW COLUMNS FROM `syxh` [ RunTime:0.0030s ]
SQL: SELECT * FROM `syxh` ORDER BY id desc LIMIT 0,15   [ RunTime:0.0010s ]
SQL: SHOW COLUMNS FROM `cwzx` [ RunTime:0.0030s ]
SQL: SELECT * FROM `cwzx` ORDER BY id desc LIMIT 0,15   [ RunTime:0.0010s ]
INFO: [ app_end ] --START--
INFO: Run Behavior\ShowPageTraceBehavior [ RunTime:0.001000s ]
INFO: [ app_end ] --END-- [ RunTime:0.001000s ]

[ 2016-10-18T10:20:16+08:00 ] 127.0.0.1 /index.php/Home/Login/verifying
INFO: [ app_init ] --START--
INFO: Run Behavior\BuildLiteBehavior [ RunTime:0.000000s ]
INFO: [ app_init ] --END-- [ RunTime:0.000000s ]
INFO: [ app_begin ] --START--
INFO: Run Behavior\ReadHtmlCacheBehavior [ RunTime:0.000000s ]
INFO: [ app_begin ] --END-- [ RunTime:0.001000s ]
SQL: SHOW COLUMNS FROM `user` [ RunTime:0.0000s ]
SQL: SELECT `name`,`photo`,`password` FROM `user` WHERE `name` = 'MapleStory' AND `password` = 'e10adc3949ba59abbe56e057f20f883e' LIMIT 1   [ RunTime:0.0000s ]

[ 2016-10-18T10:20:16+08:00 ] 127.0.0.1 /index.php/Home/Index/indexVue?searchKey=undefined
INFO: [ app_init ] --START--
INFO: Run Behavior\BuildLiteBehavior [ RunTime:0.000000s ]
INFO: [ app_init ] --END-- [ RunTime:0.000000s ]
INFO: [ app_begin ] --START--
INFO: Run Behavior\ReadHtmlCacheBehavior [ RunTime:0.000000s ]
INFO: [ app_begin ] --END-- [ RunTime:0.000000s ]
SQL: SHOW COLUMNS FROM `user` [ RunTime:0.0030s ]
SQL: SELECT `name`,`password`,`photo` FROM `user` WHERE `name` = 'MapleStory' AND `password` = '14e1b600b1fd579f47433b88e8d85291' LIMIT 1   [ RunTime:0.0000s ]
SQL: SHOW COLUMNS FROM `big_ad_pic` [ RunTime:0.0030s ]
SQL: SELECT * FROM `big_ad_pic` LIMIT 0,15   [ RunTime:0.0000s ]
SQL: SHOW COLUMNS FROM `kxzb` [ RunTime:0.0030s ]
SQL: SELECT * FROM `kxzb` ORDER BY id desc LIMIT 0,15   [ RunTime:0.0000s ]
SQL: SHOW COLUMNS FROM `xpzs` [ RunTime:0.0030s ]
SQL: SELECT * FROM `xpzs` ORDER BY id desc LIMIT 0,15   [ RunTime:0.0010s ]
SQL: SHOW COLUMNS FROM `syxh` [ RunTime:0.0030s ]
SQL: SELECT * FROM `syxh` ORDER BY id desc LIMIT 0,15   [ RunTime:0.0010s ]
SQL: SHOW COLUMNS FROM `cwzx` [ RunTime:0.0030s ]
SQL: SELECT * FROM `cwzx` ORDER BY id desc LIMIT 0,15   [ RunTime:0.0000s ]
INFO: [ app_end ] --START--
INFO: Run Behavior\ShowPageTraceBehavior [ RunTime:0.000000s ]
INFO: [ app_end ] --END-- [ RunTime:0.000000s ]

[ 2016-10-18T10:20:17+08:00 ] 127.0.0.1 /index.php/Home/Login/verifying
INFO: [ app_init ] --START--
INFO: Run Behavior\BuildLiteBehavior [ RunTime:0.000000s ]
INFO: [ app_init ] --END-- [ RunTime:0.000000s ]
INFO: [ app_begin ] --START--
INFO: Run Behavior\ReadHtmlCacheBehavior [ RunTime:0.001000s ]
INFO: [ app_begin ] --END-- [ RunTime:0.001000s ]
SQL: SHOW COLUMNS FROM `user` [ RunTime:0.0030s ]
SQL: SELECT `name`,`photo`,`password` FROM `user` WHERE `name` = 'MapleStory' AND `password` = 'e10adc3949ba59abbe56e057f20f883e' LIMIT 1   [ RunTime:0.0010s ]

[ 2016-10-18T10:20:17+08:00 ] 127.0.0.1 /index.php/Home/Index/indexVue?searchKey=undefined
INFO: [ app_init ] --START--
INFO: Run Behavior\BuildLiteBehavior [ RunTime:0.000000s ]
INFO: [ app_init ] --END-- [ RunTime:0.000000s ]
INFO: [ app_begin ] --START--
INFO: Run Behavior\ReadHtmlCacheBehavior [ RunTime:0.000000s ]
INFO: [ app_begin ] --END-- [ RunTime:0.000000s ]
SQL: SHOW COLUMNS FROM `user` [ RunTime:0.0030s ]
SQL: SELECT `name`,`password`,`photo` FROM `user` WHERE `name` = 'MapleStory' AND `password` = '14e1b600b1fd579f47433b88e8d85291' LIMIT 1   [ RunTime:0.0000s ]
SQL: SHOW COLUMNS FROM `big_ad_pic` [ RunTime:0.0040s ]
SQL: SELECT * FROM `big_ad_pic` LIMIT 0,15   [ RunTime:0.0010s ]
SQL: SHOW COLUMNS FROM `kxzb` [ RunTime:0.0030s ]
SQL: SELECT * FROM `kxzb` ORDER BY id desc LIMIT 0,15   [ RunTime:0.0010s ]
SQL: SHOW COLUMNS FROM `xpzs` [ RunTime:0.0030s ]
SQL: SELECT * FROM `xpzs` ORDER BY id desc LIMIT 0,15   [ RunTime:0.0000s ]
SQL: SHOW COLUMNS FROM `syxh` [ RunTime:0.0040s ]
SQL: SELECT * FROM `syxh` ORDER BY id desc LIMIT 0,15   [ RunTime:0.0010s ]
SQL: SHOW COLUMNS FROM `cwzx` [ RunTime:0.0030s ]
SQL: SELECT * FROM `cwzx` ORDER BY id desc LIMIT 0,15   [ RunTime:0.0000s ]
INFO: [ app_end ] --START--
INFO: Run Behavior\ShowPageTraceBehavior [ RunTime:0.001000s ]
INFO: [ app_end ] --END-- [ RunTime:0.001000s ]

[ 2016-10-18T10:20:19+08:00 ] 127.0.0.1 /index.php/Home/Login/signout
INFO: [ app_init ] --START--
INFO: Run Behavior\BuildLiteBehavior [ RunTime:0.000000s ]
INFO: [ app_init ] --END-- [ RunTime:0.000000s ]
INFO: [ app_begin ] --START--
INFO: Run Behavior\ReadHtmlCacheBehavior [ RunTime:0.000000s ]
INFO: [ app_begin ] --END-- [ RunTime:0.000000s ]
INFO: [ app_end ] --START--
INFO: Run Behavior\ShowPageTraceBehavior [ RunTime:0.001000s ]
INFO: [ app_end ] --END-- [ RunTime:0.001000s ]

[ 2016-10-18T10:20:19+08:00 ] 127.0.0.1 /index.php/Home/Index/indexVue?searchKey=undefined
INFO: [ app_init ] --START--
INFO: Run Behavior\BuildLiteBehavior [ RunTime:0.000000s ]
INFO: [ app_init ] --END-- [ RunTime:0.001000s ]
INFO: [ app_begin ] --START--
INFO: Run Behavior\ReadHtmlCacheBehavior [ RunTime:0.001000s ]
INFO: [ app_begin ] --END-- [ RunTime:0.001000s ]
SQL: SHOW COLUMNS FROM `user` [ RunTime:0.0030s ]
SQL: SELECT `name`,`password`,`photo` FROM `user` WHERE `name` = 'MapleStory' AND `password` = '14e1b600b1fd579f47433b88e8d85291' LIMIT 1   [ RunTime:0.0000s ]
SQL: SHOW COLUMNS FROM `big_ad_pic` [ RunTime:0.0030s ]
SQL: SELECT * FROM `big_ad_pic` LIMIT 0,15   [ RunTime:0.0000s ]
SQL: SHOW COLUMNS FROM `kxzb` [ RunTime:0.0020s ]
SQL: SELECT * FROM `kxzb` ORDER BY id desc LIMIT 0,15   [ RunTime:0.0000s ]
SQL: SHOW COLUMNS FROM `xpzs` [ RunTime:0.0030s ]
SQL: SELECT * FROM `xpzs` ORDER BY id desc LIMIT 0,15   [ RunTime:0.0000s ]
SQL: SHOW COLUMNS FROM `syxh` [ RunTime:0.0030s ]
SQL: SELECT * FROM `syxh` ORDER BY id desc LIMIT 0,15   [ RunTime:0.0000s ]
SQL: SHOW COLUMNS FROM `cwzx` [ RunTime:0.0040s ]
SQL: SELECT * FROM `cwzx` ORDER BY id desc LIMIT 0,15   [ RunTime:0.0000s ]
INFO: [ app_end ] --START--
INFO: Run Behavior\ShowPageTraceBehavior [ RunTime:0.001000s ]
INFO: [ app_end ] --END-- [ RunTime:0.001000s ]

[ 2016-10-18T10:20:25+08:00 ] 127.0.0.1 /index.php/Home/Login/check
INFO: [ app_init ] --START--
INFO: Run Behavior\BuildLiteBehavior [ RunTime:0.000000s ]
INFO: [ app_init ] --END-- [ RunTime:0.000000s ]
INFO: [ app_begin ] --START--
INFO: Run Behavior\ReadHtmlCacheBehavior [ RunTime:0.001001s ]
INFO: [ app_begin ] --END-- [ RunTime:0.001001s ]
SQL: SHOW COLUMNS FROM `user` [ RunTime:0.0030s ]
SQL: SELECT `name`,`photo`,`password` FROM `user` WHERE `name` = 'MapleStory' AND `password` = 'e10adc3949ba59abbe56e057f20f883e' LIMIT 1   [ RunTime:0.0000s ]

[ 2016-10-18T10:20:25+08:00 ] 127.0.0.1 /index.php/Home/Login/verifying
INFO: [ app_init ] --START--
INFO: Run Behavior\BuildLiteBehavior [ RunTime:0.000000s ]
INFO: [ app_init ] --END-- [ RunTime:0.000000s ]
INFO: [ app_begin ] --START--
INFO: Run Behavior\ReadHtmlCacheBehavior [ RunTime:0.001000s ]
INFO: [ app_begin ] --END-- [ RunTime:0.001000s ]
SQL: SHOW COLUMNS FROM `user` [ RunTime:0.0030s ]
SQL: SELECT `name`,`photo`,`password` FROM `user` WHERE `name` = 'MapleStory' AND `password` = 'e10adc3949ba59abbe56e057f20f883e' LIMIT 1   [ RunTime:0.0000s ]

[ 2016-10-18T10:20:25+08:00 ] 127.0.0.1 /index.php/Home/Index/indexVue?searchKey=undefined
INFO: [ app_init ] --START--
INFO: Run Behavior\BuildLiteBehavior [ RunTime:0.000000s ]
INFO: [ app_init ] --END-- [ RunTime:0.000000s ]
INFO: [ app_begin ] --START--
INFO: Run Behavior\ReadHtmlCacheBehavior [ RunTime:0.000000s ]
INFO: [ app_begin ] --END-- [ RunTime:0.000000s ]
SQL: SHOW COLUMNS FROM `user` [ RunTime:0.0030s ]
SQL: SELECT `name`,`password`,`photo` FROM `user` WHERE `name` = 'MapleStory' AND `password` = '14e1b600b1fd579f47433b88e8d85291' LIMIT 1   [ RunTime:0.0000s ]
SQL: SHOW COLUMNS FROM `big_ad_pic` [ RunTime:0.0030s ]
SQL: SELECT * FROM `big_ad_pic` LIMIT 0,15   [ RunTime:0.0000s ]
SQL: SHOW COLUMNS FROM `kxzb` [ RunTime:0.0030s ]
SQL: SELECT * FROM `kxzb` ORDER BY id desc LIMIT 0,15   [ RunTime:0.0000s ]
SQL: SHOW COLUMNS FROM `xpzs` [ RunTime:0.0040s ]
SQL: SELECT * FROM `xpzs` ORDER BY id desc LIMIT 0,15   [ RunTime:0.0000s ]
SQL: SHOW COLUMNS FROM `syxh` [ RunTime:0.0030s ]
SQL: SELECT * FROM `syxh` ORDER BY id desc LIMIT 0,15   [ RunTime:0.0000s ]
SQL: SHOW COLUMNS FROM `cwzx` [ RunTime:0.0030s ]
SQL: SELECT * FROM `cwzx` ORDER BY id desc LIMIT 0,15   [ RunTime:0.0000s ]
INFO: [ app_end ] --START--
INFO: Run Behavior\ShowPageTraceBehavior [ RunTime:0.001000s ]
INFO: [ app_end ] --END-- [ RunTime:0.001000s ]

