[ 2016-10-11T15:11:08+08:00 ] 127.0.0.1 /
INFO: [ app_init ] --START--
INFO: Run Behavior\BuildLiteBehavior [ RunTime:0.000000s ]
INFO: [ app_init ] --END-- [ RunTime:0.001000s ]
INFO: [ app_begin ] --START--
INFO: Run Behavior\ReadHtmlCacheBehavior [ RunTime:0.001000s ]
INFO: [ app_begin ] --END-- [ RunTime:0.001000s ]
SQL: SHOW COLUMNS FROM `big_ad_pic` [ RunTime:0.0280s ]
SQL: SELECT * FROM `big_ad_pic` LIMIT 0,15   [ RunTime:0.0000s ]
SQL: SHOW COLUMNS FROM `kxzb` [ RunTime:0.0030s ]
SQL: SELECT * FROM `kxzb` ORDER BY id desc LIMIT 0,15   [ RunTime:0.0000s ]
SQL: SHOW COLUMNS FROM `xpzs` [ RunTime:0.0170s ]
SQL: SELECT * FROM `xpzs` ORDER BY id desc LIMIT 0,15   [ RunTime:0.0000s ]
SQL: SHOW COLUMNS FROM `syxh` [ RunTime:0.0040s ]
SQL: SELECT * FROM `syxh` ORDER BY id desc LIMIT 0,15   [ RunTime:0.0010s ]
SQL: SHOW COLUMNS FROM `cwzx` [ RunTime:0.0040s ]
SQL: SELECT * FROM `cwzx` ORDER BY id desc LIMIT 0,15   [ RunTime:0.0010s ]
INFO: [ view_parse ] --START--
INFO: [ template_filter ] --START--
INFO: Run Behavior\ContentReplaceBehavior [ RunTime:0.000000s ]
INFO: [ template_filter ] --END-- [ RunTime:0.001000s ]
INFO: Run Behavior\ParseTemplateBehavior [ RunTime:0.031002s ]
INFO: [ view_parse ] --END-- [ RunTime:0.031002s ]
INFO: [ view_filter ] --START--
INFO: Run Behavior\WriteHtmlCacheBehavior [ RunTime:0.000000s ]
INFO: [ view_filter ] --END-- [ RunTime:0.000000s ]
INFO: [ app_end ] --START--
INFO: Run Behavior\ShowPageTraceBehavior [ RunTime:0.000000s ]
INFO: [ app_end ] --END-- [ RunTime:0.000000s ]

[ 2016-10-11T15:11:14+08:00 ] 127.0.0.1 /index.php/Home/Index/indexVue?searchKey=undefined
INFO: [ app_init ] --START--
INFO: Run Behavior\BuildLiteBehavior [ RunTime:0.000000s ]
INFO: [ app_init ] --END-- [ RunTime:0.001000s ]
INFO: [ app_begin ] --START--
INFO: Run Behavior\ReadHtmlCacheBehavior [ RunTime:0.000000s ]
INFO: [ app_begin ] --END-- [ RunTime:0.000000s ]
SQL: SHOW COLUMNS FROM `big_ad_pic` [ RunTime:0.0030s ]
SQL: SELECT * FROM `big_ad_pic` LIMIT 0,15   [ RunTime:0.0000s ]
SQL: SHOW COLUMNS FROM `kxzb` [ RunTime:0.0030s ]
SQL: SELECT * FROM `kxzb` ORDER BY id desc LIMIT 0,15   [ RunTime:0.0000s ]
SQL: SHOW COLUMNS FROM `xpzs` [ RunTime:0.0030s ]
SQL: SELECT * FROM `xpzs` ORDER BY id desc LIMIT 0,15   [ RunTime:0.0000s ]
SQL: SHOW COLUMNS FROM `syxh` [ RunTime:0.0040s ]
SQL: SELECT * FROM `syxh` ORDER BY id desc LIMIT 0,15   [ RunTime:0.0000s ]
SQL: SHOW COLUMNS FROM `cwzx` [ RunTime:0.0030s ]
SQL: SELECT * FROM `cwzx` ORDER BY id desc LIMIT 0,15   [ RunTime:0.0010s ]
INFO: [ app_end ] --START--
INFO: Run Behavior\ShowPageTraceBehavior [ RunTime:0.001000s ]
INFO: [ app_end ] --END-- [ RunTime:0.001000s ]

[ 2016-10-11T15:11:26+08:00 ] 127.0.0.1 /index.php/Home/Login/check
INFO: [ app_init ] --START--
INFO: Run Behavior\BuildLiteBehavior [ RunTime:0.000000s ]
INFO: [ app_init ] --END-- [ RunTime:0.001000s ]
INFO: [ app_begin ] --START--
INFO: Run Behavior\ReadHtmlCacheBehavior [ RunTime:0.001000s ]
INFO: [ app_begin ] --END-- [ RunTime:0.001000s ]
SQL: SHOW COLUMNS FROM `user` [ RunTime:0.0320s ]
SQL: SELECT `name`,`photo`,`password` FROM `user` WHERE `name` = 'MapleStory' AND `password` = 'e10adc3949ba59abbe56e057f20f883e' LIMIT 1   [ RunTime:0.0330s ]

[ 2016-10-11T15:11:26+08:00 ] 127.0.0.1 /index.php/Home/Login/index
INFO: [ app_init ] --START--
INFO: Run Behavior\BuildLiteBehavior [ RunTime:0.000000s ]
INFO: [ app_init ] --END-- [ RunTime:0.001000s ]
INFO: [ app_begin ] --START--
INFO: Run Behavior\ReadHtmlCacheBehavior [ RunTime:0.001000s ]
INFO: [ app_begin ] --END-- [ RunTime:0.001000s ]

[ 2016-10-11T15:11:26+08:00 ] 127.0.0.1 /index.php/Home/Index/index.html
INFO: [ app_init ] --START--
INFO: Run Behavior\BuildLiteBehavior [ RunTime:0.000000s ]
INFO: [ app_init ] --END-- [ RunTime:0.000000s ]
INFO: [ app_begin ] --START--
INFO: Run Behavior\ReadHtmlCacheBehavior [ RunTime:0.000000s ]
INFO: [ app_begin ] --END-- [ RunTime:0.001000s ]
SQL: SHOW COLUMNS FROM `user` [ RunTime:0.0030s ]
SQL: SELECT `name`,`password`,`photo` FROM `user` WHERE `name` = 'MapleStory' AND `password` = 'e10adc3949ba59abbe56e057f20f883e' LIMIT 1   [ RunTime:0.0000s ]
SQL: SHOW COLUMNS FROM `big_ad_pic` [ RunTime:0.0020s ]
SQL: SELECT * FROM `big_ad_pic` LIMIT 0,15   [ RunTime:0.0000s ]
SQL: SHOW COLUMNS FROM `kxzb` [ RunTime:0.0030s ]
SQL: SELECT * FROM `kxzb` ORDER BY id desc LIMIT 0,15   [ RunTime:0.0010s ]
SQL: SHOW COLUMNS FROM `xpzs` [ RunTime:0.0030s ]
SQL: SELECT * FROM `xpzs` ORDER BY id desc LIMIT 0,15   [ RunTime:0.0000s ]
SQL: SHOW COLUMNS FROM `syxh` [ RunTime:0.0020s ]
SQL: SELECT * FROM `syxh` ORDER BY id desc LIMIT 0,15   [ RunTime:0.0000s ]
SQL: SHOW COLUMNS FROM `cwzx` [ RunTime:0.0030s ]
SQL: SELECT * FROM `cwzx` ORDER BY id desc LIMIT 0,15   [ RunTime:0.0010s ]
INFO: [ view_parse ] --START--
INFO: [ template_filter ] --START--
INFO: Run Behavior\ContentReplaceBehavior [ RunTime:0.000000s ]
INFO: [ template_filter ] --END-- [ RunTime:0.000000s ]
INFO: Run Behavior\ParseTemplateBehavior [ RunTime:0.015001s ]
INFO: [ view_parse ] --END-- [ RunTime:0.015001s ]
INFO: [ view_filter ] --START--
INFO: Run Behavior\WriteHtmlCacheBehavior [ RunTime:0.001000s ]
INFO: [ view_filter ] --END-- [ RunTime:0.001000s ]
INFO: [ app_end ] --START--
INFO: Run Behavior\ShowPageTraceBehavior [ RunTime:0.001000s ]
INFO: [ app_end ] --END-- [ RunTime:0.001000s ]

[ 2016-10-11T15:11:34+08:00 ] 127.0.0.1 /index.php/Home/Index/getProductsMsgVue?type=cwzx&id=13
INFO: [ app_init ] --START--
INFO: Run Behavior\BuildLiteBehavior [ RunTime:0.000000s ]
INFO: [ app_init ] --END-- [ RunTime:0.000000s ]
INFO: [ app_begin ] --START--
INFO: Run Behavior\ReadHtmlCacheBehavior [ RunTime:0.000000s ]
INFO: [ app_begin ] --END-- [ RunTime:0.001000s ]
SQL: SHOW COLUMNS FROM `user` [ RunTime:0.0030s ]
SQL: SELECT `name`,`password`,`photo` FROM `user` WHERE `name` = 'MapleStory' AND `password` = 'e10adc3949ba59abbe56e057f20f883e' LIMIT 1   [ RunTime:0.0000s ]
SQL: SHOW COLUMNS FROM `big_ad_pic` [ RunTime:0.0030s ]
SQL: SHOW COLUMNS FROM `cwzx` [ RunTime:0.0030s ]
SQL: SELECT * FROM `cwzx` WHERE ( id=13 ) LIMIT 1   [ RunTime:0.0000s ]
INFO: [ app_end ] --START--
INFO: Run Behavior\ShowPageTraceBehavior [ RunTime:0.001000s ]
INFO: [ app_end ] --END-- [ RunTime:0.001000s ]

[ 2016-10-11T15:11:35+08:00 ] 127.0.0.1 /index.php/Home/Index/getProductsMsgVue?type=cwzx&id=9
INFO: [ app_init ] --START--
INFO: Run Behavior\BuildLiteBehavior [ RunTime:0.000000s ]
INFO: [ app_init ] --END-- [ RunTime:0.001000s ]
INFO: [ app_begin ] --START--
INFO: Run Behavior\ReadHtmlCacheBehavior [ RunTime:0.001000s ]
INFO: [ app_begin ] --END-- [ RunTime:0.001000s ]
SQL: SHOW COLUMNS FROM `user` [ RunTime:0.0000s ]
SQL: SELECT `name`,`password`,`photo` FROM `user` WHERE `name` = 'MapleStory' AND `password` = 'e10adc3949ba59abbe56e057f20f883e' LIMIT 1   [ RunTime:0.0000s ]
SQL: SHOW COLUMNS FROM `big_ad_pic` [ RunTime:0.0000s ]
SQL: SHOW COLUMNS FROM `cwzx` [ RunTime:0.0100s ]
SQL: SELECT * FROM `cwzx` WHERE ( id=9 ) LIMIT 1   [ RunTime:0.0000s ]
INFO: [ app_end ] --START--
INFO: Run Behavior\ShowPageTraceBehavior [ RunTime:0.000000s ]
INFO: [ app_end ] --END-- [ RunTime:0.000000s ]

[ 2016-10-11T15:13:32+08:00 ] 127.0.0.1 /index.php/Home/Index/indexVue?searchKey=undefined
INFO: [ app_init ] --START--
INFO: Run Behavior\BuildLiteBehavior [ RunTime:0.000000s ]
INFO: [ app_init ] --END-- [ RunTime:0.001000s ]
INFO: [ app_begin ] --START--
INFO: Run Behavior\ReadHtmlCacheBehavior [ RunTime:0.001000s ]
INFO: [ app_begin ] --END-- [ RunTime:0.001000s ]
SQL: SHOW COLUMNS FROM `user` [ RunTime:0.0030s ]
SQL: SELECT `name`,`password`,`photo` FROM `user` WHERE `name` = 'MapleStory' AND `password` = 'e10adc3949ba59abbe56e057f20f883e' LIMIT 1   [ RunTime:0.0010s ]
SQL: SHOW COLUMNS FROM `big_ad_pic` [ RunTime:0.0030s ]
SQL: SELECT * FROM `big_ad_pic` LIMIT 0,15   [ RunTime:0.0000s ]
SQL: SHOW COLUMNS FROM `kxzb` [ RunTime:0.0030s ]
SQL: SELECT * FROM `kxzb` ORDER BY id desc LIMIT 0,15   [ RunTime:0.0010s ]
SQL: SHOW COLUMNS FROM `xpzs` [ RunTime:0.0030s ]
SQL: SELECT * FROM `xpzs` ORDER BY id desc LIMIT 0,15   [ RunTime:0.0010s ]
SQL: SHOW COLUMNS FROM `syxh` [ RunTime:0.0030s ]
SQL: SELECT * FROM `syxh` ORDER BY id desc LIMIT 0,15   [ RunTime:0.0010s ]
SQL: SHOW COLUMNS FROM `cwzx` [ RunTime:0.0030s ]
SQL: SELECT * FROM `cwzx` ORDER BY id desc LIMIT 0,15   [ RunTime:0.0000s ]
INFO: [ app_end ] --START--
INFO: Run Behavior\ShowPageTraceBehavior [ RunTime:0.000000s ]
INFO: [ app_end ] --END-- [ RunTime:0.000000s ]

[ 2016-10-11T15:16:11+08:00 ] 127.0.0.1 /index.php/Home/Index/indexVue?searchKey=undefined
INFO: [ app_init ] --START--
INFO: Run Behavior\BuildLiteBehavior [ RunTime:0.000000s ]
INFO: [ app_init ] --END-- [ RunTime:0.001000s ]
INFO: [ app_begin ] --START--
INFO: Run Behavior\ReadHtmlCacheBehavior [ RunTime:0.001000s ]
INFO: [ app_begin ] --END-- [ RunTime:0.001000s ]
SQL: SHOW COLUMNS FROM `user` [ RunTime:0.0030s ]
SQL: SELECT `name`,`password`,`photo` FROM `user` WHERE `name` = 'MapleStory' AND `password` = 'e10adc3949ba59abbe56e057f20f883e' LIMIT 1   [ RunTime:0.0000s ]
SQL: SHOW COLUMNS FROM `big_ad_pic` [ RunTime:0.0030s ]
SQL: SELECT * FROM `big_ad_pic` LIMIT 0,15   [ RunTime:0.0000s ]
SQL: SHOW COLUMNS FROM `kxzb` [ RunTime:0.0040s ]
SQL: SELECT * FROM `kxzb` ORDER BY id desc LIMIT 0,15   [ RunTime:0.0010s ]
SQL: SHOW COLUMNS FROM `xpzs` [ RunTime:0.0030s ]
SQL: SELECT * FROM `xpzs` ORDER BY id desc LIMIT 0,15   [ RunTime:0.0000s ]
SQL: SHOW COLUMNS FROM `syxh` [ RunTime:0.0040s ]
SQL: SELECT * FROM `syxh` ORDER BY id desc LIMIT 0,15   [ RunTime:0.0010s ]
SQL: SHOW COLUMNS FROM `cwzx` [ RunTime:0.0030s ]
SQL: SELECT * FROM `cwzx` ORDER BY id desc LIMIT 0,15   [ RunTime:0.0010s ]
INFO: [ app_end ] --START--
INFO: Run Behavior\ShowPageTraceBehavior [ RunTime:0.001000s ]
INFO: [ app_end ] --END-- [ RunTime:0.001000s ]

[ 2016-10-11T15:16:30+08:00 ] 127.0.0.1 /index.php/Home/Index/indexVue?searchKey=undefined
INFO: [ app_init ] --START--
INFO: Run Behavior\BuildLiteBehavior [ RunTime:0.000000s ]
INFO: [ app_init ] --END-- [ RunTime:0.000000s ]
INFO: [ app_begin ] --START--
INFO: Run Behavior\ReadHtmlCacheBehavior [ RunTime:0.001000s ]
INFO: [ app_begin ] --END-- [ RunTime:0.001000s ]
SQL: SHOW COLUMNS FROM `user` [ RunTime:0.0030s ]
SQL: SELECT `name`,`password`,`photo` FROM `user` WHERE `name` = 'MapleStory' AND `password` = 'e10adc3949ba59abbe56e057f20f883e' LIMIT 1   [ RunTime:0.0000s ]
SQL: SHOW COLUMNS FROM `big_ad_pic` [ RunTime:0.0030s ]
SQL: SELECT * FROM `big_ad_pic` LIMIT 0,15   [ RunTime:0.0010s ]
SQL: SHOW COLUMNS FROM `kxzb` [ RunTime:0.0030s ]
SQL: SELECT * FROM `kxzb` ORDER BY id desc LIMIT 0,15   [ RunTime:0.0010s ]
SQL: SHOW COLUMNS FROM `xpzs` [ RunTime:0.0040s ]
SQL: SELECT * FROM `xpzs` ORDER BY id desc LIMIT 0,15   [ RunTime:0.0000s ]
SQL: SHOW COLUMNS FROM `syxh` [ RunTime:0.0030s ]
SQL: SELECT * FROM `syxh` ORDER BY id desc LIMIT 0,15   [ RunTime:0.0010s ]
SQL: SHOW COLUMNS FROM `cwzx` [ RunTime:0.0030s ]
SQL: SELECT * FROM `cwzx` ORDER BY id desc LIMIT 0,15   [ RunTime:0.0000s ]
INFO: [ app_end ] --START--
INFO: Run Behavior\ShowPageTraceBehavior [ RunTime:0.001000s ]
INFO: [ app_end ] --END-- [ RunTime:0.001000s ]

[ 2016-10-11T15:16:44+08:00 ] 127.0.0.1 /index.php/Home/Index/indexVue?searchKey=undefined
INFO: [ app_init ] --START--
INFO: Run Behavior\BuildLiteBehavior [ RunTime:0.000000s ]
INFO: [ app_init ] --END-- [ RunTime:0.000000s ]
INFO: [ app_begin ] --START--
INFO: Run Behavior\ReadHtmlCacheBehavior [ RunTime:0.001000s ]
INFO: [ app_begin ] --END-- [ RunTime:0.001000s ]
SQL: SHOW COLUMNS FROM `user` [ RunTime:0.0040s ]
SQL: SELECT `name`,`password`,`photo` FROM `user` WHERE `name` = 'MapleStory' AND `password` = 'e10adc3949ba59abbe56e057f20f883e' LIMIT 1   [ RunTime:0.0000s ]
SQL: SHOW COLUMNS FROM `big_ad_pic` [ RunTime:0.0030s ]
SQL: SELECT * FROM `big_ad_pic` LIMIT 0,15   [ RunTime:0.0000s ]
SQL: SHOW COLUMNS FROM `kxzb` [ RunTime:0.0030s ]
SQL: SELECT * FROM `kxzb` ORDER BY id desc LIMIT 0,15   [ RunTime:0.0010s ]
SQL: SHOW COLUMNS FROM `xpzs` [ RunTime:0.0030s ]
SQL: SELECT * FROM `xpzs` ORDER BY id desc LIMIT 0,15   [ RunTime:0.0000s ]
SQL: SHOW COLUMNS FROM `syxh` [ RunTime:0.0030s ]
SQL: SELECT * FROM `syxh` ORDER BY id desc LIMIT 0,15   [ RunTime:0.0000s ]
SQL: SHOW COLUMNS FROM `cwzx` [ RunTime:0.0030s ]
SQL: SELECT * FROM `cwzx` ORDER BY id desc LIMIT 0,15   [ RunTime:0.0000s ]
INFO: [ app_end ] --START--
INFO: Run Behavior\ShowPageTraceBehavior [ RunTime:0.000000s ]
INFO: [ app_end ] --END-- [ RunTime:0.000000s ]

[ 2016-10-11T15:16:50+08:00 ] 127.0.0.1 /index.php/Home/Index/getProductsMsgVue?type=cwzx&id=9
INFO: [ app_init ] --START--
INFO: Run Behavior\BuildLiteBehavior [ RunTime:0.000000s ]
INFO: [ app_init ] --END-- [ RunTime:0.001000s ]
INFO: [ app_begin ] --START--
INFO: Run Behavior\ReadHtmlCacheBehavior [ RunTime:0.001000s ]
INFO: [ app_begin ] --END-- [ RunTime:0.001000s ]
SQL: SHOW COLUMNS FROM `user` [ RunTime:0.0000s ]
SQL: SELECT `name`,`password`,`photo` FROM `user` WHERE `name` = 'MapleStory' AND `password` = 'e10adc3949ba59abbe56e057f20f883e' LIMIT 1   [ RunTime:0.0000s ]
SQL: SHOW COLUMNS FROM `big_ad_pic` [ RunTime:0.0000s ]
SQL: SHOW COLUMNS FROM `cwzx` [ RunTime:0.0100s ]
SQL: SELECT * FROM `cwzx` WHERE ( id=9 ) LIMIT 1   [ RunTime:0.0000s ]
INFO: [ app_end ] --START--
INFO: Run Behavior\ShowPageTraceBehavior [ RunTime:0.000000s ]
INFO: [ app_end ] --END-- [ RunTime:0.000000s ]

[ 2016-10-11T15:16:52+08:00 ] 127.0.0.1 /index.php/Home/Index/getProductsMsgVue?type=cwzx&id=8
INFO: [ app_init ] --START--
INFO: Run Behavior\BuildLiteBehavior [ RunTime:0.000000s ]
INFO: [ app_init ] --END-- [ RunTime:0.000000s ]
INFO: [ app_begin ] --START--
INFO: Run Behavior\ReadHtmlCacheBehavior [ RunTime:0.001000s ]
INFO: [ app_begin ] --END-- [ RunTime:0.001000s ]
SQL: SHOW COLUMNS FROM `user` [ RunTime:0.0030s ]
SQL: SELECT `name`,`password`,`photo` FROM `user` WHERE `name` = 'MapleStory' AND `password` = 'e10adc3949ba59abbe56e057f20f883e' LIMIT 1   [ RunTime:0.0000s ]
SQL: SHOW COLUMNS FROM `big_ad_pic` [ RunTime:0.0030s ]
SQL: SHOW COLUMNS FROM `cwzx` [ RunTime:0.0040s ]
SQL: SELECT * FROM `cwzx` WHERE ( id=8 ) LIMIT 1   [ RunTime:0.0000s ]
INFO: [ app_end ] --START--
INFO: Run Behavior\ShowPageTraceBehavior [ RunTime:0.000000s ]
INFO: [ app_end ] --END-- [ RunTime:0.000000s ]

[ 2016-10-11T15:16:53+08:00 ] 127.0.0.1 /index.php/Home/Index/getProductsMsgVue?type=cwzx&id=15
INFO: [ app_init ] --START--
INFO: Run Behavior\BuildLiteBehavior [ RunTime:0.000000s ]
INFO: [ app_init ] --END-- [ RunTime:0.001000s ]
INFO: [ app_begin ] --START--
INFO: Run Behavior\ReadHtmlCacheBehavior [ RunTime:0.001000s ]
INFO: [ app_begin ] --END-- [ RunTime:0.001000s ]
SQL: SHOW COLUMNS FROM `user` [ RunTime:0.0000s ]
SQL: SELECT `name`,`password`,`photo` FROM `user` WHERE `name` = 'MapleStory' AND `password` = 'e10adc3949ba59abbe56e057f20f883e' LIMIT 1   [ RunTime:0.0000s ]
SQL: SHOW COLUMNS FROM `big_ad_pic` [ RunTime:0.0000s ]
SQL: SHOW COLUMNS FROM `cwzx` [ RunTime:0.0100s ]
SQL: SELECT * FROM `cwzx` WHERE ( id=15 ) LIMIT 1   [ RunTime:0.0000s ]
INFO: [ app_end ] --START--
INFO: Run Behavior\ShowPageTraceBehavior [ RunTime:0.000000s ]
INFO: [ app_end ] --END-- [ RunTime:0.000000s ]

[ 2016-10-11T15:16:55+08:00 ] 127.0.0.1 /index.php/Home/Index/getProductsMsgVue?type=cwzx&id=11
INFO: [ app_init ] --START--
INFO: Run Behavior\BuildLiteBehavior [ RunTime:0.000000s ]
INFO: [ app_init ] --END-- [ RunTime:0.001000s ]
INFO: [ app_begin ] --START--
INFO: Run Behavior\ReadHtmlCacheBehavior [ RunTime:0.001000s ]
INFO: [ app_begin ] --END-- [ RunTime:0.001000s ]
SQL: SHOW COLUMNS FROM `user` [ RunTime:0.0030s ]
SQL: SELECT `name`,`password`,`photo` FROM `user` WHERE `name` = 'MapleStory' AND `password` = 'e10adc3949ba59abbe56e057f20f883e' LIMIT 1   [ RunTime:0.0000s ]
SQL: SHOW COLUMNS FROM `big_ad_pic` [ RunTime:0.0030s ]
SQL: SHOW COLUMNS FROM `cwzx` [ RunTime:0.0030s ]
SQL: SELECT * FROM `cwzx` WHERE ( id=11 ) LIMIT 1   [ RunTime:0.0010s ]
INFO: [ app_end ] --START--
INFO: Run Behavior\ShowPageTraceBehavior [ RunTime:0.000000s ]
INFO: [ app_end ] --END-- [ RunTime:0.000000s ]

[ 2016-10-11T15:16:58+08:00 ] 127.0.0.1 /index.php/Home/Index/getProductsMsgVue?type=cwzx&id=13
INFO: [ app_init ] --START--
INFO: Run Behavior\BuildLiteBehavior [ RunTime:0.000000s ]
INFO: [ app_init ] --END-- [ RunTime:0.002000s ]
INFO: [ app_begin ] --START--
INFO: Run Behavior\ReadHtmlCacheBehavior [ RunTime:0.000000s ]
INFO: [ app_begin ] --END-- [ RunTime:0.000000s ]
SQL: SHOW COLUMNS FROM `user` [ RunTime:0.0000s ]
SQL: SELECT `name`,`password`,`photo` FROM `user` WHERE `name` = 'MapleStory' AND `password` = 'e10adc3949ba59abbe56e057f20f883e' LIMIT 1   [ RunTime:0.0000s ]
SQL: SHOW COLUMNS FROM `big_ad_pic` [ RunTime:0.0000s ]
SQL: SHOW COLUMNS FROM `cwzx` [ RunTime:0.0100s ]
SQL: SELECT * FROM `cwzx` WHERE ( id=13 ) LIMIT 1   [ RunTime:0.0000s ]
INFO: [ app_end ] --START--
INFO: Run Behavior\ShowPageTraceBehavior [ RunTime:0.000000s ]
INFO: [ app_end ] --END-- [ RunTime:0.000000s ]

[ 2016-10-11T15:17:31+08:00 ] 127.0.0.1 /index.php/Home/Index/getProductsMsgVue?type=kxzb&id=9
INFO: [ app_init ] --START--
INFO: Run Behavior\BuildLiteBehavior [ RunTime:0.001000s ]
INFO: [ app_init ] --END-- [ RunTime:0.001000s ]
INFO: [ app_begin ] --START--
INFO: Run Behavior\ReadHtmlCacheBehavior [ RunTime:0.000000s ]
INFO: [ app_begin ] --END-- [ RunTime:0.000000s ]
SQL: SHOW COLUMNS FROM `user` [ RunTime:0.0000s ]
SQL: SELECT `name`,`password`,`photo` FROM `user` WHERE `name` = 'MapleStory' AND `password` = 'e10adc3949ba59abbe56e057f20f883e' LIMIT 1   [ RunTime:0.0000s ]
SQL: SHOW COLUMNS FROM `big_ad_pic` [ RunTime:0.0100s ]
SQL: SHOW COLUMNS FROM `kxzb` [ RunTime:0.0000s ]
SQL: SELECT * FROM `kxzb` WHERE ( id=9 ) LIMIT 1   [ RunTime:0.0000s ]
INFO: [ app_end ] --START--
INFO: Run Behavior\ShowPageTraceBehavior [ RunTime:0.000000s ]
INFO: [ app_end ] --END-- [ RunTime:0.000000s ]

[ 2016-10-11T15:17:33+08:00 ] 127.0.0.1 /index.php/Home/Index/getProductsMsgVue?type=kxzb&id=17
INFO: [ app_init ] --START--
INFO: Run Behavior\BuildLiteBehavior [ RunTime:0.000000s ]
INFO: [ app_init ] --END-- [ RunTime:0.000000s ]
INFO: [ app_begin ] --START--
INFO: Run Behavior\ReadHtmlCacheBehavior [ RunTime:0.001000s ]
INFO: [ app_begin ] --END-- [ RunTime:0.001000s ]
SQL: SHOW COLUMNS FROM `user` [ RunTime:0.0050s ]
SQL: SELECT `name`,`password`,`photo` FROM `user` WHERE `name` = 'MapleStory' AND `password` = 'e10adc3949ba59abbe56e057f20f883e' LIMIT 1   [ RunTime:0.0000s ]
SQL: SHOW COLUMNS FROM `big_ad_pic` [ RunTime:0.0000s ]
SQL: SHOW COLUMNS FROM `kxzb` [ RunTime:0.0000s ]
SQL: SELECT * FROM `kxzb` WHERE ( id=17 ) LIMIT 1   [ RunTime:0.0000s ]
INFO: [ app_end ] --START--
INFO: Run Behavior\ShowPageTraceBehavior [ RunTime:0.000000s ]
INFO: [ app_end ] --END-- [ RunTime:0.000000s ]

[ 2016-10-11T15:17:36+08:00 ] 127.0.0.1 /index.php/Home/Index/getProductsMsgVue?type=kxzb&id=7
INFO: [ app_init ] --START--
INFO: Run Behavior\BuildLiteBehavior [ RunTime:0.000000s ]
INFO: [ app_init ] --END-- [ RunTime:0.000000s ]
INFO: [ app_begin ] --START--
INFO: Run Behavior\ReadHtmlCacheBehavior [ RunTime:0.000000s ]
INFO: [ app_begin ] --END-- [ RunTime:0.001000s ]
SQL: SHOW COLUMNS FROM `user` [ RunTime:0.0030s ]
SQL: SELECT `name`,`password`,`photo` FROM `user` WHERE `name` = 'MapleStory' AND `password` = 'e10adc3949ba59abbe56e057f20f883e' LIMIT 1   [ RunTime:0.0000s ]
SQL: SHOW COLUMNS FROM `big_ad_pic` [ RunTime:0.0020s ]
SQL: SHOW COLUMNS FROM `kxzb` [ RunTime:0.0030s ]
SQL: SELECT * FROM `kxzb` WHERE ( id=7 ) LIMIT 1   [ RunTime:0.0000s ]
INFO: [ app_end ] --START--
INFO: Run Behavior\ShowPageTraceBehavior [ RunTime:0.000000s ]
INFO: [ app_end ] --END-- [ RunTime:0.000000s ]

[ 2016-10-11T15:17:37+08:00 ] 127.0.0.1 /index.php/Home/Index/getProductsMsgVue?type=kxzb&id=13
INFO: [ app_init ] --START--
INFO: Run Behavior\BuildLiteBehavior [ RunTime:0.000000s ]
INFO: [ app_init ] --END-- [ RunTime:0.001000s ]
INFO: [ app_begin ] --START--
INFO: Run Behavior\ReadHtmlCacheBehavior [ RunTime:0.001000s ]
INFO: [ app_begin ] --END-- [ RunTime:0.001000s ]
SQL: SHOW COLUMNS FROM `user` [ RunTime:0.0030s ]
SQL: SELECT `name`,`password`,`photo` FROM `user` WHERE `name` = 'MapleStory' AND `password` = 'e10adc3949ba59abbe56e057f20f883e' LIMIT 1   [ RunTime:0.0000s ]
SQL: SHOW COLUMNS FROM `big_ad_pic` [ RunTime:0.0030s ]
SQL: SHOW COLUMNS FROM `kxzb` [ RunTime:0.0010s ]
SQL: SELECT * FROM `kxzb` WHERE ( id=13 ) LIMIT 1   [ RunTime:0.0000s ]
INFO: [ app_end ] --START--
INFO: Run Behavior\ShowPageTraceBehavior [ RunTime:0.000000s ]
INFO: [ app_end ] --END-- [ RunTime:0.000000s ]

[ 2016-10-11T15:18:46+08:00 ] 127.0.0.1 /index.php/Home/Index/getProductsMsgVue?type=cwzx&id=13
INFO: [ app_init ] --START--
INFO: Run Behavior\BuildLiteBehavior [ RunTime:0.000000s ]
INFO: [ app_init ] --END-- [ RunTime:0.001000s ]
INFO: [ app_begin ] --START--
INFO: Run Behavior\ReadHtmlCacheBehavior [ RunTime:0.000000s ]
INFO: [ app_begin ] --END-- [ RunTime:0.000000s ]
SQL: SHOW COLUMNS FROM `user` [ RunTime:0.0040s ]
SQL: SELECT `name`,`password`,`photo` FROM `user` WHERE `name` = 'MapleStory' AND `password` = 'e10adc3949ba59abbe56e057f20f883e' LIMIT 1   [ RunTime:0.0010s ]
SQL: SHOW COLUMNS FROM `big_ad_pic` [ RunTime:0.0010s ]
SQL: SHOW COLUMNS FROM `cwzx` [ RunTime:0.0000s ]
SQL: SELECT * FROM `cwzx` WHERE ( id=13 ) LIMIT 1   [ RunTime:0.0000s ]
INFO: [ app_end ] --START--
INFO: Run Behavior\ShowPageTraceBehavior [ RunTime:0.000000s ]
INFO: [ app_end ] --END-- [ RunTime:0.000000s ]

[ 2016-10-11T15:19:02+08:00 ] 127.0.0.1 /index.php/Home/Index/getProductsMsgVue?type=kxzb&id=11
INFO: [ app_init ] --START--
INFO: Run Behavior\BuildLiteBehavior [ RunTime:0.000000s ]
INFO: [ app_init ] --END-- [ RunTime:0.001000s ]
INFO: [ app_begin ] --START--
INFO: Run Behavior\ReadHtmlCacheBehavior [ RunTime:0.000000s ]
INFO: [ app_begin ] --END-- [ RunTime:0.000000s ]
SQL: SHOW COLUMNS FROM `user` [ RunTime:0.0100s ]
SQL: SELECT `name`,`password`,`photo` FROM `user` WHERE `name` = 'MapleStory' AND `password` = 'e10adc3949ba59abbe56e057f20f883e' LIMIT 1   [ RunTime:0.0000s ]
SQL: SHOW COLUMNS FROM `big_ad_pic` [ RunTime:0.0000s ]
SQL: SHOW COLUMNS FROM `kxzb` [ RunTime:0.0000s ]
SQL: SELECT * FROM `kxzb` WHERE ( id=11 ) LIMIT 1   [ RunTime:0.0000s ]
INFO: [ app_end ] --START--
INFO: Run Behavior\ShowPageTraceBehavior [ RunTime:0.000000s ]
INFO: [ app_end ] --END-- [ RunTime:0.000000s ]

[ 2016-10-11T15:19:16+08:00 ] 127.0.0.1 /index.php/Home/Index/indexVue?searchKey=undefined
INFO: [ app_init ] --START--
INFO: Run Behavior\BuildLiteBehavior [ RunTime:0.000000s ]
INFO: [ app_init ] --END-- [ RunTime:0.001000s ]
INFO: [ app_begin ] --START--
INFO: Run Behavior\ReadHtmlCacheBehavior [ RunTime:0.001000s ]
INFO: [ app_begin ] --END-- [ RunTime:0.001000s ]
SQL: SHOW COLUMNS FROM `user` [ RunTime:0.0030s ]
SQL: SELECT `name`,`password`,`photo` FROM `user` WHERE `name` = 'MapleStory' AND `password` = 'e10adc3949ba59abbe56e057f20f883e' LIMIT 1   [ RunTime:0.0000s ]
SQL: SHOW COLUMNS FROM `big_ad_pic` [ RunTime:0.0030s ]
SQL: SELECT * FROM `big_ad_pic` LIMIT 0,15   [ RunTime:0.0000s ]
SQL: SHOW COLUMNS FROM `kxzb` [ RunTime:0.0020s ]
SQL: SELECT * FROM `kxzb` ORDER BY id desc LIMIT 0,15   [ RunTime:0.0000s ]
SQL: SHOW COLUMNS FROM `xpzs` [ RunTime:0.0030s ]
SQL: SELECT * FROM `xpzs` ORDER BY id desc LIMIT 0,15   [ RunTime:0.0000s ]
SQL: SHOW COLUMNS FROM `syxh` [ RunTime:0.0030s ]
SQL: SELECT * FROM `syxh` ORDER BY id desc LIMIT 0,15   [ RunTime:0.0000s ]
SQL: SHOW COLUMNS FROM `cwzx` [ RunTime:0.0030s ]
SQL: SELECT * FROM `cwzx` ORDER BY id desc LIMIT 0,15   [ RunTime:0.0000s ]
INFO: [ app_end ] --START--
INFO: Run Behavior\ShowPageTraceBehavior [ RunTime:0.001000s ]
INFO: [ app_end ] --END-- [ RunTime:0.001000s ]

[ 2016-10-11T15:19:17+08:00 ] 127.0.0.1 /index.php/Home/Index/indexVue?searchKey=undefined
INFO: [ app_init ] --START--
INFO: Run Behavior\BuildLiteBehavior [ RunTime:0.000000s ]
INFO: [ app_init ] --END-- [ RunTime:0.000000s ]
INFO: [ app_begin ] --START--
INFO: Run Behavior\ReadHtmlCacheBehavior [ RunTime:0.001000s ]
INFO: [ app_begin ] --END-- [ RunTime:0.001000s ]
SQL: SHOW COLUMNS FROM `user` [ RunTime:0.0030s ]
SQL: SELECT `name`,`password`,`photo` FROM `user` WHERE `name` = 'MapleStory' AND `password` = 'e10adc3949ba59abbe56e057f20f883e' LIMIT 1   [ RunTime:0.0000s ]
SQL: SHOW COLUMNS FROM `big_ad_pic` [ RunTime:0.0030s ]
SQL: SELECT * FROM `big_ad_pic` LIMIT 0,15   [ RunTime:0.0010s ]
SQL: SHOW COLUMNS FROM `kxzb` [ RunTime:0.0030s ]
SQL: SELECT * FROM `kxzb` ORDER BY id desc LIMIT 0,15   [ RunTime:0.0000s ]
SQL: SHOW COLUMNS FROM `xpzs` [ RunTime:0.0030s ]
SQL: SELECT * FROM `xpzs` ORDER BY id desc LIMIT 0,15   [ RunTime:0.0000s ]
SQL: SHOW COLUMNS FROM `syxh` [ RunTime:0.0040s ]
SQL: SELECT * FROM `syxh` ORDER BY id desc LIMIT 0,15   [ RunTime:0.0000s ]
SQL: SHOW COLUMNS FROM `cwzx` [ RunTime:0.0040s ]
SQL: SELECT * FROM `cwzx` ORDER BY id desc LIMIT 0,15   [ RunTime:0.0010s ]
INFO: [ app_end ] --START--
INFO: Run Behavior\ShowPageTraceBehavior [ RunTime:0.000000s ]
INFO: [ app_end ] --END-- [ RunTime:0.001000s ]

[ 2016-10-11T15:20:28+08:00 ] 127.0.0.1 /index.php/Home/Index/getProductsMsgVue?type=cwzx&id=13
INFO: [ app_init ] --START--
INFO: Run Behavior\BuildLiteBehavior [ RunTime:0.000000s ]
INFO: [ app_init ] --END-- [ RunTime:0.001000s ]
INFO: [ app_begin ] --START--
INFO: Run Behavior\ReadHtmlCacheBehavior [ RunTime:0.001000s ]
INFO: [ app_begin ] --END-- [ RunTime:0.001000s ]
SQL: SHOW COLUMNS FROM `user` [ RunTime:0.0030s ]
SQL: SELECT `name`,`password`,`photo` FROM `user` WHERE `name` = 'MapleStory' AND `password` = 'e10adc3949ba59abbe56e057f20f883e' LIMIT 1   [ RunTime:0.0000s ]
SQL: SHOW COLUMNS FROM `big_ad_pic` [ RunTime:0.0030s ]
SQL: SHOW COLUMNS FROM `cwzx` [ RunTime:0.0010s ]
SQL: SELECT * FROM `cwzx` WHERE ( id=13 ) LIMIT 1   [ RunTime:0.0025s ]
INFO: [ app_end ] --START--
INFO: Run Behavior\ShowPageTraceBehavior [ RunTime:0.000000s ]
INFO: [ app_end ] --END-- [ RunTime:0.000000s ]

[ 2016-10-11T15:36:05+08:00 ] 127.0.0.1 /index.php/Home/Index/indexVue?searchKey=undefined
INFO: [ app_init ] --START--
INFO: Run Behavior\BuildLiteBehavior [ RunTime:0.000000s ]
INFO: [ app_init ] --END-- [ RunTime:0.001000s ]
INFO: [ app_begin ] --START--
INFO: Run Behavior\ReadHtmlCacheBehavior [ RunTime:0.001000s ]
INFO: [ app_begin ] --END-- [ RunTime:0.001000s ]
SQL: SHOW COLUMNS FROM `user` [ RunTime:0.0040s ]
SQL: SELECT `name`,`password`,`photo` FROM `user` WHERE `name` = 'MapleStory' AND `password` = 'e10adc3949ba59abbe56e057f20f883e' LIMIT 1   [ RunTime:0.0000s ]
SQL: SHOW COLUMNS FROM `big_ad_pic` [ RunTime:0.0030s ]
SQL: SELECT * FROM `big_ad_pic` LIMIT 0,15   [ RunTime:0.0010s ]
SQL: SHOW COLUMNS FROM `kxzb` [ RunTime:0.0030s ]
SQL: SELECT * FROM `kxzb` ORDER BY id desc LIMIT 0,15   [ RunTime:0.0000s ]
SQL: SHOW COLUMNS FROM `xpzs` [ RunTime:0.0030s ]
SQL: SELECT * FROM `xpzs` ORDER BY id desc LIMIT 0,15   [ RunTime:0.0010s ]
SQL: SHOW COLUMNS FROM `syxh` [ RunTime:0.0030s ]
SQL: SELECT * FROM `syxh` ORDER BY id desc LIMIT 0,15   [ RunTime:0.0010s ]
SQL: SHOW COLUMNS FROM `cwzx` [ RunTime:0.0030s ]
SQL: SELECT * FROM `cwzx` ORDER BY id desc LIMIT 0,15   [ RunTime:0.0010s ]
INFO: [ app_end ] --START--
INFO: Run Behavior\ShowPageTraceBehavior [ RunTime:0.001000s ]
INFO: [ app_end ] --END-- [ RunTime:0.001000s ]

[ 2016-10-11T15:40:44+08:00 ] 127.0.0.1 /index.php/Home/Index/indexVue?searchKey=undefined
INFO: [ app_init ] --START--
INFO: Run Behavior\BuildLiteBehavior [ RunTime:0.000000s ]
INFO: [ app_init ] --END-- [ RunTime:0.001000s ]
INFO: [ app_begin ] --START--
INFO: Run Behavior\ReadHtmlCacheBehavior [ RunTime:0.000000s ]
INFO: [ app_begin ] --END-- [ RunTime:0.000000s ]
SQL: SHOW COLUMNS FROM `user` [ RunTime:0.0030s ]
SQL: SELECT `name`,`password`,`photo` FROM `user` WHERE `name` = 'MapleStory' AND `password` = 'e10adc3949ba59abbe56e057f20f883e' LIMIT 1   [ RunTime:0.0000s ]
SQL: SHOW COLUMNS FROM `big_ad_pic` [ RunTime:0.0030s ]
SQL: SELECT * FROM `big_ad_pic` LIMIT 0,15   [ RunTime:0.0000s ]
SQL: SHOW COLUMNS FROM `kxzb` [ RunTime:0.0030s ]
SQL: SELECT * FROM `kxzb` ORDER BY id desc LIMIT 0,15   [ RunTime:0.0010s ]
SQL: SHOW COLUMNS FROM `xpzs` [ RunTime:0.0030s ]
SQL: SELECT * FROM `xpzs` ORDER BY id desc LIMIT 0,15   [ RunTime:0.0000s ]
SQL: SHOW COLUMNS FROM `syxh` [ RunTime:0.0030s ]
SQL: SELECT * FROM `syxh` ORDER BY id desc LIMIT 0,15   [ RunTime:0.0000s ]
SQL: SHOW COLUMNS FROM `cwzx` [ RunTime:0.0030s ]
SQL: SELECT * FROM `cwzx` ORDER BY id desc LIMIT 0,15   [ RunTime:0.0000s ]
INFO: [ app_end ] --START--
INFO: Run Behavior\ShowPageTraceBehavior [ RunTime:0.001000s ]
INFO: [ app_end ] --END-- [ RunTime:0.001000s ]

[ 2016-10-11T15:55:43+08:00 ] 127.0.0.1 /
INFO: [ app_init ] --START--
INFO: Run Behavior\BuildLiteBehavior [ RunTime:0.000000s ]
INFO: [ app_init ] --END-- [ RunTime:0.001000s ]
INFO: [ app_begin ] --START--
INFO: Run Behavior\ReadHtmlCacheBehavior [ RunTime:0.001000s ]
INFO: [ app_begin ] --END-- [ RunTime:0.001000s ]
SQL: SHOW COLUMNS FROM `user` [ RunTime:0.0040s ]
SQL: SELECT `name`,`password`,`photo` FROM `user` WHERE `name` = 'MapleStory' AND `password` = 'e10adc3949ba59abbe56e057f20f883e' LIMIT 1   [ RunTime:0.0000s ]
SQL: SHOW COLUMNS FROM `big_ad_pic` [ RunTime:0.0030s ]
SQL: SELECT * FROM `big_ad_pic` LIMIT 0,15   [ RunTime:0.0000s ]
SQL: SHOW COLUMNS FROM `kxzb` [ RunTime:0.0030s ]
SQL: SELECT * FROM `kxzb` ORDER BY id desc LIMIT 0,15   [ RunTime:0.0000s ]
SQL: SHOW COLUMNS FROM `xpzs` [ RunTime:0.0030s ]
SQL: SELECT * FROM `xpzs` ORDER BY id desc LIMIT 0,15   [ RunTime:0.0000s ]
SQL: SHOW COLUMNS FROM `syxh` [ RunTime:0.0030s ]
SQL: SELECT * FROM `syxh` ORDER BY id desc LIMIT 0,15   [ RunTime:0.0010s ]
SQL: SHOW COLUMNS FROM `cwzx` [ RunTime:0.0030s ]
SQL: SELECT * FROM `cwzx` ORDER BY id desc LIMIT 0,15   [ RunTime:0.0000s ]
INFO: [ view_parse ] --START--
INFO: [ template_filter ] --START--
INFO: Run Behavior\ContentReplaceBehavior [ RunTime:0.001000s ]
INFO: [ template_filter ] --END-- [ RunTime:0.001000s ]
INFO: Run Behavior\ParseTemplateBehavior [ RunTime:0.040003s ]
INFO: [ view_parse ] --END-- [ RunTime:0.040003s ]
INFO: [ view_filter ] --START--
INFO: Run Behavior\WriteHtmlCacheBehavior [ RunTime:0.000000s ]
INFO: [ view_filter ] --END-- [ RunTime:0.000000s ]
INFO: [ app_end ] --START--
INFO: Run Behavior\ShowPageTraceBehavior [ RunTime:0.001000s ]
INFO: [ app_end ] --END-- [ RunTime:0.001000s ]

[ 2016-10-11T15:55:49+08:00 ] 127.0.0.1 /index.php/Home/Index/indexVue?searchKey=undefined
INFO: [ app_init ] --START--
INFO: Run Behavior\BuildLiteBehavior [ RunTime:0.000000s ]
INFO: [ app_init ] --END-- [ RunTime:0.001000s ]
INFO: [ app_begin ] --START--
INFO: Run Behavior\ReadHtmlCacheBehavior [ RunTime:0.000000s ]
INFO: [ app_begin ] --END-- [ RunTime:0.000000s ]
SQL: SHOW COLUMNS FROM `user` [ RunTime:0.0040s ]
SQL: SELECT `name`,`password`,`photo` FROM `user` WHERE `name` = 'MapleStory' AND `password` = 'e10adc3949ba59abbe56e057f20f883e' LIMIT 1   [ RunTime:0.0010s ]
SQL: SHOW COLUMNS FROM `big_ad_pic` [ RunTime:0.0030s ]
SQL: SELECT * FROM `big_ad_pic` LIMIT 0,15   [ RunTime:0.0010s ]
SQL: SHOW COLUMNS FROM `kxzb` [ RunTime:0.0030s ]
SQL: SELECT * FROM `kxzb` ORDER BY id desc LIMIT 0,15   [ RunTime:0.0000s ]
SQL: SHOW COLUMNS FROM `xpzs` [ RunTime:0.0030s ]
SQL: SELECT * FROM `xpzs` ORDER BY id desc LIMIT 0,15   [ RunTime:0.0010s ]
SQL: SHOW COLUMNS FROM `syxh` [ RunTime:0.0030s ]
SQL: SELECT * FROM `syxh` ORDER BY id desc LIMIT 0,15   [ RunTime:0.0010s ]
SQL: SHOW COLUMNS FROM `cwzx` [ RunTime:0.0030s ]
SQL: SELECT * FROM `cwzx` ORDER BY id desc LIMIT 0,15   [ RunTime:0.0010s ]
INFO: [ app_end ] --START--
INFO: Run Behavior\ShowPageTraceBehavior [ RunTime:0.001000s ]
INFO: [ app_end ] --END-- [ RunTime:0.001000s ]

[ 2016-10-11T15:56:03+08:00 ] 127.0.0.1 /index.php/Home/Myhome/index
INFO: [ app_init ] --START--
INFO: Run Behavior\BuildLiteBehavior [ RunTime:0.000000s ]
INFO: [ app_init ] --END-- [ RunTime:0.001000s ]
INFO: [ app_begin ] --START--
INFO: Run Behavior\ReadHtmlCacheBehavior [ RunTime:0.002001s ]
INFO: [ app_begin ] --END-- [ RunTime:0.002001s ]
SQL: SHOW COLUMNS FROM `user` [ RunTime:0.0030s ]
SQL: SELECT `name`,`password`,`photo` FROM `user` WHERE `name` = 'MapleStory' AND `password` = 'e10adc3949ba59abbe56e057f20f883e' LIMIT 1   [ RunTime:0.0000s ]
INFO: [ view_parse ] --START--
INFO: [ template_filter ] --START--
INFO: Run Behavior\ContentReplaceBehavior [ RunTime:0.000000s ]
INFO: [ template_filter ] --END-- [ RunTime:0.000000s ]
INFO: Run Behavior\ParseTemplateBehavior [ RunTime:0.034001s ]
INFO: [ view_parse ] --END-- [ RunTime:0.034001s ]
INFO: [ view_filter ] --START--
INFO: Run Behavior\WriteHtmlCacheBehavior [ RunTime:0.000000s ]
INFO: [ view_filter ] --END-- [ RunTime:0.001001s ]
INFO: [ app_end ] --START--
INFO: Run Behavior\ShowPageTraceBehavior [ RunTime:0.000000s ]
INFO: [ app_end ] --END-- [ RunTime:0.000000s ]

[ 2016-10-11T15:56:03+08:00 ] 127.0.0.1 /index.php/Home/Myhome/usermsg
INFO: [ app_init ] --START--
INFO: Run Behavior\BuildLiteBehavior [ RunTime:0.000000s ]
INFO: [ app_init ] --END-- [ RunTime:0.001000s ]
INFO: [ app_begin ] --START--
INFO: Run Behavior\ReadHtmlCacheBehavior [ RunTime:0.001000s ]
INFO: [ app_begin ] --END-- [ RunTime:0.001000s ]
SQL: SHOW COLUMNS FROM `user` [ RunTime:0.0030s ]
SQL: SELECT `name`,`password`,`photo` FROM `user` WHERE `name` = 'MapleStory' AND `password` = 'e10adc3949ba59abbe56e057f20f883e' LIMIT 1   [ RunTime:0.0000s ]
NOTIC: [8] Use of undefined constant a - assumed 'a' D:\demo\maplestory\Application\Home\Controller\MyhomeController.class.php 第 61 行.
SQL: SELECT * FROM user a INNER JOIN useraddr b ON b.userid=a.id  WHERE `name` = 'MapleStory'  [ RunTime:0.1290s ]
INFO: [ view_parse ] --START--
INFO: [ template_filter ] --START--
INFO: Run Behavior\ContentReplaceBehavior [ RunTime:0.000000s ]
INFO: [ template_filter ] --END-- [ RunTime:0.001000s ]
INFO: Run Behavior\ParseTemplateBehavior [ RunTime:0.023001s ]
INFO: [ view_parse ] --END-- [ RunTime:0.023001s ]
INFO: [ view_filter ] --START--
INFO: Run Behavior\WriteHtmlCacheBehavior [ RunTime:0.000000s ]
INFO: [ view_filter ] --END-- [ RunTime:0.000000s ]
INFO: [ app_end ] --START--
INFO: Run Behavior\ShowPageTraceBehavior [ RunTime:0.001000s ]
INFO: [ app_end ] --END-- [ RunTime:0.001000s ]

[ 2016-10-11T15:56:05+08:00 ] 127.0.0.1 /index.php/Home/Index/index
INFO: [ app_init ] --START--
INFO: Run Behavior\BuildLiteBehavior [ RunTime:0.000000s ]
INFO: [ app_init ] --END-- [ RunTime:0.000000s ]
INFO: [ app_begin ] --START--
INFO: Run Behavior\ReadHtmlCacheBehavior [ RunTime:0.000000s ]
INFO: [ app_begin ] --END-- [ RunTime:0.000000s ]
SQL: SHOW COLUMNS FROM `user` [ RunTime:0.0040s ]
SQL: SELECT `name`,`password`,`photo` FROM `user` WHERE `name` = 'MapleStory' AND `password` = 'e10adc3949ba59abbe56e057f20f883e' LIMIT 1   [ RunTime:0.0010s ]
SQL: SHOW COLUMNS FROM `big_ad_pic` [ RunTime:0.0030s ]
SQL: SELECT * FROM `big_ad_pic` LIMIT 0,15   [ RunTime:0.0010s ]
SQL: SHOW COLUMNS FROM `kxzb` [ RunTime:0.0030s ]
SQL: SELECT * FROM `kxzb` ORDER BY id desc LIMIT 0,15   [ RunTime:0.0000s ]
SQL: SHOW COLUMNS FROM `xpzs` [ RunTime:0.0030s ]
SQL: SELECT * FROM `xpzs` ORDER BY id desc LIMIT 0,15   [ RunTime:0.0000s ]
SQL: SHOW COLUMNS FROM `syxh` [ RunTime:0.0040s ]
SQL: SELECT * FROM `syxh` ORDER BY id desc LIMIT 0,15   [ RunTime:0.0000s ]
SQL: SHOW COLUMNS FROM `cwzx` [ RunTime:0.0030s ]
SQL: SELECT * FROM `cwzx` ORDER BY id desc LIMIT 0,15   [ RunTime:0.0000s ]
INFO: [ view_parse ] --START--
INFO: [ template_filter ] --START--
INFO: Run Behavior\ContentReplaceBehavior [ RunTime:0.000000s ]
INFO: [ template_filter ] --END-- [ RunTime:0.000000s ]
INFO: Run Behavior\ParseTemplateBehavior [ RunTime:0.016000s ]
INFO: [ view_parse ] --END-- [ RunTime:0.016000s ]
INFO: [ view_filter ] --START--
INFO: Run Behavior\WriteHtmlCacheBehavior [ RunTime:0.000000s ]
INFO: [ view_filter ] --END-- [ RunTime:0.000000s ]
INFO: [ app_end ] --START--
INFO: Run Behavior\ShowPageTraceBehavior [ RunTime:0.000000s ]
INFO: [ app_end ] --END-- [ RunTime:0.000000s ]

[ 2016-10-11T15:56:07+08:00 ] 127.0.0.1 /index.php/Home/Pay/index
INFO: [ app_init ] --START--
INFO: Run Behavior\BuildLiteBehavior [ RunTime:0.000000s ]
INFO: [ app_init ] --END-- [ RunTime:0.000000s ]
INFO: [ app_begin ] --START--
INFO: Run Behavior\ReadHtmlCacheBehavior [ RunTime:0.000000s ]
INFO: [ app_begin ] --END-- [ RunTime:0.001000s ]
SQL: SHOW COLUMNS FROM `user` [ RunTime:0.0030s ]
SQL: SELECT `name`,`password`,`photo` FROM `user` WHERE `name` = 'MapleStory' AND `password` = 'e10adc3949ba59abbe56e057f20f883e' LIMIT 1   [ RunTime:0.0000s ]
SQL: SHOW COLUMNS FROM `kxzb` [ RunTime:0.0030s ]
SQL: SELECT * FROM `kxzb`  [ RunTime:0.0000s ]
SQL: SELECT * FROM `kxzb` ORDER BY id desc LIMIT 0,15   [ RunTime:0.0000s ]
INFO: [ view_parse ] --START--
INFO: [ template_filter ] --START--
INFO: Run Behavior\ContentReplaceBehavior [ RunTime:0.000000s ]
INFO: [ template_filter ] --END-- [ RunTime:0.000000s ]
INFO: Run Behavior\ParseTemplateBehavior [ RunTime:0.011000s ]
INFO: [ view_parse ] --END-- [ RunTime:0.011000s ]
INFO: [ view_filter ] --START--
INFO: Run Behavior\WriteHtmlCacheBehavior [ RunTime:0.000000s ]
INFO: [ view_filter ] --END-- [ RunTime:0.000000s ]
INFO: [ app_end ] --START--
INFO: Run Behavior\ShowPageTraceBehavior [ RunTime:0.000000s ]
INFO: [ app_end ] --END-- [ RunTime:0.001000s ]

[ 2016-10-11T16:06:25+08:00 ] 127.0.0.1 /index.php/Home/Index/indexVue?searchKey=undefined
INFO: [ app_init ] --START--
INFO: Run Behavior\BuildLiteBehavior [ RunTime:0.000000s ]
INFO: [ app_init ] --END-- [ RunTime:0.000000s ]
INFO: [ app_begin ] --START--
INFO: Run Behavior\ReadHtmlCacheBehavior [ RunTime:0.001000s ]
INFO: [ app_begin ] --END-- [ RunTime:0.002000s ]
SQL: SHOW COLUMNS FROM `user` [ RunTime:0.0030s ]
SQL: SELECT `name`,`password`,`photo` FROM `user` WHERE `name` = 'MapleStory' AND `password` = 'e10adc3949ba59abbe56e057f20f883e' LIMIT 1   [ RunTime:0.0000s ]
SQL: SHOW COLUMNS FROM `big_ad_pic` [ RunTime:0.0040s ]
SQL: SELECT * FROM `big_ad_pic` LIMIT 0,15   [ RunTime:0.0000s ]
SQL: SHOW COLUMNS FROM `kxzb` [ RunTime:0.0030s ]
SQL: SELECT * FROM `kxzb` ORDER BY id desc LIMIT 0,15   [ RunTime:0.0000s ]
SQL: SHOW COLUMNS FROM `xpzs` [ RunTime:0.0040s ]
SQL: SELECT * FROM `xpzs` ORDER BY id desc LIMIT 0,15   [ RunTime:0.0000s ]
SQL: SHOW COLUMNS FROM `syxh` [ RunTime:0.0030s ]
SQL: SELECT * FROM `syxh` ORDER BY id desc LIMIT 0,15   [ RunTime:0.0000s ]
SQL: SHOW COLUMNS FROM `cwzx` [ RunTime:0.0030s ]
SQL: SELECT * FROM `cwzx` ORDER BY id desc LIMIT 0,15   [ RunTime:0.0000s ]
INFO: [ app_end ] --START--
INFO: Run Behavior\ShowPageTraceBehavior [ RunTime:0.000000s ]
INFO: [ app_end ] --END-- [ RunTime:0.000000s ]

[ 2016-10-11T16:07:16+08:00 ] 127.0.0.1 /index.php/Home/Index/indexVue?searchKey=undefined
INFO: [ app_init ] --START--
INFO: Run Behavior\BuildLiteBehavior [ RunTime:0.000000s ]
INFO: [ app_init ] --END-- [ RunTime:0.000000s ]
INFO: [ app_begin ] --START--
INFO: Run Behavior\ReadHtmlCacheBehavior [ RunTime:0.001000s ]
INFO: [ app_begin ] --END-- [ RunTime:0.001000s ]
SQL: SHOW COLUMNS FROM `user` [ RunTime:0.0030s ]
SQL: SELECT `name`,`password`,`photo` FROM `user` WHERE `name` = 'MapleStory' AND `password` = 'e10adc3949ba59abbe56e057f20f883e' LIMIT 1   [ RunTime:0.0000s ]
SQL: SHOW COLUMNS FROM `big_ad_pic` [ RunTime:0.0030s ]
SQL: SELECT * FROM `big_ad_pic` LIMIT 0,15   [ RunTime:0.0000s ]
SQL: SHOW COLUMNS FROM `kxzb` [ RunTime:0.0040s ]
SQL: SELECT * FROM `kxzb` ORDER BY id desc LIMIT 0,15   [ RunTime:0.0000s ]
SQL: SHOW COLUMNS FROM `xpzs` [ RunTime:0.0030s ]
SQL: SELECT * FROM `xpzs` ORDER BY id desc LIMIT 0,15   [ RunTime:0.0000s ]
SQL: SHOW COLUMNS FROM `syxh` [ RunTime:0.0030s ]
SQL: SELECT * FROM `syxh` ORDER BY id desc LIMIT 0,15   [ RunTime:0.0000s ]
SQL: SHOW COLUMNS FROM `cwzx` [ RunTime:0.0040s ]
SQL: SELECT * FROM `cwzx` ORDER BY id desc LIMIT 0,15   [ RunTime:0.0000s ]
INFO: [ app_end ] --START--
INFO: Run Behavior\ShowPageTraceBehavior [ RunTime:0.000000s ]
INFO: [ app_end ] --END-- [ RunTime:0.000000s ]

[ 2016-10-11T16:07:49+08:00 ] 127.0.0.1 /index.php/Home/Index/getProductsMsgVue?type=cwzx&id=8
INFO: [ app_init ] --START--
INFO: Run Behavior\BuildLiteBehavior [ RunTime:0.000000s ]
INFO: [ app_init ] --END-- [ RunTime:0.001000s ]
INFO: [ app_begin ] --START--
INFO: Run Behavior\ReadHtmlCacheBehavior [ RunTime:0.001000s ]
INFO: [ app_begin ] --END-- [ RunTime:0.002000s ]
SQL: SHOW COLUMNS FROM `user` [ RunTime:0.0000s ]
SQL: SELECT `name`,`password`,`photo` FROM `user` WHERE `name` = 'MapleStory' AND `password` = 'e10adc3949ba59abbe56e057f20f883e' LIMIT 1   [ RunTime:0.0000s ]
SQL: SHOW COLUMNS FROM `big_ad_pic` [ RunTime:0.0000s ]
SQL: SHOW COLUMNS FROM `cwzx` [ RunTime:0.0100s ]
SQL: SELECT * FROM `cwzx` WHERE ( id=8 ) LIMIT 1   [ RunTime:0.0000s ]
INFO: [ app_end ] --START--
INFO: Run Behavior\ShowPageTraceBehavior [ RunTime:0.000000s ]
INFO: [ app_end ] --END-- [ RunTime:0.000000s ]

[ 2016-10-11T16:10:40+08:00 ] 127.0.0.1 /index.php/Home/Index/getProductsMsgVue?type=cwzx&id=13
INFO: [ app_init ] --START--
INFO: Run Behavior\BuildLiteBehavior [ RunTime:0.000000s ]
INFO: [ app_init ] --END-- [ RunTime:0.001000s ]
INFO: [ app_begin ] --START--
INFO: Run Behavior\ReadHtmlCacheBehavior [ RunTime:0.001001s ]
INFO: [ app_begin ] --END-- [ RunTime:0.001001s ]
SQL: SHOW COLUMNS FROM `user` [ RunTime:0.0040s ]
SQL: SELECT `name`,`password`,`photo` FROM `user` WHERE `name` = 'MapleStory' AND `password` = 'e10adc3949ba59abbe56e057f20f883e' LIMIT 1   [ RunTime:0.0010s ]
SQL: SHOW COLUMNS FROM `big_ad_pic` [ RunTime:0.0020s ]
SQL: SHOW COLUMNS FROM `cwzx` [ RunTime:0.0000s ]
SQL: SELECT * FROM `cwzx` WHERE ( id=13 ) LIMIT 1   [ RunTime:0.0000s ]
INFO: [ app_end ] --START--
INFO: Run Behavior\ShowPageTraceBehavior [ RunTime:0.000000s ]
INFO: [ app_end ] --END-- [ RunTime:0.000000s ]

[ 2016-10-11T16:10:42+08:00 ] 127.0.0.1 /index.php/Home/Index/getProductsMsgVue?type=cwzx&id=12
INFO: [ app_init ] --START--
INFO: Run Behavior\BuildLiteBehavior [ RunTime:0.000000s ]
INFO: [ app_init ] --END-- [ RunTime:0.000000s ]
INFO: [ app_begin ] --START--
INFO: Run Behavior\ReadHtmlCacheBehavior [ RunTime:0.001000s ]
INFO: [ app_begin ] --END-- [ RunTime:0.001000s ]
SQL: SHOW COLUMNS FROM `user` [ RunTime:0.0000s ]
SQL: SELECT `name`,`password`,`photo` FROM `user` WHERE `name` = 'MapleStory' AND `password` = 'e10adc3949ba59abbe56e057f20f883e' LIMIT 1   [ RunTime:0.0000s ]
SQL: SHOW COLUMNS FROM `big_ad_pic` [ RunTime:0.0100s ]
SQL: SHOW COLUMNS FROM `cwzx` [ RunTime:0.0000s ]
SQL: SELECT * FROM `cwzx` WHERE ( id=12 ) LIMIT 1   [ RunTime:0.0000s ]
INFO: [ app_end ] --START--
INFO: Run Behavior\ShowPageTraceBehavior [ RunTime:0.000000s ]
INFO: [ app_end ] --END-- [ RunTime:0.000000s ]

[ 2016-10-11T16:25:06+08:00 ] 127.0.0.1 /
INFO: [ app_init ] --START--
INFO: Run Behavior\BuildLiteBehavior [ RunTime:0.000000s ]
INFO: [ app_init ] --END-- [ RunTime:0.001001s ]
INFO: [ app_begin ] --START--
INFO: Run Behavior\ReadHtmlCacheBehavior [ RunTime:0.000000s ]
INFO: [ app_begin ] --END-- [ RunTime:0.000000s ]
SQL: SHOW COLUMNS FROM `big_ad_pic` [ RunTime:0.0030s ]
SQL: SELECT * FROM `big_ad_pic` LIMIT 0,15   [ RunTime:0.0000s ]
SQL: SHOW COLUMNS FROM `kxzb` [ RunTime:0.0030s ]
SQL: SELECT * FROM `kxzb` ORDER BY id desc LIMIT 0,15   [ RunTime:0.0000s ]
SQL: SHOW COLUMNS FROM `xpzs` [ RunTime:0.0030s ]
SQL: SELECT * FROM `xpzs` ORDER BY id desc LIMIT 0,15   [ RunTime:0.0000s ]
SQL: SHOW COLUMNS FROM `syxh` [ RunTime:0.0040s ]
SQL: SELECT * FROM `syxh` ORDER BY id desc LIMIT 0,15   [ RunTime:0.0010s ]
SQL: SHOW COLUMNS FROM `cwzx` [ RunTime:0.0030s ]
SQL: SELECT * FROM `cwzx` ORDER BY id desc LIMIT 0,15   [ RunTime:0.0000s ]
INFO: [ view_parse ] --START--
INFO: [ template_filter ] --START--
INFO: Run Behavior\ContentReplaceBehavior [ RunTime:0.000000s ]
INFO: [ template_filter ] --END-- [ RunTime:0.000000s ]
INFO: Run Behavior\ParseTemplateBehavior [ RunTime:0.015001s ]
INFO: [ view_parse ] --END-- [ RunTime:0.015001s ]
INFO: [ view_filter ] --START--
INFO: Run Behavior\WriteHtmlCacheBehavior [ RunTime:0.000000s ]
INFO: [ view_filter ] --END-- [ RunTime:0.000000s ]
INFO: [ app_end ] --START--
INFO: Run Behavior\ShowPageTraceBehavior [ RunTime:0.000000s ]
INFO: [ app_end ] --END-- [ RunTime:0.000000s ]

[ 2016-10-11T16:30:20+08:00 ] 127.0.0.1 /index.php/Home/Index/getProductsMsgVue?type=cwzx&id=14
INFO: [ app_init ] --START--
INFO: Run Behavior\BuildLiteBehavior [ RunTime:0.000000s ]
INFO: [ app_init ] --END-- [ RunTime:0.000000s ]
INFO: [ app_begin ] --START--
INFO: Run Behavior\ReadHtmlCacheBehavior [ RunTime:0.000000s ]
INFO: [ app_begin ] --END-- [ RunTime:0.000000s ]
SQL: SHOW COLUMNS FROM `big_ad_pic` [ RunTime:0.0040s ]
SQL: SHOW COLUMNS FROM `cwzx` [ RunTime:0.0030s ]
SQL: SELECT * FROM `cwzx` WHERE ( id=14 ) LIMIT 1   [ RunTime:0.0000s ]
INFO: [ app_end ] --START--
INFO: Run Behavior\ShowPageTraceBehavior [ RunTime:0.001000s ]
INFO: [ app_end ] --END-- [ RunTime:0.001000s ]

[ 2016-10-11T16:30:23+08:00 ] 127.0.0.1 /index.php/Home/Index/getProductsMsgVue?type=cwzx&id=15
INFO: [ app_init ] --START--
INFO: Run Behavior\BuildLiteBehavior [ RunTime:0.000000s ]
INFO: [ app_init ] --END-- [ RunTime:0.001000s ]
INFO: [ app_begin ] --START--
INFO: Run Behavior\ReadHtmlCacheBehavior [ RunTime:0.000000s ]
INFO: [ app_begin ] --END-- [ RunTime:0.001001s ]
SQL: SHOW COLUMNS FROM `big_ad_pic` [ RunTime:0.0030s ]
SQL: SHOW COLUMNS FROM `cwzx` [ RunTime:0.0020s ]
SQL: SELECT * FROM `cwzx` WHERE ( id=15 ) LIMIT 1   [ RunTime:0.0000s ]
INFO: [ app_end ] --START--
INFO: Run Behavior\ShowPageTraceBehavior [ RunTime:0.000000s ]
INFO: [ app_end ] --END-- [ RunTime:0.000000s ]

[ 2016-10-11T16:31:43+08:00 ] 127.0.0.1 /index.php/Home/Index/getProductsMsgVue?type=cwzx&id=11
INFO: [ app_init ] --START--
INFO: Run Behavior\BuildLiteBehavior [ RunTime:0.001000s ]
INFO: [ app_init ] --END-- [ RunTime:0.001000s ]
INFO: [ app_begin ] --START--
INFO: Run Behavior\ReadHtmlCacheBehavior [ RunTime:0.000000s ]
INFO: [ app_begin ] --END-- [ RunTime:0.000000s ]
SQL: SHOW COLUMNS FROM `big_ad_pic` [ RunTime:0.0000s ]
SQL: SHOW COLUMNS FROM `cwzx` [ RunTime:0.0000s ]
SQL: SELECT * FROM `cwzx` WHERE ( id=11 ) LIMIT 1   [ RunTime:0.0000s ]
INFO: [ app_end ] --START--
INFO: Run Behavior\ShowPageTraceBehavior [ RunTime:0.000000s ]
INFO: [ app_end ] --END-- [ RunTime:0.000000s ]

[ 2016-10-11T16:42:49+08:00 ] 127.0.0.1 /index.php/Home/Index/indexVue?searchKey=undefined
INFO: [ app_init ] --START--
INFO: Run Behavior\BuildLiteBehavior [ RunTime:0.000000s ]
INFO: [ app_init ] --END-- [ RunTime:0.001000s ]
INFO: [ app_begin ] --START--
INFO: Run Behavior\ReadHtmlCacheBehavior [ RunTime:0.001000s ]
INFO: [ app_begin ] --END-- [ RunTime:0.001000s ]
SQL: SHOW COLUMNS FROM `big_ad_pic` [ RunTime:0.0030s ]
SQL: SELECT * FROM `big_ad_pic` LIMIT 0,15   [ RunTime:0.0000s ]
SQL: SHOW COLUMNS FROM `kxzb` [ RunTime:0.0040s ]
SQL: SELECT * FROM `kxzb` ORDER BY id desc LIMIT 0,15   [ RunTime:0.0000s ]
SQL: SHOW COLUMNS FROM `xpzs` [ RunTime:0.0030s ]
SQL: SELECT * FROM `xpzs` ORDER BY id desc LIMIT 0,15   [ RunTime:0.0000s ]
SQL: SHOW COLUMNS FROM `syxh` [ RunTime:0.0040s ]
SQL: SELECT * FROM `syxh` ORDER BY id desc LIMIT 0,15   [ RunTime:0.0000s ]
SQL: SHOW COLUMNS FROM `cwzx` [ RunTime:0.0030s ]
SQL: SELECT * FROM `cwzx` ORDER BY id desc LIMIT 0,15   [ RunTime:0.0010s ]
INFO: [ app_end ] --START--
INFO: Run Behavior\ShowPageTraceBehavior [ RunTime:0.001000s ]
INFO: [ app_end ] --END-- [ RunTime:0.001000s ]

